<?xml version="1.0" encoding="UTF-8"?>
<testsuite xmlns:xsi="http://www.w3.org/2001/XMLSchema-instance" xsi:noNamespaceSchemaLocation="https://maven.apache.org/surefire/maven-surefire-plugin/xsd/surefire-test-report-3.0.xsd" version="3.0" name="com.example.RapidEYE360.RapidEye360UnitTests" time="1.253" tests="19" errors="0" skipped="0" failures="0">
  <properties>
[...]
</properties>
  <testcase name="GetProdByProcDateTest" classname="com.example.RapidEYE360.RapidEye360UnitTests" time="0.065">
    <system-out><![CDATA[[DEBUG] Neither @ContextConfiguration nor @ContextHierarchy found for test class [RapidEye360UnitTests]: using SpringBootContextLoader
[DEBUG] Could not detect default resource locations for test class [com.example.RapidEYE360.RapidEye360UnitTests]: no resource found for suffixes {-context.xml, Context.groovy}.
[INFO] Could not detect default configuration classes for test class [com.example.RapidEYE360.RapidEye360UnitTests]: RapidEye360UnitTests does not declare any static, non-private, non-final, nested classes annotated with @Configuration.
[DEBUG] Using ContextCustomizerFactory implementations for test class [RapidEye360UnitTests]: [ImportsContextCustomizerFactory, ExcludeFilterContextCustomizerFactory, HttpGraphQlTesterContextCustomizerFactory, DuplicateJsonObjectContextCustomizerFactory, MockitoContextCustomizerFactory, TestRestTemplateContextCustomizerFactory, WebTestClientContextCustomizerFactory, OverrideAutoConfigurationContextCustomizerFactory, ObservabilityContextCustomizerFactory, TypeExcludeFiltersContextCustomizerFactory, PropertyMappingContextCustomizerFactory, WebDriverContextCustomizerFactory, MockServerContainerContextCustomizerFactory, DynamicPropertiesContextCustomizerFactory]
[DEBUG] Using ContextCustomizers for test class [RapidEye360UnitTests]: [ImportsContextCustomizer, ExcludeFilterContextCustomizer, DuplicateJsonObjectContextCustomizer, MockitoContextCustomizer, TestRestTemplateContextCustomizer, DisableObservabilityContextCustomizer, PropertyMappingContextCustomizer, WebDriverContextCustomizer]
[INFO] Found @SpringBootConfiguration com.example.RapidEYE360.RapidEye360Application for test class com.example.RapidEYE360.RapidEye360UnitTests
[DEBUG] Skipping candidate TestExecutionListener [org.springframework.test.context.observation.MicrometerObservationRegistryTestExecutionListener] due to a missing dependency. Specify custom TestExecutionListener classes or make the default TestExecutionListener classes and their required dependencies available. Offending class: io.micrometer.context.ThreadLocalAccessor. MicrometerObservationRegistryTestExecutionListener requires io.micrometer:micrometer-observation:1.10.8 or higher and io.micrometer:context-propagation:1.0.3 or higher.
[DEBUG] Using TestExecutionListeners for test class [RapidEye360UnitTests]: [ServletTestExecutionListener, DirtiesContextBeforeModesTestExecutionListener, ApplicationEventsTestExecutionListener, MockitoTestExecutionListener, DependencyInjectionTestExecutionListener, DirtiesContextTestExecutionListener, TransactionalTestExecutionListener, SqlScriptsTestExecutionListener, EventPublishingTestExecutionListener, ResetMocksTestExecutionListener, RestDocsTestExecutionListener, MockRestServiceServerResetTestExecutionListener, MockMvcPrintOnlyOnFailureTestExecutionListener, WebDriverTestExecutionListener, MockWebServiceServerTestExecutionListener]
[DEBUG] Before test class: class [RapidEye360UnitTests], class annotated with @DirtiesContext [false] with mode [null]
[DEBUG] Activating profiles []

  .   ____          _            __ _ _
 /\\ / ___'_ __ _ _(_)_ __  __ _ \ \ \ \
( ( )\___ | '_ | '_| | '_ \/ _` | \ \ \ \
 \\/  ___)| |_)| | | | | || (_| |  ) ) ) )
  '  |____| .__|_| |_|_| |_\__, | / / / /
 =========|_|==============|___/=/_/_/_/
 :: Spring Boot ::                (v3.2.1)

[INFO] Starting RapidEye360UnitTests using Java 21.0.2 with PID 34028 (started by giris in C:\Users\giris\Downloads\03AprilECE651\backend\re360)
[DEBUG] Running with Spring Boot v3.2.1, Spring v6.1.2
[INFO] No active profile set, falling back to 1 default profile: "default"
[DEBUG] Loading source class com.example.RapidEYE360.RapidEye360Application
[DEBUG] Refreshing org.springframework.web.context.support.GenericWebApplicationContext@64864875
[DEBUG] Creating shared instance of singleton bean 'org.springframework.context.annotation.internalConfigurationAnnotationProcessor'
[DEBUG] Creating shared instance of singleton bean 'org.springframework.boot.autoconfigure.internalCachingMetadataReaderFactory'
[DEBUG] Identified candidate component class: file [C:\Users\giris\Downloads\03AprilECE651\backend\re360\target\classes\com\example\RapidEYE360\config\CustomAccessDeniedHandler.class]
[DEBUG] Identified candidate component class: file [C:\Users\giris\Downloads\03AprilECE651\backend\re360\target\classes\com\example\RapidEYE360\config\SecurityConfig.class]
[DEBUG] Identified candidate component class: file [C:\Users\giris\Downloads\03AprilECE651\backend\re360\target\classes\com\example\RapidEYE360\controllers\AuthenticationController.class]
[DEBUG] Identified candidate component class: file [C:\Users\giris\Downloads\03AprilECE651\backend\re360\target\classes\com\example\RapidEYE360\controllers\ClerkDiscountController.class]
[DEBUG] Identified candidate component class: file [C:\Users\giris\Downloads\03AprilECE651\backend\re360\target\classes\com\example\RapidEYE360\controllers\ClerkExpiryController.class]
[DEBUG] Identified candidate component class: file [C:\Users\giris\Downloads\03AprilECE651\backend\re360\target\classes\com\example\RapidEYE360\controllers\DiscountController.class]
[DEBUG] Identified candidate component class: file [C:\Users\giris\Downloads\03AprilECE651\backend\re360\target\classes\com\example\RapidEYE360\controllers\EmailController.class]
[DEBUG] Identified candidate component class: file [C:\Users\giris\Downloads\03AprilECE651\backend\re360\target\classes\com\example\RapidEYE360\controllers\ExpiryController.class]
[DEBUG] Identified candidate component class: file [C:\Users\giris\Downloads\03AprilECE651\backend\re360\target\classes\com\example\RapidEYE360\controllers\ProductController.class]
[DEBUG] Identified candidate component class: file [C:\Users\giris\Downloads\03AprilECE651\backend\re360\target\classes\com\example\RapidEYE360\controllers\SupplierController.class]
[DEBUG] Identified candidate component class: file [C:\Users\giris\Downloads\03AprilECE651\backend\re360\target\classes\com\example\RapidEYE360\filter\JwtAuthenticationFilter.class]
[DEBUG] Identified candidate component class: file [C:\Users\giris\Downloads\03AprilECE651\backend\re360\target\classes\com\example\RapidEYE360\services\AuthenticationService.class]
[DEBUG] Identified candidate component class: file [C:\Users\giris\Downloads\03AprilECE651\backend\re360\target\classes\com\example\RapidEYE360\services\ClerkDetailsServiceImp.class]
[DEBUG] Identified candidate component class: file [C:\Users\giris\Downloads\03AprilECE651\backend\re360\target\classes\com\example\RapidEYE360\services\ClerkDiscountService.class]
[DEBUG] Identified candidate component class: file [C:\Users\giris\Downloads\03AprilECE651\backend\re360\target\classes\com\example\RapidEYE360\services\ClerkExpiryService.class]
[DEBUG] Identified candidate component class: file [C:\Users\giris\Downloads\03AprilECE651\backend\re360\target\classes\com\example\RapidEYE360\services\DateSync.class]
[DEBUG] Identified candidate component class: file [C:\Users\giris\Downloads\03AprilECE651\backend\re360\target\classes\com\example\RapidEYE360\services\DiscountService.class]
[DEBUG] Identified candidate component class: file [C:\Users\giris\Downloads\03AprilECE651\backend\re360\target\classes\com\example\RapidEYE360\services\ExpiryService.class]
[DEBUG] Identified candidate component class: file [C:\Users\giris\Downloads\03AprilECE651\backend\re360\target\classes\com\example\RapidEYE360\services\JwtService.class]
[DEBUG] Identified candidate component class: file [C:\Users\giris\Downloads\03AprilECE651\backend\re360\target\classes\com\example\RapidEYE360\services\ProductService.class]
[DEBUG] Identified candidate component class: file [C:\Users\giris\Downloads\03AprilECE651\backend\re360\target\classes\com\example\RapidEYE360\services\SupplierService.class]
[INFO] Bootstrapping Spring Data Reactive MongoDB repositories in DEFAULT mode.
[DEBUG] Creating shared instance of singleton bean 'org.springframework.boot.autoconfigure.AutoConfigurationPackages'
[DEBUG] @EnableAutoConfiguration was declared on a class in the package 'com.example.RapidEYE360'. Automatic @Repository and @Entity scanning is enabled.
[DEBUG] Scanning for Reactive MongoDB repositories in packages com.example.RapidEYE360.
[DEBUG] Identified candidate component class: file [C:\Users\giris\Downloads\03AprilECE651\backend\re360\target\classes\com\example\RapidEYE360\repositories\ClerkDiscountRepository.class]
[DEBUG] Identified candidate component class: file [C:\Users\giris\Downloads\03AprilECE651\backend\re360\target\classes\com\example\RapidEYE360\repositories\ClerkExpiryRepository.class]
[DEBUG] Identified candidate component class: file [C:\Users\giris\Downloads\03AprilECE651\backend\re360\target\classes\com\example\RapidEYE360\repositories\ClerkRepository.class]
[DEBUG] Identified candidate component class: file [C:\Users\giris\Downloads\03AprilECE651\backend\re360\target\classes\com\example\RapidEYE360\repositories\DiscountRepository.class]
[DEBUG] Identified candidate component class: file [C:\Users\giris\Downloads\03AprilECE651\backend\re360\target\classes\com\example\RapidEYE360\repositories\ExpiryRepository.class]
[DEBUG] Identified candidate component class: file [C:\Users\giris\Downloads\03AprilECE651\backend\re360\target\classes\com\example\RapidEYE360\repositories\ProductRepository.class]
[DEBUG] Identified candidate component class: file [C:\Users\giris\Downloads\03AprilECE651\backend\re360\target\classes\com\example\RapidEYE360\repositories\SupplierRepository.class]
[INFO] Finished Spring Data repository scanning in 5 ms. Found 0 Reactive MongoDB repository interfaces.
[INFO] Bootstrapping Spring Data MongoDB repositories in DEFAULT mode.
[DEBUG] Scanning for MongoDB repositories in packages com.example.RapidEYE360.
[DEBUG] Identified candidate component class: file [C:\Users\giris\Downloads\03AprilECE651\backend\re360\target\classes\com\example\RapidEYE360\repositories\ClerkDiscountRepository.class]
[DEBUG] Identified candidate component class: file [C:\Users\giris\Downloads\03AprilECE651\backend\re360\target\classes\com\example\RapidEYE360\repositories\ClerkExpiryRepository.class]
[DEBUG] Identified candidate component class: file [C:\Users\giris\Downloads\03AprilECE651\backend\re360\target\classes\com\example\RapidEYE360\repositories\ClerkRepository.class]
[DEBUG] Identified candidate component class: file [C:\Users\giris\Downloads\03AprilECE651\backend\re360\target\classes\com\example\RapidEYE360\repositories\DiscountRepository.class]
[DEBUG] Identified candidate component class: file [C:\Users\giris\Downloads\03AprilECE651\backend\re360\target\classes\com\example\RapidEYE360\repositories\ExpiryRepository.class]
[DEBUG] Identified candidate component class: file [C:\Users\giris\Downloads\03AprilECE651\backend\re360\target\classes\com\example\RapidEYE360\repositories\ProductRepository.class]
[DEBUG] Identified candidate component class: file [C:\Users\giris\Downloads\03AprilECE651\backend\re360\target\classes\com\example\RapidEYE360\repositories\SupplierRepository.class]
[INFO] Finished Spring Data repository scanning in 7 ms. Found 7 MongoDB repository interfaces.
[DEBUG] Creating shared instance of singleton bean 'org.springframework.boot.test.context.ImportsContextCustomizer$ImportsCleanupPostProcessor'
[DEBUG] Creating shared instance of singleton bean 'springSecurityHandlerMappingIntrospectorBeanDefinitionRegistryPostProcessor'
[DEBUG] Creating shared instance of singleton bean 'propertySourcesPlaceholderConfigurer'
[DEBUG] Creating shared instance of singleton bean 'org.springframework.boot.test.mock.mockito.MockitoPostProcessor'
[DEBUG] Creating shared instance of singleton bean 'org.springframework.boot.sql.init.dependency.DatabaseInitializationDependencyConfigurer$DependsOnDatabaseInitializationPostProcessor'
[DEBUG] Creating shared instance of singleton bean 'org.springframework.context.event.internalEventListenerProcessor'
[DEBUG] Creating shared instance of singleton bean 'conversionServicePostProcessor'
[DEBUG] Creating shared instance of singleton bean 'preserveErrorControllerTargetClassPostProcessor'
[DEBUG] Creating shared instance of singleton bean 'forceAutoProxyCreatorToUseClassProxying'
[DEBUG] Creating shared instance of singleton bean 'org.springframework.context.event.internalEventListenerFactory'
[DEBUG] Creating shared instance of singleton bean 'org.springframework.context.annotation.internalAutowiredAnnotationProcessor'
[DEBUG] Creating shared instance of singleton bean 'org.springframework.context.annotation.internalCommonAnnotationProcessor'
[DEBUG] Creating shared instance of singleton bean 'org.springframework.boot.test.mock.mockito.MockitoPostProcessor$SpyPostProcessor'
[DEBUG] Creating shared instance of singleton bean 'org.springframework.boot.context.properties.ConfigurationPropertiesBindingPostProcessor'
[DEBUG] Creating shared instance of singleton bean 'org.springframework.boot.context.internalConfigurationPropertiesBinder'
[DEBUG] Creating shared instance of singleton bean 'org.springframework.context.annotation.internalScheduledAnnotationProcessor'
[DEBUG] Creating shared instance of singleton bean 'org.springframework.scheduling.annotation.SchedulingConfiguration'
[DEBUG] Creating shared instance of singleton bean 'persistenceExceptionTranslationPostProcessor'
[DEBUG] Autowiring by type from bean name 'persistenceExceptionTranslationPostProcessor' via factory method to bean named 'environment'
[DEBUG] Creating shared instance of singleton bean 'org.springframework.aop.config.internalAutoProxyCreator'
[DEBUG] Creating shared instance of singleton bean 'webServerFactoryCustomizerBeanPostProcessor'
[DEBUG] Creating shared instance of singleton bean 'errorPageRegistrarBeanPostProcessor'
[DEBUG] Creating shared instance of singleton bean 'projectingArgumentResolverBeanPostProcessor'
[DEBUG] Unable to locate ThemeSource with name 'themeSource': using default [org.springframework.ui.context.support.ResourceBundleThemeSource@62b8dd6a]
[DEBUG] Creating shared instance of singleton bean 'rapidEye360Application'
[DEBUG] Creating shared instance of singleton bean 'customAccessDeniedHandler'
[DEBUG] Creating shared instance of singleton bean 'securityConfig'
[DEBUG] Creating shared instance of singleton bean 'clerkDetailsServiceImp'
[DEBUG] Creating shared instance of singleton bean 'clerkRepository'
[DEBUG] Creating shared instance of singleton bean 'mongo.named-queries#1'
[DEBUG] Creating shared instance of singleton bean 'mongodb.ClerkRepository.fragments#0'
[DEBUG] Creating shared instance of singleton bean 'mongoTemplate'
[DEBUG] Creating shared instance of singleton bean 'org.springframework.boot.autoconfigure.data.mongo.MongoDatabaseFactoryDependentConfiguration'
[DEBUG] Creating shared instance of singleton bean 'mongoDatabaseFactory'
[DEBUG] Creating shared instance of singleton bean 'org.springframework.boot.autoconfigure.data.mongo.MongoDatabaseFactoryConfiguration'
[DEBUG] Creating shared instance of singleton bean 'mongo'
[DEBUG] Creating shared instance of singleton bean 'org.springframework.boot.autoconfigure.mongo.MongoAutoConfiguration'
[DEBUG] Creating shared instance of singleton bean 'mongoClientSettings'
[DEBUG] Creating shared instance of singleton bean 'org.springframework.boot.autoconfigure.mongo.MongoAutoConfiguration$MongoClientSettingsConfiguration'
[DEBUG] Autowiring by type from bean name 'mongo' via factory method to bean named 'mongoClientSettings'
[DEBUG] Creating shared instance of singleton bean 'standardMongoSettingsCustomizer'
[DEBUG] Creating shared instance of singleton bean 'spring.data.mongodb-org.springframework.boot.autoconfigure.mongo.MongoProperties'
[DEBUG] Creating shared instance of singleton bean 'org.springframework.boot.context.properties.BoundConfigurationProperties'
[DEBUG] Creating shared instance of singleton bean 'mongoConnectionDetails'
[DEBUG] Autowiring by type from bean name 'mongoConnectionDetails' via factory method to bean named 'spring.data.mongodb-org.springframework.boot.autoconfigure.mongo.MongoProperties'
[DEBUG] Autowiring by type from bean name 'standardMongoSettingsCustomizer' via factory method to bean named 'spring.data.mongodb-org.springframework.boot.autoconfigure.mongo.MongoProperties'
[DEBUG] Autowiring by type from bean name 'standardMongoSettingsCustomizer' via factory method to bean named 'mongoConnectionDetails'
[DEBUG] Creating shared instance of singleton bean 'sslBundleRegistry'
[DEBUG] Creating shared instance of singleton bean 'org.springframework.boot.autoconfigure.ssl.SslAutoConfiguration'
[DEBUG] Creating shared instance of singleton bean 'spring.ssl-org.springframework.boot.autoconfigure.ssl.SslProperties'
[DEBUG] Autowiring by type from bean name 'org.springframework.boot.autoconfigure.ssl.SslAutoConfiguration' via constructor to bean named 'spring.ssl-org.springframework.boot.autoconfigure.ssl.SslProperties'
[DEBUG] Creating shared instance of singleton bean 'sslPropertiesSslBundleRegistrar'
[DEBUG] Creating shared instance of singleton bean 'fileWatcher'
[DEBUG] Autowiring by type from bean name 'sslPropertiesSslBundleRegistrar' via factory method to bean named 'fileWatcher'
[INFO] MongoClient with metadata {"driver": {"name": "mongo-java-driver|sync|spring-boot", "version": "4.11.1"}, "os": {"type": "Windows", "name": "Windows 11", "architecture": "amd64", "version": "10.0"}, "platform": "Java/Oracle Corporation/21.0.2+13-58"} created with settings MongoClientSettings{readPreference=primary, writeConcern=WriteConcern{w=majority, wTimeout=null ms, journal=null}, retryWrites=true, retryReads=true, readConcern=ReadConcern{level=null}, credential=MongoCredential{mechanism=null, userName='rapideye6', source='admin', password=<hidden>, mechanismProperties=<hidden>}, transportSettings=null, streamFactoryFactory=null, commandListeners=[], codecRegistry=ProvidersCodecRegistry{codecProviders=[ValueCodecProvider{}, BsonValueCodecProvider{}, DBRefCodecProvider{}, DBObjectCodecProvider{}, DocumentCodecProvider{}, CollectionCodecProvider{}, IterableCodecProvider{}, MapCodecProvider{}, GeoJsonCodecProvider{}, GridFSFileCodecProvider{}, Jsr310CodecProvider{}, JsonObjectCodecProvider{}, BsonCodecProvider{}, EnumCodecProvider{}, com.mongodb.client.model.mql.ExpressionCodecProvider@519b0f00, com.mongodb.Jep395RecordCodecProvider@4888d1ea, com.mongodb.KotlinCodecProvider@217b0952]}, loggerSettings=LoggerSettings{maxDocumentLength=1000}, clusterSettings={hosts=[127.0.0.1:27017], srvHost=rapideye360.hwak4ul.mongodb.net, srvServiceName=mongodb, mode=MULTIPLE, requiredClusterType=REPLICA_SET, requiredReplicaSetName='atlas-uuawkl-shard-0', serverSelector='null', clusterListeners='[]', serverSelectionTimeout='30000 ms', localThreshold='15 ms'}, socketSettings=SocketSettings{connectTimeoutMS=10000, readTimeoutMS=0, receiveBufferSize=0, proxySettings=ProxySettings{host=null, port=null, username=null, password=null}}, heartbeatSocketSettings=SocketSettings{connectTimeoutMS=10000, readTimeoutMS=10000, receiveBufferSize=0, proxySettings=ProxySettings{host=null, port=null, username=null, password=null}}, connectionPoolSettings=ConnectionPoolSettings{maxSize=100, minSize=0, maxWaitTimeMS=120000, maxConnectionLifeTimeMS=0, maxConnectionIdleTimeMS=0, maintenanceInitialDelayMS=0, maintenanceFrequencyMS=60000, connectionPoolListeners=[], maxConnecting=2}, serverSettings=ServerSettings{heartbeatFrequencyMS=10000, minHeartbeatFrequencyMS=500, serverListeners='[]', serverMonitorListeners='[]'}, sslSettings=SslSettings{enabled=true, invalidHostNameAllowed=false, context=null}, applicationName='null', compressorList=[], uuidRepresentation=JAVA_LEGACY, serverApi=null, autoEncryptionSettings=null, dnsClient=null, inetAddressResolver=null, contextProvider=null}
[DEBUG] Autowiring by type from bean name 'mongoDatabaseFactory' via factory method to bean named 'mongo'
[DEBUG] Autowiring by type from bean name 'mongoDatabaseFactory' via factory method to bean named 'spring.data.mongodb-org.springframework.boot.autoconfigure.mongo.MongoProperties'
[DEBUG] Autowiring by type from bean name 'mongoDatabaseFactory' via factory method to bean named 'mongoConnectionDetails'
[DEBUG] Creating shared instance of singleton bean 'mappingMongoConverter'
[DEBUG] Creating shared instance of singleton bean 'mongoMappingContext'
[DEBUG] Creating shared instance of singleton bean 'org.springframework.boot.autoconfigure.data.mongo.MongoDataConfiguration'
[DEBUG] Creating shared instance of singleton bean 'mongoCustomConversions'
[DEBUG] Adding converter from class java.lang.Character to class java.lang.String as writing converter
[DEBUG] Adding converter from class java.util.Locale to class java.lang.String as writing converter
[DEBUG] Adding converter from class java.math.BigDecimal to class java.lang.String as writing converter
[DEBUG] Adding converter from class java.math.BigDecimal to class org.bson.types.Decimal128 as writing converter
[DEBUG] Adding converter from class java.lang.String to class java.math.BigDecimal as reading converter
[DEBUG] Adding converter from class org.bson.types.Decimal128 to class java.math.BigDecimal as reading converter
[DEBUG] Adding converter from class java.math.BigInteger to class java.lang.String as writing converter
[DEBUG] Adding converter from class java.lang.String to class java.math.BigInteger as reading converter
[DEBUG] Adding converter from class java.net.URL to class java.lang.String as writing converter
[DEBUG] Adding converter from class java.lang.String to class java.net.URL as reading converter
[DEBUG] Adding converter from class org.bson.Document to class java.lang.String as reading converter
[DEBUG] Adding converter from class org.springframework.data.mongodb.core.query.Term to class java.lang.String as writing converter
[DEBUG] Adding converter from class org.springframework.data.mongodb.core.script.NamedMongoScript to class org.bson.Document as writing converter
[DEBUG] Adding converter from class org.bson.Document to class org.springframework.data.mongodb.core.script.NamedMongoScript as reading converter
[DEBUG] Adding converter from class java.util.Currency to class java.lang.String as writing converter
[DEBUG] Adding converter from class java.lang.String to class java.util.Currency as reading converter
[DEBUG] Adding converter from class java.util.concurrent.atomic.AtomicInteger to class java.lang.Integer as writing converter
[DEBUG] Adding converter from class java.util.concurrent.atomic.AtomicLong to class java.lang.Long as writing converter
[DEBUG] Adding converter from class java.lang.Long to class java.util.concurrent.atomic.AtomicLong as reading converter
[DEBUG] Adding converter from class java.lang.Integer to class java.util.concurrent.atomic.AtomicInteger as reading converter
[DEBUG] Adding converter from class org.bson.types.Binary to class [B as reading converter
[DEBUG] Adding converter from class org.bson.BsonTimestamp to class java.time.Instant as reading converter
[DEBUG] Adding converter from class org.bson.BsonUndefined to class java.lang.Object as reading converter
[DEBUG] Adding converter from class java.lang.String to class java.net.URI as reading converter
[DEBUG] Adding converter from class java.net.URI to class java.lang.String as writing converter
[DEBUG] Adding converter from class org.springframework.data.geo.Box to class org.bson.Document as writing converter
[DEBUG] Adding converter from class org.springframework.data.geo.Polygon to class org.bson.Document as writing converter
[DEBUG] Adding converter from class org.springframework.data.geo.Circle to class org.bson.Document as writing converter
[DEBUG] Adding converter from class org.springframework.data.mongodb.core.geo.Sphere to class org.bson.Document as writing converter
[DEBUG] Adding converter from class org.bson.Document to class org.springframework.data.geo.Box as reading converter
[DEBUG] Adding converter from class org.bson.Document to class org.springframework.data.geo.Polygon as reading converter
[DEBUG] Adding converter from class org.bson.Document to class org.springframework.data.geo.Circle as reading converter
[DEBUG] Adding converter from class org.bson.Document to class org.springframework.data.mongodb.core.geo.Sphere as reading converter
[DEBUG] Adding converter from class org.bson.Document to class org.springframework.data.geo.Point as reading converter
[DEBUG] Adding converter from class org.springframework.data.geo.Point to class org.bson.Document as writing converter
[DEBUG] Adding converter from class org.springframework.data.mongodb.core.query.GeoCommand to class org.bson.Document as writing converter
[DEBUG] Adding converter from interface org.springframework.data.mongodb.core.geo.GeoJson to class org.bson.Document as writing converter
[DEBUG] Adding converter from class org.springframework.data.mongodb.core.geo.GeoJsonPoint to class org.bson.Document as writing converter
[DEBUG] Adding converter from class org.springframework.data.mongodb.core.geo.GeoJsonPolygon to class org.bson.Document as writing converter
[DEBUG] Adding converter from class org.bson.Document to class org.springframework.data.mongodb.core.geo.GeoJsonPoint as reading converter
[DEBUG] Adding converter from class org.bson.Document to class org.springframework.data.mongodb.core.geo.GeoJsonPolygon as reading converter
[DEBUG] Adding converter from class org.bson.Document to class org.springframework.data.mongodb.core.geo.GeoJsonLineString as reading converter
[DEBUG] Adding converter from class org.bson.Document to class org.springframework.data.mongodb.core.geo.GeoJsonMultiLineString as reading converter
[DEBUG] Adding converter from class org.bson.Document to class org.springframework.data.mongodb.core.geo.GeoJsonMultiPoint as reading converter
[DEBUG] Adding converter from class org.bson.Document to class org.springframework.data.mongodb.core.geo.GeoJsonMultiPolygon as reading converter
[DEBUG] Adding converter from class org.bson.Document to class org.springframework.data.mongodb.core.geo.GeoJsonGeometryCollection as reading converter
[DEBUG] Adding converter from class org.bson.Document to interface org.springframework.data.mongodb.core.geo.GeoJson as reading converter
[DEBUG] Adding converter from class java.util.Date to class java.time.LocalDateTime as reading converter
[DEBUG] Adding converter from class java.time.LocalDateTime to class java.util.Date as writing converter
[DEBUG] Adding converter from class java.util.Date to class java.time.LocalDate as reading converter
[DEBUG] Adding converter from class java.time.LocalDate to class java.util.Date as writing converter
[DEBUG] Adding converter from class java.util.Date to class java.time.LocalTime as reading converter
[DEBUG] Adding converter from class java.time.LocalTime to class java.util.Date as writing converter
[DEBUG] Adding converter from class java.util.Date to class java.time.Instant as reading converter
[DEBUG] Adding converter from class java.time.Instant to class java.util.Date as writing converter
[DEBUG] Skipping converter from class java.time.LocalDateTime to class java.time.Instant as reading converter class java.time.LocalDateTime is not a store supported simple type
[DEBUG] Skipping converter from class java.time.Instant to class java.time.LocalDateTime as reading converter class java.time.Instant is not a store supported simple type
[DEBUG] Adding converter from class java.time.ZoneId to class java.lang.String as writing converter
[DEBUG] Adding converter from class java.lang.String to class java.time.ZoneId as reading converter
[DEBUG] Adding converter from class java.time.Duration to class java.lang.String as writing converter
[DEBUG] Adding converter from class java.lang.String to class java.time.Duration as reading converter
[DEBUG] Adding converter from class java.time.Period to class java.lang.String as writing converter
[DEBUG] Adding converter from class java.lang.String to class java.time.Period as reading converter
[DEBUG] Adding converter from class java.lang.String to class java.time.LocalDate as reading converter
[DEBUG] Adding converter from class java.lang.String to class java.time.LocalDateTime as reading converter
[DEBUG] Adding converter from class java.lang.String to class java.time.Instant as reading converter
[DEBUG] Creating shared instance of singleton bean 'mongoManagedTypes'
[DEBUG] Autowiring by type from bean name 'mongoManagedTypes' via factory method to bean named 'org.springframework.web.context.support.GenericWebApplicationContext@64864875'
[DEBUG] Identified candidate component class: file [C:\Users\giris\Downloads\03AprilECE651\backend\re360\target\classes\com\example\RapidEYE360\models\Clerk.class]
[DEBUG] Identified candidate component class: file [C:\Users\giris\Downloads\03AprilECE651\backend\re360\target\classes\com\example\RapidEYE360\models\ClerkDiscount.class]
[DEBUG] Identified candidate component class: file [C:\Users\giris\Downloads\03AprilECE651\backend\re360\target\classes\com\example\RapidEYE360\models\ClerkExpiry.class]
[DEBUG] Identified candidate component class: file [C:\Users\giris\Downloads\03AprilECE651\backend\re360\target\classes\com\example\RapidEYE360\models\Discount.class]
[DEBUG] Identified candidate component class: file [C:\Users\giris\Downloads\03AprilECE651\backend\re360\target\classes\com\example\RapidEYE360\models\Expiry.class]
[DEBUG] Identified candidate component class: file [C:\Users\giris\Downloads\03AprilECE651\backend\re360\target\classes\com\example\RapidEYE360\models\ProductDescription.class]
[DEBUG] Identified candidate component class: file [C:\Users\giris\Downloads\03AprilECE651\backend\re360\target\classes\com\example\RapidEYE360\models\Supplier.class]
[DEBUG] Autowiring by type from bean name 'mongoMappingContext' via factory method to bean named 'spring.data.mongodb-org.springframework.boot.autoconfigure.mongo.MongoProperties'
[DEBUG] Autowiring by type from bean name 'mongoMappingContext' via factory method to bean named 'mongoCustomConversions'
[DEBUG] Autowiring by type from bean name 'mongoMappingContext' via factory method to bean named 'mongoManagedTypes'
[DEBUG] Creating shared instance of singleton bean 'delegatingApplicationListener'
[DEBUG] Autowiring by type from bean name 'mappingMongoConverter' via factory method to bean named 'mongoDatabaseFactory'
[DEBUG] Autowiring by type from bean name 'mappingMongoConverter' via factory method to bean named 'mongoMappingContext'
[DEBUG] Autowiring by type from bean name 'mappingMongoConverter' via factory method to bean named 'mongoCustomConversions'
[DEBUG] Adding converter from class java.lang.Character to class java.lang.String as writing converter
[DEBUG] Adding converter from class java.util.Locale to class java.lang.String as writing converter
[DEBUG] Adding converter from class java.math.BigDecimal to class java.lang.String as writing converter
[DEBUG] Adding converter from class java.math.BigDecimal to class org.bson.types.Decimal128 as writing converter
[DEBUG] Adding converter from class java.lang.String to class java.math.BigDecimal as reading converter
[DEBUG] Adding converter from class org.bson.types.Decimal128 to class java.math.BigDecimal as reading converter
[DEBUG] Adding converter from class java.math.BigInteger to class java.lang.String as writing converter
[DEBUG] Adding converter from class java.lang.String to class java.math.BigInteger as reading converter
[DEBUG] Adding converter from class java.net.URL to class java.lang.String as writing converter
[DEBUG] Adding converter from class java.lang.String to class java.net.URL as reading converter
[DEBUG] Adding converter from class org.bson.Document to class java.lang.String as reading converter
[DEBUG] Adding converter from class org.springframework.data.mongodb.core.query.Term to class java.lang.String as writing converter
[DEBUG] Adding converter from class org.springframework.data.mongodb.core.script.NamedMongoScript to class org.bson.Document as writing converter
[DEBUG] Adding converter from class org.bson.Document to class org.springframework.data.mongodb.core.script.NamedMongoScript as reading converter
[DEBUG] Adding converter from class java.util.Currency to class java.lang.String as writing converter
[DEBUG] Adding converter from class java.lang.String to class java.util.Currency as reading converter
[DEBUG] Adding converter from class java.util.concurrent.atomic.AtomicInteger to class java.lang.Integer as writing converter
[DEBUG] Adding converter from class java.util.concurrent.atomic.AtomicLong to class java.lang.Long as writing converter
[DEBUG] Adding converter from class java.lang.Long to class java.util.concurrent.atomic.AtomicLong as reading converter
[DEBUG] Adding converter from class java.lang.Integer to class java.util.concurrent.atomic.AtomicInteger as reading converter
[DEBUG] Adding converter from class org.bson.types.Binary to class [B as reading converter
[DEBUG] Adding converter from class org.bson.BsonTimestamp to class java.time.Instant as reading converter
[DEBUG] Adding converter from class org.bson.BsonUndefined to class java.lang.Object as reading converter
[DEBUG] Adding converter from class java.lang.String to class java.net.URI as reading converter
[DEBUG] Adding converter from class java.net.URI to class java.lang.String as writing converter
[DEBUG] Adding converter from class org.springframework.data.geo.Box to class org.bson.Document as writing converter
[DEBUG] Adding converter from class org.springframework.data.geo.Polygon to class org.bson.Document as writing converter
[DEBUG] Adding converter from class org.springframework.data.geo.Circle to class org.bson.Document as writing converter
[DEBUG] Adding converter from class org.springframework.data.mongodb.core.geo.Sphere to class org.bson.Document as writing converter
[DEBUG] Adding converter from class org.bson.Document to class org.springframework.data.geo.Box as reading converter
[DEBUG] Adding converter from class org.bson.Document to class org.springframework.data.geo.Polygon as reading converter
[DEBUG] Adding converter from class org.bson.Document to class org.springframework.data.geo.Circle as reading converter
[DEBUG] Adding converter from class org.bson.Document to class org.springframework.data.mongodb.core.geo.Sphere as reading converter
[DEBUG] Adding converter from class org.bson.Document to class org.springframework.data.geo.Point as reading converter
[DEBUG] Adding converter from class org.springframework.data.geo.Point to class org.bson.Document as writing converter
[DEBUG] Adding converter from class org.springframework.data.mongodb.core.query.GeoCommand to class org.bson.Document as writing converter
[DEBUG] Adding converter from interface org.springframework.data.mongodb.core.geo.GeoJson to class org.bson.Document as writing converter
[DEBUG] Adding converter from class org.springframework.data.mongodb.core.geo.GeoJsonPoint to class org.bson.Document as writing converter
[DEBUG] Adding converter from class org.springframework.data.mongodb.core.geo.GeoJsonPolygon to class org.bson.Document as writing converter
[DEBUG] Adding converter from class org.bson.Document to class org.springframework.data.mongodb.core.geo.GeoJsonPoint as reading converter
[DEBUG] Adding converter from class org.bson.Document to class org.springframework.data.mongodb.core.geo.GeoJsonPolygon as reading converter
[DEBUG] Adding converter from class org.bson.Document to class org.springframework.data.mongodb.core.geo.GeoJsonLineString as reading converter
[DEBUG] Adding converter from class org.bson.Document to class org.springframework.data.mongodb.core.geo.GeoJsonMultiLineString as reading converter
[DEBUG] Adding converter from class org.bson.Document to class org.springframework.data.mongodb.core.geo.GeoJsonMultiPoint as reading converter
[DEBUG] Adding converter from class org.bson.Document to class org.springframework.data.mongodb.core.geo.GeoJsonMultiPolygon as reading converter
[DEBUG] Adding converter from class org.bson.Document to class org.springframework.data.mongodb.core.geo.GeoJsonGeometryCollection as reading converter
[DEBUG] Adding converter from class org.bson.Document to interface org.springframework.data.mongodb.core.geo.GeoJson as reading converter
[DEBUG] Adding converter from class java.util.Date to class java.time.LocalDateTime as reading converter
[DEBUG] Adding converter from class java.time.LocalDateTime to class java.util.Date as writing converter
[DEBUG] Adding converter from class java.util.Date to class java.time.LocalDate as reading converter
[DEBUG] Adding converter from class java.time.LocalDate to class java.util.Date as writing converter
[DEBUG] Adding converter from class java.util.Date to class java.time.LocalTime as reading converter
[DEBUG] Adding converter from class java.time.LocalTime to class java.util.Date as writing converter
[DEBUG] Adding converter from class java.util.Date to class java.time.Instant as reading converter
[DEBUG] Adding converter from class java.time.Instant to class java.util.Date as writing converter
[DEBUG] Skipping converter from class java.time.LocalDateTime to class java.time.Instant as reading converter class java.time.LocalDateTime is not a store supported simple type
[DEBUG] Skipping converter from class java.time.Instant to class java.time.LocalDateTime as reading converter class java.time.Instant is not a store supported simple type
[DEBUG] Adding converter from class java.time.ZoneId to class java.lang.String as writing converter
[DEBUG] Adding converter from class java.lang.String to class java.time.ZoneId as reading converter
[DEBUG] Adding converter from class java.time.Duration to class java.lang.String as writing converter
[DEBUG] Adding converter from class java.lang.String to class java.time.Duration as reading converter
[DEBUG] Adding converter from class java.time.Period to class java.lang.String as writing converter
[DEBUG] Adding converter from class java.lang.String to class java.time.Period as reading converter
[DEBUG] Adding converter from class java.lang.String to class java.time.LocalDate as reading converter
[DEBUG] Adding converter from class java.lang.String to class java.time.LocalDateTime as reading converter
[DEBUG] Adding converter from class java.lang.String to class java.time.Instant as reading converter
[DEBUG] Autowiring by type from bean name 'mongoTemplate' via factory method to bean named 'mongoDatabaseFactory'
[DEBUG] Autowiring by type from bean name 'mongoTemplate' via factory method to bean named 'mappingMongoConverter'
[DEBUG] Initializing repository instance for com.example.RapidEYE360.repositories.ClerkRepository…
[DEBUG] Finished creation of repository instance for com.example.RapidEYE360.repositories.ClerkRepository.
[DEBUG] Autowiring by type from bean name 'clerkDetailsServiceImp' via constructor to bean named 'clerkRepository'
[DEBUG] Creating shared instance of singleton bean 'jwtAuthenticationFilter'
[DEBUG] Creating shared instance of singleton bean 'jwtService'
[DEBUG] Autowiring by type from bean name 'jwtAuthenticationFilter' via constructor to bean named 'jwtService'
[DEBUG] Autowiring by type from bean name 'jwtAuthenticationFilter' via constructor to bean named 'clerkDetailsServiceImp'
[DEBUG] Autowiring by type from bean name 'securityConfig' via constructor to bean named 'clerkDetailsServiceImp'
[DEBUG] Autowiring by type from bean name 'securityConfig' via constructor to bean named 'jwtAuthenticationFilter'
[DEBUG] Autowiring by type from bean name 'securityConfig' via constructor to bean named 'customAccessDeniedHandler'
[DEBUG] Creating shared instance of singleton bean 'authenticationController'
[DEBUG] Creating shared instance of singleton bean 'authenticationService'
[DEBUG] Creating shared instance of singleton bean 'passwordEncoder'
[INFO] Adding discovered server ac-zihlkns-shard-00-02.hwak4ul.mongodb.net:27017 to client view of cluster
[DEBUG] Creating shared instance of singleton bean 'authenticationManager'
[DEBUG] Creating shared instance of singleton bean 'org.springframework.security.config.annotation.authentication.configuration.AuthenticationConfiguration'
[DEBUG] Connection pool created for ac-zihlkns-shard-00-02.hwak4ul.mongodb.net:27017 using options maxIdleTimeMS=0, minPoolSize=0, maxPoolSize=100, maxConnecting=2, waitQueueTimeoutMS=120000
[INFO] Adding discovered server ac-zihlkns-shard-00-01.hwak4ul.mongodb.net:27017 to client view of cluster
[DEBUG] Connection pool created for ac-zihlkns-shard-00-01.hwak4ul.mongodb.net:27017 using options maxIdleTimeMS=0, minPoolSize=0, maxPoolSize=100, maxConnecting=2, waitQueueTimeoutMS=120000
[DEBUG] Creating shared instance of singleton bean 'enableGlobalAuthenticationAutowiredConfigurer'
[DEBUG] Autowiring by type from bean name 'enableGlobalAuthenticationAutowiredConfigurer' via factory method to bean named 'org.springframework.web.context.support.GenericWebApplicationContext@64864875'
[INFO] Adding discovered server ac-zihlkns-shard-00-00.hwak4ul.mongodb.net:27017 to client view of cluster
[DEBUG] Connection pool created for ac-zihlkns-shard-00-00.hwak4ul.mongodb.net:27017 using options maxIdleTimeMS=0, minPoolSize=0, maxPoolSize=100, maxConnecting=2, waitQueueTimeoutMS=120000
[DEBUG] Creating shared instance of singleton bean 'initializeUserDetailsBeanManagerConfigurer'
[DEBUG] Autowiring by type from bean name 'initializeUserDetailsBeanManagerConfigurer' via factory method to bean named 'org.springframework.web.context.support.GenericWebApplicationContext@64864875'
[DEBUG] Creating shared instance of singleton bean 'initializeAuthenticationProviderBeanManagerConfigurer'
[DEBUG] Autowiring by type from bean name 'initializeAuthenticationProviderBeanManagerConfigurer' via factory method to bean named 'org.springframework.web.context.support.GenericWebApplicationContext@64864875'
[DEBUG] Updating cluster description to  {type=REPLICA_SET, servers=[{address=ac-zihlkns-shard-00-00.hwak4ul.mongodb.net:27017, type=UNKNOWN, state=CONNECTING}, {address=ac-zihlkns-shard-00-02.hwak4ul.mongodb.net:27017, type=UNKNOWN, state=CONNECTING}, {address=ac-zihlkns-shard-00-01.hwak4ul.mongodb.net:27017, type=UNKNOWN, state=CONNECTING}]
[DEBUG] Creating shared instance of singleton bean 'objectPostProcessor'
[DEBUG] Creating shared instance of singleton bean 'org.springframework.security.config.annotation.configuration.ObjectPostProcessorConfiguration'
[DEBUG] Autowiring by type from bean name 'objectPostProcessor' via factory method to bean named 'org.springframework.beans.factory.support.DefaultListableBeanFactory@361d169a'
[DEBUG] Autowiring by type from bean name 'authenticationManager' via factory method to bean named 'org.springframework.security.config.annotation.authentication.configuration.AuthenticationConfiguration'
[DEBUG] Creating shared instance of singleton bean 'authenticationManagerBuilder'
[DEBUG] Autowiring by type from bean name 'authenticationManagerBuilder' via factory method to bean named 'objectPostProcessor'
[DEBUG] Autowiring by type from bean name 'authenticationManagerBuilder' via factory method to bean named 'org.springframework.web.context.support.GenericWebApplicationContext@64864875'
[DEBUG] Creating shared instance of singleton bean 'authenticationEventPublisher'
[DEBUG] Creating shared instance of singleton bean 'org.springframework.boot.autoconfigure.security.servlet.SecurityAutoConfiguration'
[DEBUG] Autowiring by type from bean name 'authenticationEventPublisher' via factory method to bean named 'org.springframework.web.context.support.GenericWebApplicationContext@64864875'
[DEBUG] Autowiring by type from bean name 'authenticationService' via constructor to bean named 'clerkRepository'
[DEBUG] Autowiring by type from bean name 'authenticationService' via constructor to bean named 'passwordEncoder'
[DEBUG] Autowiring by type from bean name 'authenticationService' via constructor to bean named 'jwtService'
[DEBUG] Autowiring by type from bean name 'authenticationService' via constructor to bean named 'authenticationManager'
[DEBUG] Autowiring by type from bean name 'authenticationController' via constructor to bean named 'authenticationService'
[DEBUG] Creating shared instance of singleton bean 'clerkDiscountController'
[DEBUG] Creating shared instance of singleton bean 'clerkDiscountRepository'
[DEBUG] Creating shared instance of singleton bean 'mongo.named-queries#6'
[DEBUG] Creating shared instance of singleton bean 'mongodb.ClerkDiscountRepository.fragments#0'
[DEBUG] Initializing repository instance for com.example.RapidEYE360.repositories.ClerkDiscountRepository…
[DEBUG] Finished creation of repository instance for com.example.RapidEYE360.repositories.ClerkDiscountRepository.
[DEBUG] Creating shared instance of singleton bean 'clerkDiscountService'
[DEBUG] Creating shared instance of singleton bean 'clerkExpiryController'
[DEBUG] Creating shared instance of singleton bean 'clerkExpiryRepository'
[DEBUG] Creating shared instance of singleton bean 'mongo.named-queries#3'
[DEBUG] Creating shared instance of singleton bean 'mongodb.ClerkExpiryRepository.fragments#0'
[DEBUG] Initializing repository instance for com.example.RapidEYE360.repositories.ClerkExpiryRepository…
[DEBUG] Finished creation of repository instance for com.example.RapidEYE360.repositories.ClerkExpiryRepository.
[DEBUG] Creating shared instance of singleton bean 'clerkExpiryService'
[DEBUG] Creating shared instance of singleton bean 'discountController'
[DEBUG] Creating shared instance of singleton bean 'discountService'
[DEBUG] Creating shared instance of singleton bean 'discountRepository'
[DEBUG] Creating shared instance of singleton bean 'mongo.named-queries#4'
[DEBUG] Creating shared instance of singleton bean 'mongodb.DiscountRepository.fragments#0'
[DEBUG] Initializing repository instance for com.example.RapidEYE360.repositories.DiscountRepository…
[DEBUG] Finished creation of repository instance for com.example.RapidEYE360.repositories.DiscountRepository.
[DEBUG] Creating shared instance of singleton bean 'emailController'
[DEBUG] Creating shared instance of singleton bean 'expiryController'
[DEBUG] Creating shared instance of singleton bean 'expiryService'
[DEBUG] Creating shared instance of singleton bean 'expiryRepository'
[DEBUG] Creating shared instance of singleton bean 'mongo.named-queries#5'
[DEBUG] Creating shared instance of singleton bean 'mongodb.ExpiryRepository.fragments#0'
[DEBUG] Initializing repository instance for com.example.RapidEYE360.repositories.ExpiryRepository…
[DEBUG] Finished creation of repository instance for com.example.RapidEYE360.repositories.ExpiryRepository.
[DEBUG] Creating shared instance of singleton bean 'productController'
[DEBUG] Creating shared instance of singleton bean 'productService'
[DEBUG] Creating shared instance of singleton bean 'productRepository'
[DEBUG] Creating shared instance of singleton bean 'mongo.named-queries#2'
[DEBUG] Creating shared instance of singleton bean 'mongodb.ProductRepository.fragments#0'
[DEBUG] Initializing repository instance for com.example.RapidEYE360.repositories.ProductRepository…
[DEBUG] Finished creation of repository instance for com.example.RapidEYE360.repositories.ProductRepository.
[DEBUG] Creating shared instance of singleton bean 'supplierController'
[DEBUG] Creating shared instance of singleton bean 'supplierService'
[DEBUG] Creating shared instance of singleton bean 'supplierRepository'
[DEBUG] Creating shared instance of singleton bean 'mongo.named-queries#0'
[DEBUG] Creating shared instance of singleton bean 'mongodb.SupplierRepository.fragments#0'
[DEBUG] Initializing repository instance for com.example.RapidEYE360.repositories.SupplierRepository…
[DEBUG] Finished creation of repository instance for com.example.RapidEYE360.repositories.SupplierRepository.
[DEBUG] Creating shared instance of singleton bean 'dateSync'
[DEBUG] Autowiring by type from bean name 'dateSync' via constructor to bean named 'mongoTemplate'
[DEBUG] Creating shared instance of singleton bean 'org.springframework.security.config.annotation.web.configuration.WebSecurityConfiguration'
[DEBUG] Creating shared instance of singleton bean 'org.springframework.security.config.annotation.web.configuration.HttpSecurityConfiguration'
[DEBUG] Creating shared instance of singleton bean 'mvcContentNegotiationManager'
[DEBUG] Creating shared instance of singleton bean 'org.springframework.boot.autoconfigure.web.servlet.WebMvcAutoConfiguration$EnableWebMvcConfiguration'
[DEBUG] Creating shared instance of singleton bean 'spring.mvc-org.springframework.boot.autoconfigure.web.servlet.WebMvcProperties'
[DEBUG] Creating shared instance of singleton bean 'spring.web-org.springframework.boot.autoconfigure.web.WebProperties'
[DEBUG] Autowiring by type from bean name 'org.springframework.boot.autoconfigure.web.servlet.WebMvcAutoConfiguration$EnableWebMvcConfiguration' via constructor to bean named 'spring.mvc-org.springframework.boot.autoconfigure.web.servlet.WebMvcProperties'
[DEBUG] Autowiring by type from bean name 'org.springframework.boot.autoconfigure.web.servlet.WebMvcAutoConfiguration$EnableWebMvcConfiguration' via constructor to bean named 'spring.web-org.springframework.boot.autoconfigure.web.WebProperties'
[DEBUG] Autowiring by type from bean name 'org.springframework.boot.autoconfigure.web.servlet.WebMvcAutoConfiguration$EnableWebMvcConfiguration' via constructor to bean named 'org.springframework.beans.factory.support.DefaultListableBeanFactory@361d169a'
[DEBUG] Creating shared instance of singleton bean 'org.springframework.security.config.annotation.web.configuration.WebMvcSecurityConfiguration'
[DEBUG] Creating shared instance of singleton bean 'org.springframework.boot.autoconfigure.web.servlet.WebMvcAutoConfiguration$WebMvcAutoConfigurationAdapter'
[DEBUG] Autowiring by type from bean name 'org.springframework.boot.autoconfigure.web.servlet.WebMvcAutoConfiguration$WebMvcAutoConfigurationAdapter' via constructor to bean named 'spring.web-org.springframework.boot.autoconfigure.web.WebProperties'
[DEBUG] Autowiring by type from bean name 'org.springframework.boot.autoconfigure.web.servlet.WebMvcAutoConfiguration$WebMvcAutoConfigurationAdapter' via constructor to bean named 'spring.mvc-org.springframework.boot.autoconfigure.web.servlet.WebMvcProperties'
[DEBUG] Autowiring by type from bean name 'org.springframework.boot.autoconfigure.web.servlet.WebMvcAutoConfiguration$WebMvcAutoConfigurationAdapter' via constructor to bean named 'org.springframework.beans.factory.support.DefaultListableBeanFactory@361d169a'
[DEBUG] Creating shared instance of singleton bean 'org.springframework.data.web.config.SpringDataWebConfiguration'
[DEBUG] Autowiring by type from bean name 'org.springframework.data.web.config.SpringDataWebConfiguration' via constructor to bean named 'org.springframework.web.context.support.GenericWebApplicationContext@64864875'
[DEBUG] Creating shared instance of singleton bean 'mvcHandlerMappingIntrospectorRequestTransformer'
[DEBUG] Creating shared instance of singleton bean 'mvcHandlerMappingIntrospector'
[DEBUG] Creating shared instance of singleton bean 'welcomePageHandlerMapping'
[DEBUG] Creating shared instance of singleton bean 'mvcConversionService'
[DEBUG] Creating shared instance of singleton bean 'mvcResourceUrlProvider'
[DEBUG] Autowiring by type from bean name 'welcomePageHandlerMapping' via factory method to bean named 'org.springframework.web.context.support.GenericWebApplicationContext@64864875'
[DEBUG] Autowiring by type from bean name 'welcomePageHandlerMapping' via factory method to bean named 'mvcConversionService'
[DEBUG] Autowiring by type from bean name 'welcomePageHandlerMapping' via factory method to bean named 'mvcResourceUrlProvider'
[DEBUG] Creating shared instance of singleton bean 'welcomePageNotAcceptableHandlerMapping'
[DEBUG] Autowiring by type from bean name 'welcomePageNotAcceptableHandlerMapping' via factory method to bean named 'org.springframework.web.context.support.GenericWebApplicationContext@64864875'
[DEBUG] Autowiring by type from bean name 'welcomePageNotAcceptableHandlerMapping' via factory method to bean named 'mvcConversionService'
[DEBUG] Autowiring by type from bean name 'welcomePageNotAcceptableHandlerMapping' via factory method to bean named 'mvcResourceUrlProvider'
[DEBUG] Creating shared instance of singleton bean 'requestMappingHandlerMapping'
[DEBUG] Autowiring by type from bean name 'requestMappingHandlerMapping' via factory method to bean named 'mvcContentNegotiationManager'
[DEBUG] Autowiring by type from bean name 'requestMappingHandlerMapping' via factory method to bean named 'mvcConversionService'
[DEBUG] Autowiring by type from bean name 'requestMappingHandlerMapping' via factory method to bean named 'mvcResourceUrlProvider'
[DEBUG] 
	c.e.R.c.AuthenticationController:
	{POST [/register]}: register(Clerk)
	{POST [/login]}: login(Clerk)
[DEBUG] 
	c.e.R.c.ClerkDiscountController:
	{POST [/clerkDiscount/saveDiscount]}: addingClerkDIscountSingle(ClerkDiscount)
	{POST [/clerkDiscount/saveDiscounts]}: addingClerkDIscount(List)
	{GET [/clerkDiscount/listAll]}: findingAllDiscountProductsClerk()
[DEBUG] 
	c.e.R.c.ClerkExpiryController:
	{POST [/clerkExpiry/saveExpiry]}: addingClerkExpirySingle(ClerkExpiry)
	{POST [/clerkExpiry/saveExpiries]}: addingClerkExpiry(List)
	{GET [/clerkExpiry/listAll]}: findingAllExpiredProductsClerk()
[DEBUG] 
	c.e.R.c.DiscountController:
	{GET [/discount/listAll]}: findingAllDiscounts()
	{POST [/discount/create]}: addingDiscount(Discount)
	{GET [/discount/UPCID/{UPCID}]}: findingDiscountWithUPCID(Long)
	{PUT [/discount/{UPCID}]}: updateDiscountPrice(Long,Discount)
	{PUT [/discount/statusUpdate/updateDiscount]}: updateDiscountStatus(Discount)
	{DELETE [/discount/remove/{id}]}: deleteDiscountByIDAndAisleNumber(Long)
[DEBUG] 
	c.e.R.c.EmailController:
	{POST [/send-emails]}: sendEmails(String)
[DEBUG] 
	c.e.R.c.ExpiryController:
	{POST [/expiry/create]}: addingExpiry(Expiry)
	{GET [/expiry/listAll]}: findingAllExpiredProducts()
	{GET [/expiry/expirydate]}: findingExpiryWithDate(Date)
	{GET [/expiry/UPCID/{UPCID}]}: findingExpirywithUPCID(Long)
	{PUT [/expiry/{UPCID}]}: updateDiscountPrice(Long,Expiry)
	{DELETE [/expiry/remove/{id}]}: deleteExpiryByIDAndAisleNumber(long)
	{PUT [/expiry/statusUpdate/updateExpiry]}: updateExpiryStatus(Expiry)
[DEBUG] 
	c.e.R.c.ProductController:
	{PUT [/products/{UPCID}]}: updateProductPrice(Long,ProductDescription)
	{GET [/products/UPCID/{upcID}]}: getProductByUPCID(Long)
	{GET [/products/Brand/{brand}]}: getProductByBrand(String)
	{GET [/products/Category/{category}]}: getProductByCategory(String)
	{GET [/products/procurementDate]}: findingProductWithProcurementDate(Date)
	{DELETE [/products/remove/{id}/{rackNo}]}: deleteProductByIDAndAisleNumber(long,String)
	{GET [/products/expiryDate]}: findingProductWithExpiryDate(Date)
	{POST [/products/create]}: createProduct(ProductDescription)
	{GET [/products/all]}: getProducts()
	{GET [/products/productsOnDiscount]}: getProductsWithDifferenceExactly30Days()
	{GET [/products/productsAboutToExpire]}: getProductsWithDifferenceExactly7Days()
[DEBUG] 
	c.e.R.c.SupplierController:
	{GET [/supplier/brandName/{brandName}]}: gettingSuppliersWithBrandName(String)
	{POST [/supplier/create]}: addingBrand(Supplier)
	{GET [/supplier/listAll]}: findingAllBrands()
	{PUT [/supplier/{brandName}]}: updateBrandNames(String,Supplier)
	{DELETE [/supplier/remove/{brandName}]}: deleteBrandNameByIDAndAisleNumber(String)
[DEBUG] 
	o.s.b.a.w.s.e.BasicErrorController:
	{ [/error]}: error(HttpServletRequest)
	{ [/error], produces [text/html]}: errorHtml(HttpServletRequest,HttpServletResponse)
[DEBUG] 40 mappings in 'requestMappingHandlerMapping'
[DEBUG] Creating shared instance of singleton bean 'viewControllerHandlerMapping'
[DEBUG] Autowiring by type from bean name 'viewControllerHandlerMapping' via factory method to bean named 'mvcConversionService'
[DEBUG] Autowiring by type from bean name 'viewControllerHandlerMapping' via factory method to bean named 'mvcResourceUrlProvider'
[DEBUG] Creating shared instance of singleton bean 'beanNameHandlerMapping'
[DEBUG] Autowiring by type from bean name 'beanNameHandlerMapping' via factory method to bean named 'mvcConversionService'
[DEBUG] Autowiring by type from bean name 'beanNameHandlerMapping' via factory method to bean named 'mvcResourceUrlProvider'
[DEBUG] 'beanNameHandlerMapping' {}
[DEBUG] Creating shared instance of singleton bean 'routerFunctionMapping'
[DEBUG] Autowiring by type from bean name 'routerFunctionMapping' via factory method to bean named 'mvcConversionService'
[DEBUG] Autowiring by type from bean name 'routerFunctionMapping' via factory method to bean named 'mvcResourceUrlProvider'
[DEBUG] Creating shared instance of singleton bean 'messageConverters'
[DEBUG] Creating shared instance of singleton bean 'org.springframework.boot.autoconfigure.http.HttpMessageConvertersAutoConfiguration'
[DEBUG] Creating shared instance of singleton bean 'stringHttpMessageConverter'
[DEBUG] Creating shared instance of singleton bean 'org.springframework.boot.autoconfigure.http.HttpMessageConvertersAutoConfiguration$StringHttpMessageConverterConfiguration'
[DEBUG] Autowiring by type from bean name 'stringHttpMessageConverter' via factory method to bean named 'environment'
[DEBUG] Creating shared instance of singleton bean 'mappingJackson2HttpMessageConverter'
[DEBUG] Creating shared instance of singleton bean 'org.springframework.boot.autoconfigure.http.JacksonHttpMessageConvertersConfiguration$MappingJackson2HttpMessageConverterConfiguration'
[DEBUG] Creating shared instance of singleton bean 'jacksonObjectMapper'
[DEBUG] Creating shared instance of singleton bean 'org.springframework.boot.autoconfigure.jackson.JacksonAutoConfiguration$JacksonObjectMapperConfiguration'
[DEBUG] Creating shared instance of singleton bean 'org.springframework.boot.autoconfigure.jackson.JacksonAutoConfiguration$JacksonObjectMapperBuilderConfiguration'
[DEBUG] Creating shared instance of singleton bean 'standardJacksonObjectMapperBuilderCustomizer'
[DEBUG] Creating shared instance of singleton bean 'org.springframework.boot.autoconfigure.jackson.JacksonAutoConfiguration$Jackson2ObjectMapperBuilderCustomizerConfiguration'
[DEBUG] Creating shared instance of singleton bean 'spring.jackson-org.springframework.boot.autoconfigure.jackson.JacksonProperties'
[DEBUG] Autowiring by type from bean name 'standardJacksonObjectMapperBuilderCustomizer' via factory method to bean named 'spring.jackson-org.springframework.boot.autoconfigure.jackson.JacksonProperties'
[DEBUG] Creating shared instance of singleton bean 'parameterNamesModule'
[DEBUG] Creating shared instance of singleton bean 'org.springframework.boot.autoconfigure.jackson.JacksonAutoConfiguration$ParameterNamesModuleConfiguration'
[DEBUG] Creating shared instance of singleton bean 'jsonMixinModule'
[DEBUG] Creating shared instance of singleton bean 'org.springframework.boot.autoconfigure.jackson.JacksonAutoConfiguration$JacksonMixinConfiguration'
[DEBUG] Creating shared instance of singleton bean 'jsonMixinModuleEntries'
[DEBUG] Autowiring by type from bean name 'jsonMixinModuleEntries' via factory method to bean named 'org.springframework.web.context.support.GenericWebApplicationContext@64864875'
[DEBUG] Autowiring by type from bean name 'jsonMixinModule' via factory method to bean named 'org.springframework.web.context.support.GenericWebApplicationContext@64864875'
[DEBUG] Autowiring by type from bean name 'jsonMixinModule' via factory method to bean named 'jsonMixinModuleEntries'
[DEBUG] Creating shared instance of singleton bean 'jsonComponentModule'
[DEBUG] Creating shared instance of singleton bean 'org.springframework.boot.autoconfigure.jackson.JacksonAutoConfiguration'
[DEBUG] Creating shared instance of singleton bean 'geoJsonModule'
[DEBUG] Creating shared instance of singleton bean 'org.springframework.data.mongodb.config.GeoJsonConfiguration'
[DEBUG] Creating shared instance of singleton bean 'jacksonGeoModule'
[DEBUG] Creating shared instance of singleton bean 'org.springframework.data.web.config.SpringDataJacksonConfiguration'
[DEBUG] Autowiring by type from bean name 'jacksonObjectMapperBuilder' via factory method to bean named 'org.springframework.web.context.support.GenericWebApplicationContext@64864875'
[DEBUG] Autowiring by type from bean name 'jacksonObjectMapperBuilder' via factory method to bean named 'standardJacksonObjectMapperBuilderCustomizer'
[DEBUG] Autowiring by type from bean name 'jacksonObjectMapper' via factory method to bean named 'jacksonObjectMapperBuilder'
[DEBUG] Autowiring by type from bean name 'mappingJackson2HttpMessageConverter' via factory method to bean named 'jacksonObjectMapper'
[DEBUG] Creating shared instance of singleton bean 'resourceHandlerMapping'
[DEBUG] Autowiring by type from bean name 'resourceHandlerMapping' via factory method to bean named 'mvcContentNegotiationManager'
[DEBUG] Autowiring by type from bean name 'resourceHandlerMapping' via factory method to bean named 'mvcConversionService'
[DEBUG] Autowiring by type from bean name 'resourceHandlerMapping' via factory method to bean named 'mvcResourceUrlProvider'
[DEBUG] 'resourceHandlerMapping' {/webjars/**=ResourceHttpRequestHandler [classpath [META-INF/resources/webjars/]], /**=ResourceHttpRequestHandler [classpath [META-INF/resources/], classpath [resources/], classpath [static/], classpath [public/], ServletContext [/]]}
[DEBUG] Creating shared instance of singleton bean 'defaultServletHandlerMapping'
[DEBUG] Creating shared instance of singleton bean 'securityFilterChain'
[DEBUG] Autowiring by type from bean name 'securityFilterChain' via factory method to bean named 'org.springframework.security.config.annotation.web.configuration.HttpSecurityConfiguration.httpSecurity'
[INFO] Will secure any request with [org.springframework.security.web.session.DisableEncodeUrlFilter@21632bf8, org.springframework.security.web.context.request.async.WebAsyncManagerIntegrationFilter@408708a1, org.springframework.security.web.context.SecurityContextHolderFilter@6ad2cb6d, org.springframework.security.web.header.HeaderWriterFilter@7c1adb8a, org.springframework.web.filter.CorsFilter@3f7b15bb, org.springframework.security.web.authentication.logout.LogoutFilter@5dd79a57, com.example.RapidEYE360.filter.JwtAuthenticationFilter@719e8f9f, org.springframework.security.web.savedrequest.RequestCacheAwareFilter@4b6ad2eb, org.springframework.security.web.servletapi.SecurityContextHolderAwareRequestFilter@61868687, org.springframework.security.web.authentication.AnonymousAuthenticationFilter@2dacad1d, org.springframework.security.web.session.SessionManagementFilter@72364a40, org.springframework.security.web.access.ExceptionTranslationFilter@3d339541, org.springframework.security.web.access.intercept.AuthorizationFilter@15d0f2a3]
[DEBUG] Creating shared instance of singleton bean 'springSecurityFilterChain'
[DEBUG] Creating shared instance of singleton bean 'webSecurityExpressionHandler'
[DEBUG] Creating shared instance of singleton bean 'privilegeEvaluator'
[DEBUG] Creating shared instance of singleton bean 'requestDataValueProcessor'
[DEBUG] Creating shared instance of singleton bean 'org.springframework.boot.autoconfigure.context.PropertyPlaceholderAutoConfiguration'
[DEBUG] Creating shared instance of singleton bean 'org.springframework.boot.context.properties.EnableConfigurationPropertiesRegistrar.methodValidationExcludeFilter'
[DEBUG] Creating shared instance of singleton bean 'org.springframework.boot.autoconfigure.websocket.servlet.WebSocketServletAutoConfiguration$TomcatWebSocketConfiguration'
[DEBUG] Creating shared instance of singleton bean 'websocketServletWebServerCustomizer'
[DEBUG] Creating shared instance of singleton bean 'org.springframework.boot.autoconfigure.websocket.servlet.WebSocketServletAutoConfiguration'
[DEBUG] Creating shared instance of singleton bean 'org.springframework.boot.autoconfigure.web.servlet.ServletWebServerFactoryConfiguration$EmbeddedTomcat'
[DEBUG] Creating shared instance of singleton bean 'tomcatServletWebServerFactory'
[DEBUG] Creating shared instance of singleton bean 'servletWebServerFactoryCustomizer'
[DEBUG] Creating shared instance of singleton bean 'org.springframework.boot.autoconfigure.web.servlet.ServletWebServerFactoryAutoConfiguration'
[DEBUG] Creating shared instance of singleton bean 'server-org.springframework.boot.autoconfigure.web.ServerProperties'
[DEBUG] Autowiring by type from bean name 'servletWebServerFactoryCustomizer' via factory method to bean named 'server-org.springframework.boot.autoconfigure.web.ServerProperties'
[DEBUG] Creating shared instance of singleton bean 'tomcatServletWebServerFactoryCustomizer'
[DEBUG] Autowiring by type from bean name 'tomcatServletWebServerFactoryCustomizer' via factory method to bean named 'server-org.springframework.boot.autoconfigure.web.ServerProperties'
[DEBUG] Creating shared instance of singleton bean 'localeCharsetMappingsCustomizer'
[DEBUG] Creating shared instance of singleton bean 'org.springframework.boot.autoconfigure.web.servlet.HttpEncodingAutoConfiguration'
[DEBUG] Autowiring by type from bean name 'org.springframework.boot.autoconfigure.web.servlet.HttpEncodingAutoConfiguration' via constructor to bean named 'server-org.springframework.boot.autoconfigure.web.ServerProperties'
[DEBUG] Creating shared instance of singleton bean 'errorPageCustomizer'
[DEBUG] Creating shared instance of singleton bean 'org.springframework.boot.autoconfigure.web.servlet.error.ErrorMvcAutoConfiguration'
[DEBUG] Autowiring by type from bean name 'org.springframework.boot.autoconfigure.web.servlet.error.ErrorMvcAutoConfiguration' via constructor to bean named 'server-org.springframework.boot.autoconfigure.web.ServerProperties'
[DEBUG] Creating shared instance of singleton bean 'dispatcherServletRegistration'
[DEBUG] Creating shared instance of singleton bean 'org.springframework.boot.autoconfigure.web.servlet.DispatcherServletAutoConfiguration$DispatcherServletRegistrationConfiguration'
[DEBUG] Creating shared instance of singleton bean 'dispatcherServlet'
[DEBUG] Creating shared instance of singleton bean 'org.springframework.boot.autoconfigure.web.servlet.DispatcherServletAutoConfiguration$DispatcherServletConfiguration'
[DEBUG] Autowiring by type from bean name 'dispatcherServlet' via factory method to bean named 'spring.mvc-org.springframework.boot.autoconfigure.web.servlet.WebMvcProperties'
[DEBUG] Autowiring by type from bean name 'dispatcherServletRegistration' via factory method to bean named 'dispatcherServlet'
[DEBUG] Autowiring by type from bean name 'dispatcherServletRegistration' via factory method to bean named 'spring.mvc-org.springframework.boot.autoconfigure.web.servlet.WebMvcProperties'
[DEBUG] Creating shared instance of singleton bean 'multipartConfigElement'
[DEBUG] Creating shared instance of singleton bean 'org.springframework.boot.autoconfigure.web.servlet.MultipartAutoConfiguration'
[DEBUG] Creating shared instance of singleton bean 'spring.servlet.multipart-org.springframework.boot.autoconfigure.web.servlet.MultipartProperties'
[DEBUG] Autowiring by type from bean name 'org.springframework.boot.autoconfigure.web.servlet.MultipartAutoConfiguration' via constructor to bean named 'spring.servlet.multipart-org.springframework.boot.autoconfigure.web.servlet.MultipartProperties'
[DEBUG] Autowiring by type from bean name 'errorPageCustomizer' via factory method to bean named 'dispatcherServletRegistration'
[DEBUG] Creating shared instance of singleton bean 'org.springframework.boot.autoconfigure.web.servlet.DispatcherServletAutoConfiguration'
[DEBUG] Creating shared instance of singleton bean 'org.springframework.boot.autoconfigure.task.TaskExecutorConfigurations$ThreadPoolTaskExecutorBuilderConfiguration'
[DEBUG] Creating shared instance of singleton bean 'threadPoolTaskExecutorBuilder'
[DEBUG] Creating shared instance of singleton bean 'spring.task.execution-org.springframework.boot.autoconfigure.task.TaskExecutionProperties'
[DEBUG] Autowiring by type from bean name 'threadPoolTaskExecutorBuilder' via factory method to bean named 'spring.task.execution-org.springframework.boot.autoconfigure.task.TaskExecutionProperties'
[DEBUG] Creating shared instance of singleton bean 'org.springframework.boot.autoconfigure.task.TaskExecutorConfigurations$TaskExecutorBuilderConfiguration'
[DEBUG] Creating shared instance of singleton bean 'taskExecutorBuilder'
[DEBUG] Autowiring by type from bean name 'taskExecutorBuilder' via factory method to bean named 'spring.task.execution-org.springframework.boot.autoconfigure.task.TaskExecutionProperties'
[DEBUG] Creating shared instance of singleton bean 'org.springframework.boot.autoconfigure.task.TaskExecutorConfigurations$SimpleAsyncTaskExecutorBuilderConfiguration'
[DEBUG] Autowiring by type from bean name 'org.springframework.boot.autoconfigure.task.TaskExecutorConfigurations$SimpleAsyncTaskExecutorBuilderConfiguration' via constructor to bean named 'spring.task.execution-org.springframework.boot.autoconfigure.task.TaskExecutionProperties'
[DEBUG] Creating shared instance of singleton bean 'simpleAsyncTaskExecutorBuilder'
[DEBUG] Creating shared instance of singleton bean 'org.springframework.boot.autoconfigure.task.TaskExecutorConfigurations$TaskExecutorConfiguration'
[DEBUG] Creating shared instance of singleton bean 'org.springframework.boot.autoconfigure.task.TaskExecutionAutoConfiguration'
[DEBUG] Creating shared instance of singleton bean 'org.springframework.boot.autoconfigure.web.servlet.error.ErrorMvcAutoConfiguration$WhitelabelErrorViewConfiguration'
[DEBUG] Creating shared instance of singleton bean 'error'
[DEBUG] Creating shared instance of singleton bean 'beanNameViewResolver'
[DEBUG] Creating shared instance of singleton bean 'org.springframework.boot.autoconfigure.web.servlet.error.ErrorMvcAutoConfiguration$DefaultErrorViewResolverConfiguration'
[DEBUG] Autowiring by type from bean name 'org.springframework.boot.autoconfigure.web.servlet.error.ErrorMvcAutoConfiguration$DefaultErrorViewResolverConfiguration' via constructor to bean named 'org.springframework.web.context.support.GenericWebApplicationContext@64864875'
[DEBUG] Autowiring by type from bean name 'org.springframework.boot.autoconfigure.web.servlet.error.ErrorMvcAutoConfiguration$DefaultErrorViewResolverConfiguration' via constructor to bean named 'spring.web-org.springframework.boot.autoconfigure.web.WebProperties'
[DEBUG] Creating shared instance of singleton bean 'conventionErrorViewResolver'
[DEBUG] Creating shared instance of singleton bean 'errorAttributes'
[DEBUG] Creating shared instance of singleton bean 'basicErrorController'
[DEBUG] Autowiring by type from bean name 'basicErrorController' via factory method to bean named 'errorAttributes'
[DEBUG] Creating shared instance of singleton bean 'localeResolver'
[DEBUG] Creating shared instance of singleton bean 'themeResolver'
[DEBUG] Creating shared instance of singleton bean 'flashMapManager'
[DEBUG] Creating shared instance of singleton bean 'mvcValidator'
[DEBUG] Creating shared instance of singleton bean 'mvcPatternParser'
[DEBUG] Creating shared instance of singleton bean 'mvcUrlPathHelper'
[DEBUG] Creating shared instance of singleton bean 'mvcPathMatcher'
[DEBUG] Creating shared instance of singleton bean 'requestMappingHandlerAdapter'
[DEBUG] Autowiring by type from bean name 'requestMappingHandlerAdapter' via factory method to bean named 'mvcContentNegotiationManager'
[DEBUG] Autowiring by type from bean name 'requestMappingHandlerAdapter' via factory method to bean named 'mvcConversionService'
[DEBUG] Autowiring by type from bean name 'requestMappingHandlerAdapter' via factory method to bean named 'mvcValidator'
[DEBUG] Creating shared instance of singleton bean 'sortResolver'
[DEBUG] Creating shared instance of singleton bean 'sortCustomizer'
[DEBUG] Creating shared instance of singleton bean 'org.springframework.boot.autoconfigure.data.web.SpringDataWebAutoConfiguration'
[DEBUG] Creating shared instance of singleton bean 'spring.data.web-org.springframework.boot.autoconfigure.data.web.SpringDataWebProperties'
[DEBUG] Autowiring by type from bean name 'org.springframework.boot.autoconfigure.data.web.SpringDataWebAutoConfiguration' via constructor to bean named 'spring.data.web-org.springframework.boot.autoconfigure.data.web.SpringDataWebProperties'
[DEBUG] Creating shared instance of singleton bean 'pageableResolver'
[DEBUG] Creating shared instance of singleton bean 'pageableCustomizer'
[DEBUG] Creating shared instance of singleton bean 'applicationTaskExecutor'
[DEBUG] Autowiring by type from bean name 'applicationTaskExecutor' via factory method to bean named 'taskExecutorBuilder'
[DEBUG] Initializing ExecutorService 'applicationTaskExecutor'
[DEBUG] ControllerAdvice beans: 0 @ModelAttribute, 0 @InitBinder, 1 RequestBodyAdvice, 1 ResponseBodyAdvice
[DEBUG] Creating shared instance of singleton bean 'handlerFunctionAdapter'
[DEBUG] Creating shared instance of singleton bean 'mvcUriComponentsContributor'
[DEBUG] Autowiring by type from bean name 'mvcUriComponentsContributor' via factory method to bean named 'mvcConversionService'
[DEBUG] Autowiring by type from bean name 'mvcUriComponentsContributor' via factory method to bean named 'requestMappingHandlerAdapter'
[DEBUG] Creating shared instance of singleton bean 'httpRequestHandlerAdapter'
[DEBUG] Creating shared instance of singleton bean 'simpleControllerHandlerAdapter'
[DEBUG] Creating shared instance of singleton bean 'handlerExceptionResolver'
[DEBUG] Autowiring by type from bean name 'handlerExceptionResolver' via factory method to bean named 'mvcContentNegotiationManager'
[DEBUG] ControllerAdvice beans: 0 @ExceptionHandler, 1 ResponseBodyAdvice
[DEBUG] Creating shared instance of singleton bean 'mvcViewResolver'
[DEBUG] Autowiring by type from bean name 'mvcViewResolver' via factory method to bean named 'mvcContentNegotiationManager'
[DEBUG] Creating shared instance of singleton bean 'viewNameTranslator'
[DEBUG] Creating shared instance of singleton bean 'defaultViewResolver'
[DEBUG] Creating shared instance of singleton bean 'viewResolver'
[DEBUG] Autowiring by type from bean name 'viewResolver' via factory method to bean named 'org.springframework.beans.factory.support.DefaultListableBeanFactory@361d169a'
[DEBUG] Creating shared instance of singleton bean 'viewResolver'
[DEBUG] Creating shared instance of singleton bean 'requestContextFilter'
[DEBUG] Creating shared instance of singleton bean 'org.springframework.boot.autoconfigure.web.servlet.WebMvcAutoConfiguration'
[DEBUG] Creating shared instance of singleton bean 'formContentFilter'
[DEBUG] Creating shared instance of singleton bean 'org.springframework.boot.autoconfigure.aop.AopAutoConfiguration$ClassProxyingConfiguration'
[DEBUG] Creating shared instance of singleton bean 'org.springframework.boot.autoconfigure.aop.AopAutoConfiguration'
[DEBUG] Creating shared instance of singleton bean 'org.springframework.boot.autoconfigure.availability.ApplicationAvailabilityAutoConfiguration'
[DEBUG] Creating shared instance of singleton bean 'applicationAvailability'
[DEBUG] Creating shared instance of singleton bean 'org.springframework.boot.autoconfigure.transaction.TransactionManagerCustomizationAutoConfiguration'
[DEBUG] Creating shared instance of singleton bean 'platformTransactionManagerCustomizers'
[DEBUG] Creating shared instance of singleton bean 'transactionExecutionListeners'
[DEBUG] Creating shared instance of singleton bean 'spring.transaction-org.springframework.boot.autoconfigure.transaction.TransactionProperties'
[DEBUG] Creating shared instance of singleton bean 'org.springframework.boot.autoconfigure.context.ConfigurationPropertiesAutoConfiguration'
[DEBUG] Creating shared instance of singleton bean 'org.springframework.boot.autoconfigure.context.LifecycleAutoConfiguration'
[DEBUG] Creating shared instance of singleton bean 'lifecycleProcessor'
[DEBUG] Creating shared instance of singleton bean 'spring.lifecycle-org.springframework.boot.autoconfigure.context.LifecycleProperties'
[DEBUG] Autowiring by type from bean name 'lifecycleProcessor' via factory method to bean named 'spring.lifecycle-org.springframework.boot.autoconfigure.context.LifecycleProperties'
[DEBUG] Creating shared instance of singleton bean 'org.springframework.boot.autoconfigure.dao.PersistenceExceptionTranslationAutoConfiguration'
[DEBUG] Creating shared instance of singleton bean 'gridFsTemplate'
[DEBUG] Autowiring by type from bean name 'gridFsTemplate' via factory method to bean named 'spring.data.mongodb-org.springframework.boot.autoconfigure.mongo.MongoProperties'
[DEBUG] Autowiring by type from bean name 'gridFsTemplate' via factory method to bean named 'mongoDatabaseFactory'
[DEBUG] Autowiring by type from bean name 'gridFsTemplate' via factory method to bean named 'mongoTemplate'
[DEBUG] Autowiring by type from bean name 'gridFsTemplate' via factory method to bean named 'mongoConnectionDetails'
[DEBUG] Creating shared instance of singleton bean 'org.springframework.boot.autoconfigure.data.mongo.MongoDataAutoConfiguration'
[DEBUG] Creating shared instance of singleton bean 'org.springframework.boot.autoconfigure.mongo.MongoReactiveAutoConfiguration'
[DEBUG] Creating shared instance of singleton bean 'reactiveStreamsMongoClient'
[DEBUG] Autowiring by type from bean name 'reactiveStreamsMongoClient' via factory method to bean named 'mongoClientSettings'
[...]
[DEBUG] Spring test ApplicationContext cache statistics: [DefaultContextCache@6b04689e size = 2, maxSize = 32, parentContextCount = 0, hitCount = 427, missCount = 2, failureCount = 0]
[DEBUG] Spring test ApplicationContext cache statistics: [DefaultContextCache@6b04689e size = 2, maxSize = 32, parentContextCount = 0, hitCount = 428, missCount = 2, failureCount = 0]
[DEBUG] After test method: class [RapidEye360UnitTests], method [GetProductTest], class annotated with @DirtiesContext [false] with mode [null], method annotated with @DirtiesContext [false] with mode [null]
[DEBUG] Resetting RequestContextHolder for test class com.example.RapidEYE360.RapidEye360UnitTests
]]></system-out>
  </testcase>
  <testcase name="createDiscountsTest" classname="com.example.RapidEYE360.RapidEye360UnitTests" time="0.005">
    <system-out><![CDATA[[DEBUG] Spring test ApplicationContext cache statistics: [DefaultContextCache@6b04689e size = 2, maxSize = 32, parentContextCount = 0, hitCount = 429, missCount = 2, failureCount = 0]
[DEBUG] Setting up MockHttpServletRequest, MockHttpServletResponse, ServletWebRequest, and RequestContextHolder for test class com.example.RapidEYE360.RapidEye360UnitTests
[DEBUG] Performing dependency injection for test class com.example.RapidEYE360.RapidEye360UnitTests
[DEBUG] Spring test ApplicationContext cache statistics: [DefaultContextCache@6b04689e size = 2, maxSize = 32, parentContextCount = 0, hitCount = 430, missCount = 2, failureCount = 0]
[DEBUG] Spring test ApplicationContext cache statistics: [DefaultContextCache@6b04689e size = 2, maxSize = 32, parentContextCount = 0, hitCount = 431, missCount = 2, failureCount = 0]
[DEBUG] Before test method: class [RapidEye360UnitTests], method [createDiscountsTest], class annotated with @DirtiesContext [false] with mode [null], method annotated with @DirtiesContext [false] with mode [null]
[DEBUG] Spring test ApplicationContext cache statistics: [DefaultContextCache@6b04689e size = 2, maxSize = 32, parentContextCount = 0, hitCount = 432, missCount = 2, failureCount = 0]
[DEBUG] Spring test ApplicationContext cache statistics: [DefaultContextCache@6b04689e size = 2, maxSize = 32, parentContextCount = 0, hitCount = 433, missCount = 2, failureCount = 0]
[DEBUG] Spring test ApplicationContext cache statistics: [DefaultContextCache@6b04689e size = 2, maxSize = 32, parentContextCount = 0, hitCount = 434, missCount = 2, failureCount = 0]
[DEBUG] Spring test ApplicationContext cache statistics: [DefaultContextCache@6b04689e size = 2, maxSize = 32, parentContextCount = 0, hitCount = 435, missCount = 2, failureCount = 0]
[DEBUG] Spring test ApplicationContext cache statistics: [DefaultContextCache@6b04689e size = 2, maxSize = 32, parentContextCount = 0, hitCount = 436, missCount = 2, failureCount = 0]
[DEBUG] Spring test ApplicationContext cache statistics: [DefaultContextCache@6b04689e size = 2, maxSize = 32, parentContextCount = 0, hitCount = 437, missCount = 2, failureCount = 0]
[DEBUG] Spring test ApplicationContext cache statistics: [DefaultContextCache@6b04689e size = 2, maxSize = 32, parentContextCount = 0, hitCount = 438, missCount = 2, failureCount = 0]
[DEBUG] Spring test ApplicationContext cache statistics: [DefaultContextCache@6b04689e size = 2, maxSize = 32, parentContextCount = 0, hitCount = 439, missCount = 2, failureCount = 0]
[DEBUG] Spring test ApplicationContext cache statistics: [DefaultContextCache@6b04689e size = 2, maxSize = 32, parentContextCount = 0, hitCount = 440, missCount = 2, failureCount = 0]
[DEBUG] After test method: class [RapidEye360UnitTests], method [createDiscountsTest], class annotated with @DirtiesContext [false] with mode [null], method annotated with @DirtiesContext [false] with mode [null]
[DEBUG] Resetting RequestContextHolder for test class com.example.RapidEYE360.RapidEye360UnitTests
]]></system-out>
  </testcase>
  <testcase name="getAllSupplierTest" classname="com.example.RapidEYE360.RapidEye360UnitTests" time="0.007">
    <system-out><![CDATA[[DEBUG] Spring test ApplicationContext cache statistics: [DefaultContextCache@6b04689e size = 2, maxSize = 32, parentContextCount = 0, hitCount = 441, missCount = 2, failureCount = 0]
[DEBUG] Setting up MockHttpServletRequest, MockHttpServletResponse, ServletWebRequest, and RequestContextHolder for test class com.example.RapidEYE360.RapidEye360UnitTests
[DEBUG] Performing dependency injection for test class com.example.RapidEYE360.RapidEye360UnitTests
[DEBUG] Spring test ApplicationContext cache statistics: [DefaultContextCache@6b04689e size = 2, maxSize = 32, parentContextCount = 0, hitCount = 442, missCount = 2, failureCount = 0]
[DEBUG] Spring test ApplicationContext cache statistics: [DefaultContextCache@6b04689e size = 2, maxSize = 32, parentContextCount = 0, hitCount = 443, missCount = 2, failureCount = 0]
[DEBUG] Before test method: class [RapidEye360UnitTests], method [getAllSupplierTest], class annotated with @DirtiesContext [false] with mode [null], method annotated with @DirtiesContext [false] with mode [null]
[DEBUG] Spring test ApplicationContext cache statistics: [DefaultContextCache@6b04689e size = 2, maxSize = 32, parentContextCount = 0, hitCount = 444, missCount = 2, failureCount = 0]
[DEBUG] Spring test ApplicationContext cache statistics: [DefaultContextCache@6b04689e size = 2, maxSize = 32, parentContextCount = 0, hitCount = 445, missCount = 2, failureCount = 0]
[DEBUG] Spring test ApplicationContext cache statistics: [DefaultContextCache@6b04689e size = 2, maxSize = 32, parentContextCount = 0, hitCount = 446, missCount = 2, failureCount = 0]
[DEBUG] Spring test ApplicationContext cache statistics: [DefaultContextCache@6b04689e size = 2, maxSize = 32, parentContextCount = 0, hitCount = 447, missCount = 2, failureCount = 0]
[DEBUG] Spring test ApplicationContext cache statistics: [DefaultContextCache@6b04689e size = 2, maxSize = 32, parentContextCount = 0, hitCount = 448, missCount = 2, failureCount = 0]
[DEBUG] Spring test ApplicationContext cache statistics: [DefaultContextCache@6b04689e size = 2, maxSize = 32, parentContextCount = 0, hitCount = 449, missCount = 2, failureCount = 0]
[DEBUG] Spring test ApplicationContext cache statistics: [DefaultContextCache@6b04689e size = 2, maxSize = 32, parentContextCount = 0, hitCount = 450, missCount = 2, failureCount = 0]
[DEBUG] Spring test ApplicationContext cache statistics: [DefaultContextCache@6b04689e size = 2, maxSize = 32, parentContextCount = 0, hitCount = 451, missCount = 2, failureCount = 0]
[DEBUG] Spring test ApplicationContext cache statistics: [DefaultContextCache@6b04689e size = 2, maxSize = 32, parentContextCount = 0, hitCount = 452, missCount = 2, failureCount = 0]
[DEBUG] After test method: class [RapidEye360UnitTests], method [getAllSupplierTest], class annotated with @DirtiesContext [false] with mode [null], method annotated with @DirtiesContext [false] with mode [null]
[DEBUG] Resetting RequestContextHolder for test class com.example.RapidEYE360.RapidEye360UnitTests
]]></system-out>
  </testcase>
  <testcase name="GetProdByExpiryDate" classname="com.example.RapidEYE360.RapidEye360UnitTests" time="0.008">
    <system-out><![CDATA[[DEBUG] Spring test ApplicationContext cache statistics: [DefaultContextCache@6b04689e size = 2, maxSize = 32, parentContextCount = 0, hitCount = 453, missCount = 2, failureCount = 0]
[DEBUG] Setting up MockHttpServletRequest, MockHttpServletResponse, ServletWebRequest, and RequestContextHolder for test class com.example.RapidEYE360.RapidEye360UnitTests
[DEBUG] Performing dependency injection for test class com.example.RapidEYE360.RapidEye360UnitTests
[DEBUG] Spring test ApplicationContext cache statistics: [DefaultContextCache@6b04689e size = 2, maxSize = 32, parentContextCount = 0, hitCount = 454, missCount = 2, failureCount = 0]
[DEBUG] Spring test ApplicationContext cache statistics: [DefaultContextCache@6b04689e size = 2, maxSize = 32, parentContextCount = 0, hitCount = 455, missCount = 2, failureCount = 0]
[DEBUG] Before test method: class [RapidEye360UnitTests], method [GetProdByExpiryDate], class annotated with @DirtiesContext [false] with mode [null], method annotated with @DirtiesContext [false] with mode [null]
[DEBUG] Spring test ApplicationContext cache statistics: [DefaultContextCache@6b04689e size = 2, maxSize = 32, parentContextCount = 0, hitCount = 456, missCount = 2, failureCount = 0]
[DEBUG] Spring test ApplicationContext cache statistics: [DefaultContextCache@6b04689e size = 2, maxSize = 32, parentContextCount = 0, hitCount = 457, missCount = 2, failureCount = 0]
[DEBUG] Spring test ApplicationContext cache statistics: [DefaultContextCache@6b04689e size = 2, maxSize = 32, parentContextCount = 0, hitCount = 458, missCount = 2, failureCount = 0]
[DEBUG] Spring test ApplicationContext cache statistics: [DefaultContextCache@6b04689e size = 2, maxSize = 32, parentContextCount = 0, hitCount = 459, missCount = 2, failureCount = 0]
[DEBUG] Spring test ApplicationContext cache statistics: [DefaultContextCache@6b04689e size = 2, maxSize = 32, parentContextCount = 0, hitCount = 460, missCount = 2, failureCount = 0]
[DEBUG] Spring test ApplicationContext cache statistics: [DefaultContextCache@6b04689e size = 2, maxSize = 32, parentContextCount = 0, hitCount = 461, missCount = 2, failureCount = 0]
[DEBUG] Spring test ApplicationContext cache statistics: [DefaultContextCache@6b04689e size = 2, maxSize = 32, parentContextCount = 0, hitCount = 462, missCount = 2, failureCount = 0]
[DEBUG] Spring test ApplicationContext cache statistics: [DefaultContextCache@6b04689e size = 2, maxSize = 32, parentContextCount = 0, hitCount = 463, missCount = 2, failureCount = 0]
[DEBUG] Spring test ApplicationContext cache statistics: [DefaultContextCache@6b04689e size = 2, maxSize = 32, parentContextCount = 0, hitCount = 464, missCount = 2, failureCount = 0]
[DEBUG] After test method: class [RapidEye360UnitTests], method [GetProdByExpiryDate], class annotated with @DirtiesContext [false] with mode [null], method annotated with @DirtiesContext [false] with mode [null]
[DEBUG] Resetting RequestContextHolder for test class com.example.RapidEYE360.RapidEye360UnitTests
]]></system-out>
  </testcase>
  <testcase name="UpdateWhenBrandNameUnavailableTest" classname="com.example.RapidEYE360.RapidEye360UnitTests" time="0.012">
    <system-out><![CDATA[[DEBUG] Spring test ApplicationContext cache statistics: [DefaultContextCache@6b04689e size = 2, maxSize = 32, parentContextCount = 0, hitCount = 465, missCount = 2, failureCount = 0]
[DEBUG] Setting up MockHttpServletRequest, MockHttpServletResponse, ServletWebRequest, and RequestContextHolder for test class com.example.RapidEYE360.RapidEye360UnitTests
[DEBUG] Performing dependency injection for test class com.example.RapidEYE360.RapidEye360UnitTests
[DEBUG] Spring test ApplicationContext cache statistics: [DefaultContextCache@6b04689e size = 2, maxSize = 32, parentContextCount = 0, hitCount = 466, missCount = 2, failureCount = 0]
[DEBUG] Spring test ApplicationContext cache statistics: [DefaultContextCache@6b04689e size = 2, maxSize = 32, parentContextCount = 0, hitCount = 467, missCount = 2, failureCount = 0]
[DEBUG] Before test method: class [RapidEye360UnitTests], method [UpdateWhenBrandNameUnavailableTest], class annotated with @DirtiesContext [false] with mode [null], method annotated with @DirtiesContext [false] with mode [null]
[DEBUG] Spring test ApplicationContext cache statistics: [DefaultContextCache@6b04689e size = 2, maxSize = 32, parentContextCount = 0, hitCount = 468, missCount = 2, failureCount = 0]
[DEBUG] Spring test ApplicationContext cache statistics: [DefaultContextCache@6b04689e size = 2, maxSize = 32, parentContextCount = 0, hitCount = 469, missCount = 2, failureCount = 0]
[DEBUG] Spring test ApplicationContext cache statistics: [DefaultContextCache@6b04689e size = 2, maxSize = 32, parentContextCount = 0, hitCount = 470, missCount = 2, failureCount = 0]
[DEBUG] Spring test ApplicationContext cache statistics: [DefaultContextCache@6b04689e size = 2, maxSize = 32, parentContextCount = 0, hitCount = 471, missCount = 2, failureCount = 0]
[DEBUG] Spring test ApplicationContext cache statistics: [DefaultContextCache@6b04689e size = 2, maxSize = 32, parentContextCount = 0, hitCount = 472, missCount = 2, failureCount = 0]
[DEBUG] Spring test ApplicationContext cache statistics: [DefaultContextCache@6b04689e size = 2, maxSize = 32, parentContextCount = 0, hitCount = 473, missCount = 2, failureCount = 0]
[DEBUG] Spring test ApplicationContext cache statistics: [DefaultContextCache@6b04689e size = 2, maxSize = 32, parentContextCount = 0, hitCount = 474, missCount = 2, failureCount = 0]
[DEBUG] Spring test ApplicationContext cache statistics: [DefaultContextCache@6b04689e size = 2, maxSize = 32, parentContextCount = 0, hitCount = 475, missCount = 2, failureCount = 0]
[DEBUG] Spring test ApplicationContext cache statistics: [DefaultContextCache@6b04689e size = 2, maxSize = 32, parentContextCount = 0, hitCount = 476, missCount = 2, failureCount = 0]
[DEBUG] After test method: class [RapidEye360UnitTests], method [UpdateWhenBrandNameUnavailableTest], class annotated with @DirtiesContext [false] with mode [null], method annotated with @DirtiesContext [false] with mode [null]
[DEBUG] Resetting RequestContextHolder for test class com.example.RapidEYE360.RapidEye360UnitTests
]]></system-out>
  </testcase>
  <testcase name="getSupplierswithBrandname" classname="com.example.RapidEYE360.RapidEye360UnitTests" time="0.009">
    <system-out><![CDATA[[DEBUG] Spring test ApplicationContext cache statistics: [DefaultContextCache@6b04689e size = 2, maxSize = 32, parentContextCount = 0, hitCount = 477, missCount = 2, failureCount = 0]
[DEBUG] Setting up MockHttpServletRequest, MockHttpServletResponse, ServletWebRequest, and RequestContextHolder for test class com.example.RapidEYE360.RapidEye360UnitTests
[DEBUG] Performing dependency injection for test class com.example.RapidEYE360.RapidEye360UnitTests
[DEBUG] Spring test ApplicationContext cache statistics: [DefaultContextCache@6b04689e size = 2, maxSize = 32, parentContextCount = 0, hitCount = 478, missCount = 2, failureCount = 0]
[DEBUG] Spring test ApplicationContext cache statistics: [DefaultContextCache@6b04689e size = 2, maxSize = 32, parentContextCount = 0, hitCount = 479, missCount = 2, failureCount = 0]
[DEBUG] Before test method: class [RapidEye360UnitTests], method [getSupplierswithBrandname], class annotated with @DirtiesContext [false] with mode [null], method annotated with @DirtiesContext [false] with mode [null]
[DEBUG] Spring test ApplicationContext cache statistics: [DefaultContextCache@6b04689e size = 2, maxSize = 32, parentContextCount = 0, hitCount = 480, missCount = 2, failureCount = 0]
[DEBUG] Spring test ApplicationContext cache statistics: [DefaultContextCache@6b04689e size = 2, maxSize = 32, parentContextCount = 0, hitCount = 481, missCount = 2, failureCount = 0]
[DEBUG] Spring test ApplicationContext cache statistics: [DefaultContextCache@6b04689e size = 2, maxSize = 32, parentContextCount = 0, hitCount = 482, missCount = 2, failureCount = 0]
[DEBUG] Spring test ApplicationContext cache statistics: [DefaultContextCache@6b04689e size = 2, maxSize = 32, parentContextCount = 0, hitCount = 483, missCount = 2, failureCount = 0]
[DEBUG] Spring test ApplicationContext cache statistics: [DefaultContextCache@6b04689e size = 2, maxSize = 32, parentContextCount = 0, hitCount = 484, missCount = 2, failureCount = 0]
[DEBUG] Spring test ApplicationContext cache statistics: [DefaultContextCache@6b04689e size = 2, maxSize = 32, parentContextCount = 0, hitCount = 485, missCount = 2, failureCount = 0]
[DEBUG] Spring test ApplicationContext cache statistics: [DefaultContextCache@6b04689e size = 2, maxSize = 32, parentContextCount = 0, hitCount = 486, missCount = 2, failureCount = 0]
[DEBUG] Spring test ApplicationContext cache statistics: [DefaultContextCache@6b04689e size = 2, maxSize = 32, parentContextCount = 0, hitCount = 487, missCount = 2, failureCount = 0]
[DEBUG] Spring test ApplicationContext cache statistics: [DefaultContextCache@6b04689e size = 2, maxSize = 32, parentContextCount = 0, hitCount = 488, missCount = 2, failureCount = 0]
[DEBUG] After test method: class [RapidEye360UnitTests], method [getSupplierswithBrandname], class annotated with @DirtiesContext [false] with mode [null], method annotated with @DirtiesContext [false] with mode [null]
[DEBUG] Resetting RequestContextHolder for test class com.example.RapidEYE360.RapidEye360UnitTests
]]></system-out>
  </testcase>
  <testcase name="GetProdByCategoryTest" classname="com.example.RapidEYE360.RapidEye360UnitTests" time="0.006">
    <system-out><![CDATA[[DEBUG] Spring test ApplicationContext cache statistics: [DefaultContextCache@6b04689e size = 2, maxSize = 32, parentContextCount = 0, hitCount = 489, missCount = 2, failureCount = 0]
[DEBUG] Setting up MockHttpServletRequest, MockHttpServletResponse, ServletWebRequest, and RequestContextHolder for test class com.example.RapidEYE360.RapidEye360UnitTests
[DEBUG] Performing dependency injection for test class com.example.RapidEYE360.RapidEye360UnitTests
[DEBUG] Spring test ApplicationContext cache statistics: [DefaultContextCache@6b04689e size = 2, maxSize = 32, parentContextCount = 0, hitCount = 490, missCount = 2, failureCount = 0]
[DEBUG] Spring test ApplicationContext cache statistics: [DefaultContextCache@6b04689e size = 2, maxSize = 32, parentContextCount = 0, hitCount = 491, missCount = 2, failureCount = 0]
[DEBUG] Before test method: class [RapidEye360UnitTests], method [GetProdByCategoryTest], class annotated with @DirtiesContext [false] with mode [null], method annotated with @DirtiesContext [false] with mode [null]
[DEBUG] Spring test ApplicationContext cache statistics: [DefaultContextCache@6b04689e size = 2, maxSize = 32, parentContextCount = 0, hitCount = 492, missCount = 2, failureCount = 0]
[DEBUG] Spring test ApplicationContext cache statistics: [DefaultContextCache@6b04689e size = 2, maxSize = 32, parentContextCount = 0, hitCount = 493, missCount = 2, failureCount = 0]
[DEBUG] Spring test ApplicationContext cache statistics: [DefaultContextCache@6b04689e size = 2, maxSize = 32, parentContextCount = 0, hitCount = 494, missCount = 2, failureCount = 0]
[DEBUG] Spring test ApplicationContext cache statistics: [DefaultContextCache@6b04689e size = 2, maxSize = 32, parentContextCount = 0, hitCount = 495, missCount = 2, failureCount = 0]
[DEBUG] Spring test ApplicationContext cache statistics: [DefaultContextCache@6b04689e size = 2, maxSize = 32, parentContextCount = 0, hitCount = 496, missCount = 2, failureCount = 0]
[DEBUG] Spring test ApplicationContext cache statistics: [DefaultContextCache@6b04689e size = 2, maxSize = 32, parentContextCount = 0, hitCount = 497, missCount = 2, failureCount = 0]
[DEBUG] Spring test ApplicationContext cache statistics: [DefaultContextCache@6b04689e size = 2, maxSize = 32, parentContextCount = 0, hitCount = 498, missCount = 2, failureCount = 0]
[DEBUG] Spring test ApplicationContext cache statistics: [DefaultContextCache@6b04689e size = 2, maxSize = 32, parentContextCount = 0, hitCount = 499, missCount = 2, failureCount = 0]
[DEBUG] Spring test ApplicationContext cache statistics: [DefaultContextCache@6b04689e size = 2, maxSize = 32, parentContextCount = 0, hitCount = 500, missCount = 2, failureCount = 0]
[DEBUG] After test method: class [RapidEye360UnitTests], method [GetProdByCategoryTest], class annotated with @DirtiesContext [false] with mode [null], method annotated with @DirtiesContext [false] with mode [null]
[DEBUG] Resetting RequestContextHolder for test class com.example.RapidEYE360.RapidEye360UnitTests
]]></system-out>
  </testcase>
</testsuite>