<?xml version="1.0" encoding="UTF-8"?>
<testsuite xmlns:xsi="http://www.w3.org/2001/XMLSchema-instance" xsi:noNamespaceSchemaLocation="https://maven.apache.org/surefire/maven-surefire-plugin/xsd/surefire-test-report-3.0.xsd" version="3.0" name="com.example.RapidEYE360.RapidEye360IntegrationTests" time="12.566" tests="21" errors="0" skipped="0" failures="0">
  <properties>
[...]
</properties>
  <testcase name="getExpiryByUPCIDtest" classname="com.example.RapidEYE360.RapidEye360IntegrationTests" time="1.148">
    <system-out><![CDATA[[DEBUG] Neither @ContextConfiguration nor @ContextHierarchy found for test class [RapidEye360IntegrationTests]: using SpringBootContextLoader
[DEBUG] Could not detect default resource locations for test class [com.example.RapidEYE360.RapidEye360IntegrationTests]: no resource found for suffixes {-context.xml, Context.groovy}.
[INFO] Could not detect default configuration classes for test class [com.example.RapidEYE360.RapidEye360IntegrationTests]: RapidEye360IntegrationTests does not declare any static, non-private, non-final, nested classes annotated with @Configuration.
[DEBUG] Using ContextCustomizerFactory implementations for test class [RapidEye360IntegrationTests]: [ImportsContextCustomizerFactory, ExcludeFilterContextCustomizerFactory, HttpGraphQlTesterContextCustomizerFactory, DuplicateJsonObjectContextCustomizerFactory, MockitoContextCustomizerFactory, TestRestTemplateContextCustomizerFactory, WebTestClientContextCustomizerFactory, OverrideAutoConfigurationContextCustomizerFactory, ObservabilityContextCustomizerFactory, TypeExcludeFiltersContextCustomizerFactory, PropertyMappingContextCustomizerFactory, WebDriverContextCustomizerFactory, MockServerContainerContextCustomizerFactory, DynamicPropertiesContextCustomizerFactory]
[DEBUG] Using ContextCustomizers for test class [RapidEye360IntegrationTests]: [ImportsContextCustomizer, ExcludeFilterContextCustomizer, DuplicateJsonObjectContextCustomizer, MockitoContextCustomizer, TestRestTemplateContextCustomizer, DisableObservabilityContextCustomizer, PropertyMappingContextCustomizer, WebDriverContextCustomizer]
[DEBUG] Identified candidate component class: file [C:\Users\giris\Downloads\03AprilECE651\backend\re360\target\classes\com\example\RapidEYE360\RapidEye360Application.class]
[INFO] Found @SpringBootConfiguration com.example.RapidEYE360.RapidEye360Application for test class com.example.RapidEYE360.RapidEye360IntegrationTests
[DEBUG] Skipping candidate TestExecutionListener [org.springframework.test.context.observation.MicrometerObservationRegistryTestExecutionListener] due to a missing dependency. Specify custom TestExecutionListener classes or make the default TestExecutionListener classes and their required dependencies available. Offending class: io.micrometer.context.ThreadLocalAccessor. MicrometerObservationRegistryTestExecutionListener requires io.micrometer:micrometer-observation:1.10.8 or higher and io.micrometer:context-propagation:1.0.3 or higher.
[DEBUG] Using TestExecutionListeners for test class [RapidEye360IntegrationTests]: [ServletTestExecutionListener, DirtiesContextBeforeModesTestExecutionListener, ApplicationEventsTestExecutionListener, MockitoTestExecutionListener, DependencyInjectionTestExecutionListener, DirtiesContextTestExecutionListener, TransactionalTestExecutionListener, SqlScriptsTestExecutionListener, EventPublishingTestExecutionListener, ResetMocksTestExecutionListener, RestDocsTestExecutionListener, MockRestServiceServerResetTestExecutionListener, MockMvcPrintOnlyOnFailureTestExecutionListener, WebDriverTestExecutionListener, MockWebServiceServerTestExecutionListener]
[DEBUG] Before test class: class [RapidEye360IntegrationTests], class annotated with @DirtiesContext [false] with mode [null]

  .   ____          _            __ _ _
 /\\ / ___'_ __ _ _(_)_ __  __ _ \ \ \ \
( ( )\___ | '_ | '_| | '_ \/ _` | \ \ \ \
 \\/  ___)| |_)| | | | | || (_| |  ) ) ) )
  '  |____| .__|_| |_|_| |_\__, | / / / /
 =========|_|==============|___/=/_/_/_/
 :: Spring Boot ::                (v3.2.1)

[INFO] Starting RapidEye360IntegrationTests using Java 21.0.2 with PID 34028 (started by giris in C:\Users\giris\Downloads\03AprilECE651\backend\re360)
[DEBUG] Running with Spring Boot v3.2.1, Spring v6.1.2
[INFO] No active profile set, falling back to 1 default profile: "default"
[DEBUG] Loading source class com.example.RapidEYE360.RapidEye360Application
[DEBUG] Refreshing org.springframework.web.context.support.GenericWebApplicationContext@6579c3d9
[DEBUG] Creating shared instance of singleton bean 'org.springframework.context.annotation.internalConfigurationAnnotationProcessor'
[DEBUG] Creating shared instance of singleton bean 'org.springframework.boot.autoconfigure.internalCachingMetadataReaderFactory'
[DEBUG] Identified candidate component class: file [C:\Users\giris\Downloads\03AprilECE651\backend\re360\target\classes\com\example\RapidEYE360\config\CustomAccessDeniedHandler.class]
[DEBUG] Identified candidate component class: file [C:\Users\giris\Downloads\03AprilECE651\backend\re360\target\classes\com\example\RapidEYE360\config\SecurityConfig.class]
[DEBUG] Identified candidate component class: file [C:\Users\giris\Downloads\03AprilECE651\backend\re360\target\classes\com\example\RapidEYE360\controllers\AuthenticationController.class]
[DEBUG] Identified candidate component class: file [C:\Users\giris\Downloads\03AprilECE651\backend\re360\target\classes\com\example\RapidEYE360\controllers\ClerkDiscountController.class]
[DEBUG] Identified candidate component class: file [C:\Users\giris\Downloads\03AprilECE651\backend\re360\target\classes\com\example\RapidEYE360\controllers\ClerkExpiryController.class]
[DEBUG] Identified candidate component class: file [C:\Users\giris\Downloads\03AprilECE651\backend\re360\target\classes\com\example\RapidEYE360\controllers\DiscountController.class]
[DEBUG] Identified candidate component class: file [C:\Users\giris\Downloads\03AprilECE651\backend\re360\target\classes\com\example\RapidEYE360\controllers\EmailController.class]
[DEBUG] Identified candidate component class: file [C:\Users\giris\Downloads\03AprilECE651\backend\re360\target\classes\com\example\RapidEYE360\controllers\ExpiryController.class]
[DEBUG] Identified candidate component class: file [C:\Users\giris\Downloads\03AprilECE651\backend\re360\target\classes\com\example\RapidEYE360\controllers\ProductController.class]
[DEBUG] Identified candidate component class: file [C:\Users\giris\Downloads\03AprilECE651\backend\re360\target\classes\com\example\RapidEYE360\controllers\SupplierController.class]
[DEBUG] Identified candidate component class: file [C:\Users\giris\Downloads\03AprilECE651\backend\re360\target\classes\com\example\RapidEYE360\filter\JwtAuthenticationFilter.class]
[DEBUG] Identified candidate component class: file [C:\Users\giris\Downloads\03AprilECE651\backend\re360\target\classes\com\example\RapidEYE360\services\AuthenticationService.class]
[DEBUG] Identified candidate component class: file [C:\Users\giris\Downloads\03AprilECE651\backend\re360\target\classes\com\example\RapidEYE360\services\ClerkDetailsServiceImp.class]
[DEBUG] Identified candidate component class: file [C:\Users\giris\Downloads\03AprilECE651\backend\re360\target\classes\com\example\RapidEYE360\services\ClerkDiscountService.class]
[DEBUG] Identified candidate component class: file [C:\Users\giris\Downloads\03AprilECE651\backend\re360\target\classes\com\example\RapidEYE360\services\ClerkExpiryService.class]
[DEBUG] Identified candidate component class: file [C:\Users\giris\Downloads\03AprilECE651\backend\re360\target\classes\com\example\RapidEYE360\services\DateSync.class]
[DEBUG] Identified candidate component class: file [C:\Users\giris\Downloads\03AprilECE651\backend\re360\target\classes\com\example\RapidEYE360\services\DiscountService.class]
[DEBUG] Identified candidate component class: file [C:\Users\giris\Downloads\03AprilECE651\backend\re360\target\classes\com\example\RapidEYE360\services\ExpiryService.class]
[DEBUG] Identified candidate component class: file [C:\Users\giris\Downloads\03AprilECE651\backend\re360\target\classes\com\example\RapidEYE360\services\JwtService.class]
[DEBUG] Identified candidate component class: file [C:\Users\giris\Downloads\03AprilECE651\backend\re360\target\classes\com\example\RapidEYE360\services\ProductService.class]
[DEBUG] Identified candidate component class: file [C:\Users\giris\Downloads\03AprilECE651\backend\re360\target\classes\com\example\RapidEYE360\services\SupplierService.class]
[INFO] Bootstrapping Spring Data Reactive MongoDB repositories in DEFAULT mode.
[DEBUG] Creating shared instance of singleton bean 'org.springframework.boot.autoconfigure.AutoConfigurationPackages'
[DEBUG] @EnableAutoConfiguration was declared on a class in the package 'com.example.RapidEYE360'. Automatic @Repository and @Entity scanning is enabled.
[DEBUG] Scanning for Reactive MongoDB repositories in packages com.example.RapidEYE360.
[DEBUG] Identified candidate component class: file [C:\Users\giris\Downloads\03AprilECE651\backend\re360\target\classes\com\example\RapidEYE360\repositories\ClerkDiscountRepository.class]
[DEBUG] Identified candidate component class: file [C:\Users\giris\Downloads\03AprilECE651\backend\re360\target\classes\com\example\RapidEYE360\repositories\ClerkExpiryRepository.class]
[DEBUG] Identified candidate component class: file [C:\Users\giris\Downloads\03AprilECE651\backend\re360\target\classes\com\example\RapidEYE360\repositories\ClerkRepository.class]
[DEBUG] Identified candidate component class: file [C:\Users\giris\Downloads\03AprilECE651\backend\re360\target\classes\com\example\RapidEYE360\repositories\DiscountRepository.class]
[DEBUG] Identified candidate component class: file [C:\Users\giris\Downloads\03AprilECE651\backend\re360\target\classes\com\example\RapidEYE360\repositories\ExpiryRepository.class]
[DEBUG] Identified candidate component class: file [C:\Users\giris\Downloads\03AprilECE651\backend\re360\target\classes\com\example\RapidEYE360\repositories\ProductRepository.class]
[DEBUG] Identified candidate component class: file [C:\Users\giris\Downloads\03AprilECE651\backend\re360\target\classes\com\example\RapidEYE360\repositories\SupplierRepository.class]
[INFO] Finished Spring Data repository scanning in 98 ms. Found 0 Reactive MongoDB repository interfaces.
[INFO] Bootstrapping Spring Data MongoDB repositories in DEFAULT mode.
[DEBUG] Scanning for MongoDB repositories in packages com.example.RapidEYE360.
[DEBUG] Identified candidate component class: file [C:\Users\giris\Downloads\03AprilECE651\backend\re360\target\classes\com\example\RapidEYE360\repositories\ClerkDiscountRepository.class]
[DEBUG] Identified candidate component class: file [C:\Users\giris\Downloads\03AprilECE651\backend\re360\target\classes\com\example\RapidEYE360\repositories\ClerkExpiryRepository.class]
[DEBUG] Identified candidate component class: file [C:\Users\giris\Downloads\03AprilECE651\backend\re360\target\classes\com\example\RapidEYE360\repositories\ClerkRepository.class]
[DEBUG] Identified candidate component class: file [C:\Users\giris\Downloads\03AprilECE651\backend\re360\target\classes\com\example\RapidEYE360\repositories\DiscountRepository.class]
[DEBUG] Identified candidate component class: file [C:\Users\giris\Downloads\03AprilECE651\backend\re360\target\classes\com\example\RapidEYE360\repositories\ExpiryRepository.class]
[DEBUG] Identified candidate component class: file [C:\Users\giris\Downloads\03AprilECE651\backend\re360\target\classes\com\example\RapidEYE360\repositories\ProductRepository.class]
[DEBUG] Identified candidate component class: file [C:\Users\giris\Downloads\03AprilECE651\backend\re360\target\classes\com\example\RapidEYE360\repositories\SupplierRepository.class]
[INFO] Finished Spring Data repository scanning in 21 ms. Found 7 MongoDB repository interfaces.
[DEBUG] Creating shared instance of singleton bean 'org.springframework.boot.test.context.ImportsContextCustomizer$ImportsCleanupPostProcessor'
[DEBUG] Creating shared instance of singleton bean 'springSecurityHandlerMappingIntrospectorBeanDefinitionRegistryPostProcessor'
[DEBUG] Creating shared instance of singleton bean 'propertySourcesPlaceholderConfigurer'
[DEBUG] Creating shared instance of singleton bean 'org.springframework.boot.test.mock.mockito.MockitoPostProcessor'
[DEBUG] Creating shared instance of singleton bean 'org.springframework.boot.sql.init.dependency.DatabaseInitializationDependencyConfigurer$DependsOnDatabaseInitializationPostProcessor'
[DEBUG] Creating shared instance of singleton bean 'org.springframework.context.event.internalEventListenerProcessor'
[DEBUG] Creating shared instance of singleton bean 'conversionServicePostProcessor'
[DEBUG] Creating shared instance of singleton bean 'preserveErrorControllerTargetClassPostProcessor'
[DEBUG] Creating shared instance of singleton bean 'forceAutoProxyCreatorToUseClassProxying'
[DEBUG] Creating shared instance of singleton bean 'org.springframework.context.event.internalEventListenerFactory'
[DEBUG] Creating shared instance of singleton bean 'org.springframework.context.annotation.internalAutowiredAnnotationProcessor'
[DEBUG] Creating shared instance of singleton bean 'org.springframework.context.annotation.internalCommonAnnotationProcessor'
[DEBUG] Creating shared instance of singleton bean 'org.springframework.boot.test.mock.mockito.MockitoPostProcessor$SpyPostProcessor'
[DEBUG] Creating shared instance of singleton bean 'org.springframework.boot.context.properties.ConfigurationPropertiesBindingPostProcessor'
[DEBUG] Creating shared instance of singleton bean 'org.springframework.boot.context.internalConfigurationPropertiesBinder'
[DEBUG] Creating shared instance of singleton bean 'org.springframework.context.annotation.internalScheduledAnnotationProcessor'
[DEBUG] Creating shared instance of singleton bean 'org.springframework.scheduling.annotation.SchedulingConfiguration'
[DEBUG] Creating shared instance of singleton bean 'persistenceExceptionTranslationPostProcessor'
[DEBUG] Autowiring by type from bean name 'persistenceExceptionTranslationPostProcessor' via factory method to bean named 'environment'
[DEBUG] Creating shared instance of singleton bean 'org.springframework.aop.config.internalAutoProxyCreator'
[DEBUG] Creating shared instance of singleton bean 'webServerFactoryCustomizerBeanPostProcessor'
[DEBUG] Creating shared instance of singleton bean 'errorPageRegistrarBeanPostProcessor'
[DEBUG] Creating shared instance of singleton bean 'projectingArgumentResolverBeanPostProcessor'
[DEBUG] Unable to locate ThemeSource with name 'themeSource': using default [org.springframework.ui.context.support.ResourceBundleThemeSource@6cc90398]
[DEBUG] Creating shared instance of singleton bean 'rapidEye360Application'
[DEBUG] Creating shared instance of singleton bean 'customAccessDeniedHandler'
[DEBUG] Creating shared instance of singleton bean 'securityConfig'
[DEBUG] Creating shared instance of singleton bean 'clerkDetailsServiceImp'
[DEBUG] Creating shared instance of singleton bean 'clerkRepository'
[DEBUG] Creating shared instance of singleton bean 'mongo.named-queries#2'
[DEBUG] Creating shared instance of singleton bean 'mongodb.ClerkRepository.fragments#0'
[DEBUG] Creating shared instance of singleton bean 'mongoTemplate'
[DEBUG] Creating shared instance of singleton bean 'org.springframework.boot.autoconfigure.data.mongo.MongoDatabaseFactoryDependentConfiguration'
[DEBUG] Creating shared instance of singleton bean 'mongoDatabaseFactory'
[DEBUG] Creating shared instance of singleton bean 'org.springframework.boot.autoconfigure.data.mongo.MongoDatabaseFactoryConfiguration'
[DEBUG] Creating shared instance of singleton bean 'mongo'
[DEBUG] Creating shared instance of singleton bean 'org.springframework.boot.autoconfigure.mongo.MongoAutoConfiguration'
[DEBUG] Creating shared instance of singleton bean 'mongoClientSettings'
[DEBUG] Creating shared instance of singleton bean 'org.springframework.boot.autoconfigure.mongo.MongoAutoConfiguration$MongoClientSettingsConfiguration'
[DEBUG] Autowiring by type from bean name 'mongo' via factory method to bean named 'mongoClientSettings'
[DEBUG] Creating shared instance of singleton bean 'standardMongoSettingsCustomizer'
[DEBUG] Creating shared instance of singleton bean 'spring.data.mongodb-org.springframework.boot.autoconfigure.mongo.MongoProperties'
[DEBUG] Creating shared instance of singleton bean 'org.springframework.boot.context.properties.BoundConfigurationProperties'
[DEBUG] Creating shared instance of singleton bean 'mongoConnectionDetails'
[DEBUG] Autowiring by type from bean name 'mongoConnectionDetails' via factory method to bean named 'spring.data.mongodb-org.springframework.boot.autoconfigure.mongo.MongoProperties'
[DEBUG] Autowiring by type from bean name 'standardMongoSettingsCustomizer' via factory method to bean named 'spring.data.mongodb-org.springframework.boot.autoconfigure.mongo.MongoProperties'
[DEBUG] Autowiring by type from bean name 'standardMongoSettingsCustomizer' via factory method to bean named 'mongoConnectionDetails'
[DEBUG] Creating shared instance of singleton bean 'sslBundleRegistry'
[DEBUG] Creating shared instance of singleton bean 'org.springframework.boot.autoconfigure.ssl.SslAutoConfiguration'
[DEBUG] Creating shared instance of singleton bean 'spring.ssl-org.springframework.boot.autoconfigure.ssl.SslProperties'
[DEBUG] Autowiring by type from bean name 'org.springframework.boot.autoconfigure.ssl.SslAutoConfiguration' via constructor to bean named 'spring.ssl-org.springframework.boot.autoconfigure.ssl.SslProperties'
[DEBUG] Creating shared instance of singleton bean 'sslPropertiesSslBundleRegistrar'
[DEBUG] Creating shared instance of singleton bean 'fileWatcher'
[DEBUG] Autowiring by type from bean name 'sslPropertiesSslBundleRegistrar' via factory method to bean named 'fileWatcher'
[INFO] Adding discovered server ac-zihlkns-shard-00-02.hwak4ul.mongodb.net:27017 to client view of cluster
[DEBUG] Connection pool created for ac-zihlkns-shard-00-02.hwak4ul.mongodb.net:27017 using options maxIdleTimeMS=0, minPoolSize=0, maxPoolSize=100, maxConnecting=2, waitQueueTimeoutMS=120000
[INFO] MongoClient with metadata {"driver": {"name": "mongo-java-driver|sync|spring-boot", "version": "4.11.1"}, "os": {"type": "Windows", "name": "Windows 11", "architecture": "amd64", "version": "10.0"}, "platform": "Java/Oracle Corporation/21.0.2+13-58"} created with settings MongoClientSettings{readPreference=primary, writeConcern=WriteConcern{w=majority, wTimeout=null ms, journal=null}, retryWrites=true, retryReads=true, readConcern=ReadConcern{level=null}, credential=MongoCredential{mechanism=null, userName='rapideye6', source='admin', password=<hidden>, mechanismProperties=<hidden>}, transportSettings=null, streamFactoryFactory=null, commandListeners=[], codecRegistry=ProvidersCodecRegistry{codecProviders=[ValueCodecProvider{}, BsonValueCodecProvider{}, DBRefCodecProvider{}, DBObjectCodecProvider{}, DocumentCodecProvider{}, CollectionCodecProvider{}, IterableCodecProvider{}, MapCodecProvider{}, GeoJsonCodecProvider{}, GridFSFileCodecProvider{}, Jsr310CodecProvider{}, JsonObjectCodecProvider{}, BsonCodecProvider{}, EnumCodecProvider{}, com.mongodb.client.model.mql.ExpressionCodecProvider@519b0f00, com.mongodb.Jep395RecordCodecProvider@4888d1ea, com.mongodb.KotlinCodecProvider@217b0952]}, loggerSettings=LoggerSettings{maxDocumentLength=1000}, clusterSettings={hosts=[127.0.0.1:27017], srvHost=rapideye360.hwak4ul.mongodb.net, srvServiceName=mongodb, mode=MULTIPLE, requiredClusterType=REPLICA_SET, requiredReplicaSetName='atlas-uuawkl-shard-0', serverSelector='null', clusterListeners='[]', serverSelectionTimeout='30000 ms', localThreshold='15 ms'}, socketSettings=SocketSettings{connectTimeoutMS=10000, readTimeoutMS=0, receiveBufferSize=0, proxySettings=ProxySettings{host=null, port=null, username=null, password=null}}, heartbeatSocketSettings=SocketSettings{connectTimeoutMS=10000, readTimeoutMS=10000, receiveBufferSize=0, proxySettings=ProxySettings{host=null, port=null, username=null, password=null}}, connectionPoolSettings=ConnectionPoolSettings{maxSize=100, minSize=0, maxWaitTimeMS=120000, maxConnectionLifeTimeMS=0, maxConnectionIdleTimeMS=0, maintenanceInitialDelayMS=0, maintenanceFrequencyMS=60000, connectionPoolListeners=[], maxConnecting=2}, serverSettings=ServerSettings{heartbeatFrequencyMS=10000, minHeartbeatFrequencyMS=500, serverListeners='[]', serverMonitorListeners='[]'}, sslSettings=SslSettings{enabled=true, invalidHostNameAllowed=false, context=null}, applicationName='null', compressorList=[], uuidRepresentation=JAVA_LEGACY, serverApi=null, autoEncryptionSettings=null, dnsClient=null, inetAddressResolver=null, contextProvider=null}
[DEBUG] Autowiring by type from bean name 'mongoDatabaseFactory' via factory method to bean named 'mongo'
[DEBUG] Autowiring by type from bean name 'mongoDatabaseFactory' via factory method to bean named 'spring.data.mongodb-org.springframework.boot.autoconfigure.mongo.MongoProperties'
[DEBUG] Autowiring by type from bean name 'mongoDatabaseFactory' via factory method to bean named 'mongoConnectionDetails'
[DEBUG] Creating shared instance of singleton bean 'mappingMongoConverter'
[DEBUG] Creating shared instance of singleton bean 'mongoMappingContext'
[DEBUG] Creating shared instance of singleton bean 'org.springframework.boot.autoconfigure.data.mongo.MongoDataConfiguration'
[DEBUG] Creating shared instance of singleton bean 'mongoCustomConversions'
[INFO] Adding discovered server ac-zihlkns-shard-00-01.hwak4ul.mongodb.net:27017 to client view of cluster
[DEBUG] Connection pool created for ac-zihlkns-shard-00-01.hwak4ul.mongodb.net:27017 using options maxIdleTimeMS=0, minPoolSize=0, maxPoolSize=100, maxConnecting=2, waitQueueTimeoutMS=120000
[INFO] Adding discovered server ac-zihlkns-shard-00-00.hwak4ul.mongodb.net:27017 to client view of cluster
[DEBUG] Connection pool created for ac-zihlkns-shard-00-00.hwak4ul.mongodb.net:27017 using options maxIdleTimeMS=0, minPoolSize=0, maxPoolSize=100, maxConnecting=2, waitQueueTimeoutMS=120000
[DEBUG] Updating cluster description to  {type=REPLICA_SET, servers=[{address=ac-zihlkns-shard-00-00.hwak4ul.mongodb.net:27017, type=UNKNOWN, state=CONNECTING}, {address=ac-zihlkns-shard-00-02.hwak4ul.mongodb.net:27017, type=UNKNOWN, state=CONNECTING}, {address=ac-zihlkns-shard-00-01.hwak4ul.mongodb.net:27017, type=UNKNOWN, state=CONNECTING}]
[DEBUG] Adding converter from class java.lang.Character to class java.lang.String as writing converter
[DEBUG] Adding converter from class java.util.Locale to class java.lang.String as writing converter
[DEBUG] Adding converter from class java.math.BigDecimal to class java.lang.String as writing converter
[DEBUG] Adding converter from class java.math.BigDecimal to class org.bson.types.Decimal128 as writing converter
[DEBUG] Adding converter from class java.lang.String to class java.math.BigDecimal as reading converter
[DEBUG] Adding converter from class org.bson.types.Decimal128 to class java.math.BigDecimal as reading converter
[DEBUG] Adding converter from class java.math.BigInteger to class java.lang.String as writing converter
[DEBUG] Adding converter from class java.lang.String to class java.math.BigInteger as reading converter
[DEBUG] Adding converter from class java.net.URL to class java.lang.String as writing converter
[DEBUG] Adding converter from class java.lang.String to class java.net.URL as reading converter
[DEBUG] Adding converter from class org.bson.Document to class java.lang.String as reading converter
[DEBUG] Adding converter from class org.springframework.data.mongodb.core.query.Term to class java.lang.String as writing converter
[DEBUG] Adding converter from class org.springframework.data.mongodb.core.script.NamedMongoScript to class org.bson.Document as writing converter
[DEBUG] Adding converter from class org.bson.Document to class org.springframework.data.mongodb.core.script.NamedMongoScript as reading converter
[DEBUG] Adding converter from class java.util.Currency to class java.lang.String as writing converter
[DEBUG] Adding converter from class java.lang.String to class java.util.Currency as reading converter
[DEBUG] Adding converter from class java.util.concurrent.atomic.AtomicInteger to class java.lang.Integer as writing converter
[DEBUG] Adding converter from class java.util.concurrent.atomic.AtomicLong to class java.lang.Long as writing converter
[DEBUG] Adding converter from class java.lang.Long to class java.util.concurrent.atomic.AtomicLong as reading converter
[DEBUG] Adding converter from class java.lang.Integer to class java.util.concurrent.atomic.AtomicInteger as reading converter
[DEBUG] Adding converter from class org.bson.types.Binary to class [B as reading converter
[DEBUG] Adding converter from class org.bson.BsonTimestamp to class java.time.Instant as reading converter
[DEBUG] Adding converter from class org.bson.BsonUndefined to class java.lang.Object as reading converter
[DEBUG] Adding converter from class java.lang.String to class java.net.URI as reading converter
[DEBUG] Adding converter from class java.net.URI to class java.lang.String as writing converter
[DEBUG] Adding converter from class org.springframework.data.geo.Box to class org.bson.Document as writing converter
[DEBUG] Adding converter from class org.springframework.data.geo.Polygon to class org.bson.Document as writing converter
[DEBUG] Adding converter from class org.springframework.data.geo.Circle to class org.bson.Document as writing converter
[DEBUG] Adding converter from class org.springframework.data.mongodb.core.geo.Sphere to class org.bson.Document as writing converter
[DEBUG] Adding converter from class org.bson.Document to class org.springframework.data.geo.Box as reading converter
[DEBUG] Adding converter from class org.bson.Document to class org.springframework.data.geo.Polygon as reading converter
[DEBUG] Adding converter from class org.bson.Document to class org.springframework.data.geo.Circle as reading converter
[DEBUG] Adding converter from class org.bson.Document to class org.springframework.data.mongodb.core.geo.Sphere as reading converter
[DEBUG] Adding converter from class org.bson.Document to class org.springframework.data.geo.Point as reading converter
[DEBUG] Adding converter from class org.springframework.data.geo.Point to class org.bson.Document as writing converter
[DEBUG] Adding converter from class org.springframework.data.mongodb.core.query.GeoCommand to class org.bson.Document as writing converter
[DEBUG] Adding converter from interface org.springframework.data.mongodb.core.geo.GeoJson to class org.bson.Document as writing converter
[DEBUG] Adding converter from class org.springframework.data.mongodb.core.geo.GeoJsonPoint to class org.bson.Document as writing converter
[DEBUG] Adding converter from class org.springframework.data.mongodb.core.geo.GeoJsonPolygon to class org.bson.Document as writing converter
[DEBUG] Adding converter from class org.bson.Document to class org.springframework.data.mongodb.core.geo.GeoJsonPoint as reading converter
[DEBUG] Adding converter from class org.bson.Document to class org.springframework.data.mongodb.core.geo.GeoJsonPolygon as reading converter
[DEBUG] Adding converter from class org.bson.Document to class org.springframework.data.mongodb.core.geo.GeoJsonLineString as reading converter
[DEBUG] Adding converter from class org.bson.Document to class org.springframework.data.mongodb.core.geo.GeoJsonMultiLineString as reading converter
[DEBUG] Adding converter from class org.bson.Document to class org.springframework.data.mongodb.core.geo.GeoJsonMultiPoint as reading converter
[DEBUG] Adding converter from class org.bson.Document to class org.springframework.data.mongodb.core.geo.GeoJsonMultiPolygon as reading converter
[DEBUG] Adding converter from class org.bson.Document to class org.springframework.data.mongodb.core.geo.GeoJsonGeometryCollection as reading converter
[DEBUG] Adding converter from class org.bson.Document to interface org.springframework.data.mongodb.core.geo.GeoJson as reading converter
[DEBUG] Adding converter from class java.util.Date to class java.time.LocalDateTime as reading converter
[DEBUG] Adding converter from class java.time.LocalDateTime to class java.util.Date as writing converter
[DEBUG] Adding converter from class java.util.Date to class java.time.LocalDate as reading converter
[DEBUG] Adding converter from class java.time.LocalDate to class java.util.Date as writing converter
[DEBUG] Adding converter from class java.util.Date to class java.time.LocalTime as reading converter
[DEBUG] Adding converter from class java.time.LocalTime to class java.util.Date as writing converter
[DEBUG] Adding converter from class java.util.Date to class java.time.Instant as reading converter
[DEBUG] Adding converter from class java.time.Instant to class java.util.Date as writing converter
[DEBUG] Skipping converter from class java.time.LocalDateTime to class java.time.Instant as reading converter class java.time.LocalDateTime is not a store supported simple type
[DEBUG] Skipping converter from class java.time.Instant to class java.time.LocalDateTime as reading converter class java.time.Instant is not a store supported simple type
[DEBUG] Adding converter from class java.time.ZoneId to class java.lang.String as writing converter
[DEBUG] Adding converter from class java.lang.String to class java.time.ZoneId as reading converter
[DEBUG] Adding converter from class java.time.Duration to class java.lang.String as writing converter
[DEBUG] Adding converter from class java.lang.String to class java.time.Duration as reading converter
[DEBUG] Adding converter from class java.time.Period to class java.lang.String as writing converter
[DEBUG] Adding converter from class java.lang.String to class java.time.Period as reading converter
[DEBUG] Adding converter from class java.lang.String to class java.time.LocalDate as reading converter
[DEBUG] Adding converter from class java.lang.String to class java.time.LocalDateTime as reading converter
[DEBUG] Adding converter from class java.lang.String to class java.time.Instant as reading converter
[DEBUG] Creating shared instance of singleton bean 'mongoManagedTypes'
[DEBUG] Autowiring by type from bean name 'mongoManagedTypes' via factory method to bean named 'org.springframework.web.context.support.GenericWebApplicationContext@6579c3d9'
[DEBUG] Identified candidate component class: file [C:\Users\giris\Downloads\03AprilECE651\backend\re360\target\classes\com\example\RapidEYE360\models\Clerk.class]
[DEBUG] Identified candidate component class: file [C:\Users\giris\Downloads\03AprilECE651\backend\re360\target\classes\com\example\RapidEYE360\models\ClerkDiscount.class]
[DEBUG] Identified candidate component class: file [C:\Users\giris\Downloads\03AprilECE651\backend\re360\target\classes\com\example\RapidEYE360\models\ClerkExpiry.class]
[DEBUG] Identified candidate component class: file [C:\Users\giris\Downloads\03AprilECE651\backend\re360\target\classes\com\example\RapidEYE360\models\Discount.class]
[DEBUG] Identified candidate component class: file [C:\Users\giris\Downloads\03AprilECE651\backend\re360\target\classes\com\example\RapidEYE360\models\Expiry.class]
[DEBUG] Identified candidate component class: file [C:\Users\giris\Downloads\03AprilECE651\backend\re360\target\classes\com\example\RapidEYE360\models\ProductDescription.class]
[DEBUG] Identified candidate component class: file [C:\Users\giris\Downloads\03AprilECE651\backend\re360\target\classes\com\example\RapidEYE360\models\Supplier.class]
[DEBUG] Autowiring by type from bean name 'mongoMappingContext' via factory method to bean named 'spring.data.mongodb-org.springframework.boot.autoconfigure.mongo.MongoProperties'
[DEBUG] Autowiring by type from bean name 'mongoMappingContext' via factory method to bean named 'mongoCustomConversions'
[DEBUG] Autowiring by type from bean name 'mongoMappingContext' via factory method to bean named 'mongoManagedTypes'
[DEBUG] Creating shared instance of singleton bean 'delegatingApplicationListener'
[DEBUG] Autowiring by type from bean name 'mappingMongoConverter' via factory method to bean named 'mongoDatabaseFactory'
[DEBUG] Autowiring by type from bean name 'mappingMongoConverter' via factory method to bean named 'mongoMappingContext'
[DEBUG] Autowiring by type from bean name 'mappingMongoConverter' via factory method to bean named 'mongoCustomConversions'
[DEBUG] Adding converter from class java.lang.Character to class java.lang.String as writing converter
[DEBUG] Adding converter from class java.util.Locale to class java.lang.String as writing converter
[DEBUG] Adding converter from class java.math.BigDecimal to class java.lang.String as writing converter
[DEBUG] Adding converter from class java.math.BigDecimal to class org.bson.types.Decimal128 as writing converter
[DEBUG] Adding converter from class java.lang.String to class java.math.BigDecimal as reading converter
[DEBUG] Adding converter from class org.bson.types.Decimal128 to class java.math.BigDecimal as reading converter
[DEBUG] Adding converter from class java.math.BigInteger to class java.lang.String as writing converter
[DEBUG] Adding converter from class java.lang.String to class java.math.BigInteger as reading converter
[DEBUG] Adding converter from class java.net.URL to class java.lang.String as writing converter
[DEBUG] Adding converter from class java.lang.String to class java.net.URL as reading converter
[DEBUG] Adding converter from class org.bson.Document to class java.lang.String as reading converter
[DEBUG] Adding converter from class org.springframework.data.mongodb.core.query.Term to class java.lang.String as writing converter
[DEBUG] Adding converter from class org.springframework.data.mongodb.core.script.NamedMongoScript to class org.bson.Document as writing converter
[DEBUG] Adding converter from class org.bson.Document to class org.springframework.data.mongodb.core.script.NamedMongoScript as reading converter
[DEBUG] Adding converter from class java.util.Currency to class java.lang.String as writing converter
[DEBUG] Adding converter from class java.lang.String to class java.util.Currency as reading converter
[DEBUG] Adding converter from class java.util.concurrent.atomic.AtomicInteger to class java.lang.Integer as writing converter
[DEBUG] Adding converter from class java.util.concurrent.atomic.AtomicLong to class java.lang.Long as writing converter
[DEBUG] Adding converter from class java.lang.Long to class java.util.concurrent.atomic.AtomicLong as reading converter
[DEBUG] Adding converter from class java.lang.Integer to class java.util.concurrent.atomic.AtomicInteger as reading converter
[DEBUG] Adding converter from class org.bson.types.Binary to class [B as reading converter
[DEBUG] Adding converter from class org.bson.BsonTimestamp to class java.time.Instant as reading converter
[DEBUG] Adding converter from class org.bson.BsonUndefined to class java.lang.Object as reading converter
[DEBUG] Adding converter from class java.lang.String to class java.net.URI as reading converter
[DEBUG] Adding converter from class java.net.URI to class java.lang.String as writing converter
[DEBUG] Adding converter from class org.springframework.data.geo.Box to class org.bson.Document as writing converter
[DEBUG] Adding converter from class org.springframework.data.geo.Polygon to class org.bson.Document as writing converter
[DEBUG] Adding converter from class org.springframework.data.geo.Circle to class org.bson.Document as writing converter
[DEBUG] Adding converter from class org.springframework.data.mongodb.core.geo.Sphere to class org.bson.Document as writing converter
[DEBUG] Adding converter from class org.bson.Document to class org.springframework.data.geo.Box as reading converter
[DEBUG] Adding converter from class org.bson.Document to class org.springframework.data.geo.Polygon as reading converter
[DEBUG] Adding converter from class org.bson.Document to class org.springframework.data.geo.Circle as reading converter
[DEBUG] Adding converter from class org.bson.Document to class org.springframework.data.mongodb.core.geo.Sphere as reading converter
[DEBUG] Adding converter from class org.bson.Document to class org.springframework.data.geo.Point as reading converter
[DEBUG] Adding converter from class org.springframework.data.geo.Point to class org.bson.Document as writing converter
[DEBUG] Adding converter from class org.springframework.data.mongodb.core.query.GeoCommand to class org.bson.Document as writing converter
[DEBUG] Adding converter from interface org.springframework.data.mongodb.core.geo.GeoJson to class org.bson.Document as writing converter
[DEBUG] Adding converter from class org.springframework.data.mongodb.core.geo.GeoJsonPoint to class org.bson.Document as writing converter
[DEBUG] Adding converter from class org.springframework.data.mongodb.core.geo.GeoJsonPolygon to class org.bson.Document as writing converter
[DEBUG] Adding converter from class org.bson.Document to class org.springframework.data.mongodb.core.geo.GeoJsonPoint as reading converter
[DEBUG] Adding converter from class org.bson.Document to class org.springframework.data.mongodb.core.geo.GeoJsonPolygon as reading converter
[DEBUG] Adding converter from class org.bson.Document to class org.springframework.data.mongodb.core.geo.GeoJsonLineString as reading converter
[DEBUG] Adding converter from class org.bson.Document to class org.springframework.data.mongodb.core.geo.GeoJsonMultiLineString as reading converter
[DEBUG] Adding converter from class org.bson.Document to class org.springframework.data.mongodb.core.geo.GeoJsonMultiPoint as reading converter
[DEBUG] Adding converter from class org.bson.Document to class org.springframework.data.mongodb.core.geo.GeoJsonMultiPolygon as reading converter
[DEBUG] Adding converter from class org.bson.Document to class org.springframework.data.mongodb.core.geo.GeoJsonGeometryCollection as reading converter
[DEBUG] Adding converter from class org.bson.Document to interface org.springframework.data.mongodb.core.geo.GeoJson as reading converter
[DEBUG] Adding converter from class java.util.Date to class java.time.LocalDateTime as reading converter
[DEBUG] Adding converter from class java.time.LocalDateTime to class java.util.Date as writing converter
[DEBUG] Adding converter from class java.util.Date to class java.time.LocalDate as reading converter
[DEBUG] Adding converter from class java.time.LocalDate to class java.util.Date as writing converter
[DEBUG] Adding converter from class java.util.Date to class java.time.LocalTime as reading converter
[DEBUG] Adding converter from class java.time.LocalTime to class java.util.Date as writing converter
[DEBUG] Adding converter from class java.util.Date to class java.time.Instant as reading converter
[DEBUG] Adding converter from class java.time.Instant to class java.util.Date as writing converter
[DEBUG] Skipping converter from class java.time.LocalDateTime to class java.time.Instant as reading converter class java.time.LocalDateTime is not a store supported simple type
[DEBUG] Skipping converter from class java.time.Instant to class java.time.LocalDateTime as reading converter class java.time.Instant is not a store supported simple type
[DEBUG] Adding converter from class java.time.ZoneId to class java.lang.String as writing converter
[DEBUG] Adding converter from class java.lang.String to class java.time.ZoneId as reading converter
[DEBUG] Adding converter from class java.time.Duration to class java.lang.String as writing converter
[DEBUG] Adding converter from class java.lang.String to class java.time.Duration as reading converter
[DEBUG] Adding converter from class java.time.Period to class java.lang.String as writing converter
[DEBUG] Adding converter from class java.lang.String to class java.time.Period as reading converter
[DEBUG] Adding converter from class java.lang.String to class java.time.LocalDate as reading converter
[DEBUG] Adding converter from class java.lang.String to class java.time.LocalDateTime as reading converter
[DEBUG] Adding converter from class java.lang.String to class java.time.Instant as reading converter
[DEBUG] Autowiring by type from bean name 'mongoTemplate' via factory method to bean named 'mongoDatabaseFactory'
[DEBUG] Autowiring by type from bean name 'mongoTemplate' via factory method to bean named 'mappingMongoConverter'
[DEBUG] Initializing repository instance for com.example.RapidEYE360.repositories.ClerkRepository…
[DEBUG] Finished creation of repository instance for com.example.RapidEYE360.repositories.ClerkRepository.
[DEBUG] Autowiring by type from bean name 'clerkDetailsServiceImp' via constructor to bean named 'clerkRepository'
[DEBUG] Creating shared instance of singleton bean 'jwtAuthenticationFilter'
[DEBUG] Creating shared instance of singleton bean 'jwtService'
[DEBUG] Autowiring by type from bean name 'jwtAuthenticationFilter' via constructor to bean named 'jwtService'
[DEBUG] Autowiring by type from bean name 'jwtAuthenticationFilter' via constructor to bean named 'clerkDetailsServiceImp'
[DEBUG] Autowiring by type from bean name 'securityConfig' via constructor to bean named 'clerkDetailsServiceImp'
[DEBUG] Autowiring by type from bean name 'securityConfig' via constructor to bean named 'jwtAuthenticationFilter'
[DEBUG] Autowiring by type from bean name 'securityConfig' via constructor to bean named 'customAccessDeniedHandler'
[DEBUG] Creating shared instance of singleton bean 'authenticationController'
[DEBUG] Creating shared instance of singleton bean 'authenticationService'
[DEBUG] Creating shared instance of singleton bean 'passwordEncoder'
[DEBUG] Creating shared instance of singleton bean 'authenticationManager'
[DEBUG] Creating shared instance of singleton bean 'org.springframework.security.config.annotation.authentication.configuration.AuthenticationConfiguration'
[DEBUG] Creating shared instance of singleton bean 'enableGlobalAuthenticationAutowiredConfigurer'
[DEBUG] Autowiring by type from bean name 'enableGlobalAuthenticationAutowiredConfigurer' via factory method to bean named 'org.springframework.web.context.support.GenericWebApplicationContext@6579c3d9'
[DEBUG] Creating shared instance of singleton bean 'initializeUserDetailsBeanManagerConfigurer'
[DEBUG] Autowiring by type from bean name 'initializeUserDetailsBeanManagerConfigurer' via factory method to bean named 'org.springframework.web.context.support.GenericWebApplicationContext@6579c3d9'
[DEBUG] Creating shared instance of singleton bean 'initializeAuthenticationProviderBeanManagerConfigurer'
[DEBUG] Autowiring by type from bean name 'initializeAuthenticationProviderBeanManagerConfigurer' via factory method to bean named 'org.springframework.web.context.support.GenericWebApplicationContext@6579c3d9'
[DEBUG] Creating shared instance of singleton bean 'objectPostProcessor'
[DEBUG] Creating shared instance of singleton bean 'org.springframework.security.config.annotation.configuration.ObjectPostProcessorConfiguration'
[DEBUG] Autowiring by type from bean name 'objectPostProcessor' via factory method to bean named 'org.springframework.beans.factory.support.DefaultListableBeanFactory@41522537'
[DEBUG] Autowiring by type from bean name 'authenticationManager' via factory method to bean named 'org.springframework.security.config.annotation.authentication.configuration.AuthenticationConfiguration'
[DEBUG] Creating shared instance of singleton bean 'authenticationManagerBuilder'
[DEBUG] Autowiring by type from bean name 'authenticationManagerBuilder' via factory method to bean named 'objectPostProcessor'
[DEBUG] Autowiring by type from bean name 'authenticationManagerBuilder' via factory method to bean named 'org.springframework.web.context.support.GenericWebApplicationContext@6579c3d9'
[DEBUG] Creating shared instance of singleton bean 'authenticationEventPublisher'
[DEBUG] Creating shared instance of singleton bean 'org.springframework.boot.autoconfigure.security.servlet.SecurityAutoConfiguration'
[DEBUG] Autowiring by type from bean name 'authenticationEventPublisher' via factory method to bean named 'org.springframework.web.context.support.GenericWebApplicationContext@6579c3d9'
[DEBUG] Autowiring by type from bean name 'authenticationService' via constructor to bean named 'clerkRepository'
[DEBUG] Autowiring by type from bean name 'authenticationService' via constructor to bean named 'passwordEncoder'
[DEBUG] Autowiring by type from bean name 'authenticationService' via constructor to bean named 'jwtService'
[DEBUG] Autowiring by type from bean name 'authenticationService' via constructor to bean named 'authenticationManager'
[DEBUG] Autowiring by type from bean name 'authenticationController' via constructor to bean named 'authenticationService'
[DEBUG] Creating shared instance of singleton bean 'clerkDiscountController'
[DEBUG] Creating shared instance of singleton bean 'clerkDiscountRepository'
[DEBUG] Creating shared instance of singleton bean 'mongo.named-queries#0'
[DEBUG] Creating shared instance of singleton bean 'mongodb.ClerkDiscountRepository.fragments#0'
[DEBUG] Initializing repository instance for com.example.RapidEYE360.repositories.ClerkDiscountRepository…
[DEBUG] Finished creation of repository instance for com.example.RapidEYE360.repositories.ClerkDiscountRepository.
[DEBUG] Creating shared instance of singleton bean 'clerkDiscountService'
[DEBUG] Creating shared instance of singleton bean 'clerkExpiryController'
[DEBUG] Creating shared instance of singleton bean 'clerkExpiryRepository'
[DEBUG] Creating shared instance of singleton bean 'mongo.named-queries#1'
[DEBUG] Creating shared instance of singleton bean 'mongodb.ClerkExpiryRepository.fragments#0'
[DEBUG] Initializing repository instance for com.example.RapidEYE360.repositories.ClerkExpiryRepository…
[INFO] Monitor thread successfully connected to server with description ServerDescription{address=ac-zihlkns-shard-00-02.hwak4ul.mongodb.net:27017, type=REPLICA_SET_PRIMARY, state=CONNECTED, ok=true, minWireVersion=0, maxWireVersion=21, maxDocumentSize=16777216, logicalSessionTimeoutMinutes=30, roundTripTimeNanos=770959700, setName='atlas-uuawkl-shard-0', canonicalAddress=ac-zihlkns-shard-00-02.hwak4ul.mongodb.net:27017, hosts=[ac-zihlkns-shard-00-00.hwak4ul.mongodb.net:27017, ac-zihlkns-shard-00-01.hwak4ul.mongodb.net:27017, ac-zihlkns-shard-00-02.hwak4ul.mongodb.net:27017], passives=[], arbiters=[], primary='ac-zihlkns-shard-00-02.hwak4ul.mongodb.net:27017', tagSet=TagSet{[Tag{name='availabilityZone', value='usw2-az3'}, Tag{name='diskState', value='READY'}, Tag{name='nodeType', value='ELECTABLE'}, Tag{name='provider', value='AWS'}, Tag{name='region', value='US_WEST_2'}, Tag{name='workloadType', value='OPERATIONAL'}]}, electionId=7fffffff000000000000000b, setVersion=1, topologyVersion=TopologyVersion{processId=6607224eb10b6d6460abbf8a, counter=6}, lastWriteDate=Fri Apr 05 01:48:51 EDT 2024, lastUpdateTimeNanos=691293477536400}
[INFO] Monitor thread successfully connected to server with description ServerDescription{address=ac-zihlkns-shard-00-01.hwak4ul.mongodb.net:27017, type=REPLICA_SET_SECONDARY, state=CONNECTED, ok=true, minWireVersion=0, maxWireVersion=21, maxDocumentSize=16777216, logicalSessionTimeoutMinutes=30, roundTripTimeNanos=774165000, setName='atlas-uuawkl-shard-0', canonicalAddress=ac-zihlkns-shard-00-01.hwak4ul.mongodb.net:27017, hosts=[ac-zihlkns-shard-00-00.hwak4ul.mongodb.net:27017, ac-zihlkns-shard-00-01.hwak4ul.mongodb.net:27017, ac-zihlkns-shard-00-02.hwak4ul.mongodb.net:27017], passives=[], arbiters=[], primary='ac-zihlkns-shard-00-02.hwak4ul.mongodb.net:27017', tagSet=TagSet{[Tag{name='availabilityZone', value='usw2-az2'}, Tag{name='diskState', value='READY'}, Tag{name='nodeType', value='ELECTABLE'}, Tag{name='provider', value='AWS'}, Tag{name='region', value='US_WEST_2'}, Tag{name='workloadType', value='OPERATIONAL'}]}, electionId=null, setVersion=1, topologyVersion=TopologyVersion{processId=6607236b56e0923520fb9331, counter=3}, lastWriteDate=Fri Apr 05 01:48:51 EDT 2024, lastUpdateTimeNanos=691293477792300}
[INFO] Monitor thread successfully connected to server with description ServerDescription{address=ac-zihlkns-shard-00-00.hwak4ul.mongodb.net:27017, type=REPLICA_SET_SECONDARY, state=CONNECTED, ok=true, minWireVersion=0, maxWireVersion=21, maxDocumentSize=16777216, logicalSessionTimeoutMinutes=30, roundTripTimeNanos=776586800, setName='atlas-uuawkl-shard-0', canonicalAddress=ac-zihlkns-shard-00-00.hwak4ul.mongodb.net:27017, hosts=[ac-zihlkns-shard-00-00.hwak4ul.mongodb.net:27017, ac-zihlkns-shard-00-01.hwak4ul.mongodb.net:27017, ac-zihlkns-shard-00-02.hwak4ul.mongodb.net:27017], passives=[], arbiters=[], primary='ac-zihlkns-shard-00-02.hwak4ul.mongodb.net:27017', tagSet=TagSet{[Tag{name='availabilityZone', value='usw2-az1'}, Tag{name='diskState', value='READY'}, Tag{name='nodeType', value='ELECTABLE'}, Tag{name='provider', value='AWS'}, Tag{name='region', value='US_WEST_2'}, Tag{name='workloadType', value='OPERATIONAL'}]}, electionId=null, setVersion=1, topologyVersion=TopologyVersion{processId=6607208fe2e85b4967a5455b, counter=4}, lastWriteDate=Fri Apr 05 01:48:51 EDT 2024, lastUpdateTimeNanos=691293477925800}
[DEBUG] Finished creation of repository instance for com.example.RapidEYE360.repositories.ClerkExpiryRepository.
[DEBUG] Creating shared instance of singleton bean 'clerkExpiryService'
[DEBUG] Creating shared instance of singleton bean 'discountController'
[DEBUG] Connection pool ready for ac-zihlkns-shard-00-01.hwak4ul.mongodb.net:27017
[DEBUG] Creating shared instance of singleton bean 'discountService'
[DEBUG] Creating shared instance of singleton bean 'emailController'
[DEBUG] Updating cluster description to  {type=REPLICA_SET, servers=[{address=ac-zihlkns-shard-00-00.hwak4ul.mongodb.net:27017, type=UNKNOWN, state=CONNECTING}, {address=ac-zihlkns-shard-00-02.hwak4ul.mongodb.net:27017, type=UNKNOWN, state=CONNECTING}, {address=ac-zihlkns-shard-00-01.hwak4ul.mongodb.net:27017, type=REPLICA_SET_SECONDARY, TagSet{[Tag{name='availabilityZone', value='usw2-az2'}, Tag{name='diskState', value='READY'}, Tag{name='nodeType', value='ELECTABLE'}, Tag{name='provider', value='AWS'}, Tag{name='region', value='US_WEST_2'}, Tag{name='workloadType', value='OPERATIONAL'}]}, roundTripTime=774.2 ms, state=CONNECTED}]
[DEBUG] Creating shared instance of singleton bean 'expiryController'
[DEBUG] Checking status of ac-zihlkns-shard-00-01.hwak4ul.mongodb.net:27017
[DEBUG] Connection pool ready for ac-zihlkns-shard-00-02.hwak4ul.mongodb.net:27017
[DEBUG] Creating shared instance of singleton bean 'expiryService'
[INFO] Discovered replica set primary ac-zihlkns-shard-00-02.hwak4ul.mongodb.net:27017 with max election id 7fffffff000000000000000b and max set version 1
[DEBUG] Updating cluster description to  {type=REPLICA_SET, servers=[{address=ac-zihlkns-shard-00-00.hwak4ul.mongodb.net:27017, type=UNKNOWN, state=CONNECTING}, {address=ac-zihlkns-shard-00-02.hwak4ul.mongodb.net:27017, type=REPLICA_SET_PRIMARY, TagSet{[Tag{name='availabilityZone', value='usw2-az3'}, Tag{name='diskState', value='READY'}, Tag{name='nodeType', value='ELECTABLE'}, Tag{name='provider', value='AWS'}, Tag{name='region', value='US_WEST_2'}, Tag{name='workloadType', value='OPERATIONAL'}]}, roundTripTime=771.0 ms, state=CONNECTED}, {address=ac-zihlkns-shard-00-01.hwak4ul.mongodb.net:27017, type=REPLICA_SET_SECONDARY, TagSet{[Tag{name='availabilityZone', value='usw2-az2'}, Tag{name='diskState', value='READY'}, Tag{name='nodeType', value='ELECTABLE'}, Tag{name='provider', value='AWS'}, Tag{name='region', value='US_WEST_2'}, Tag{name='workloadType', value='OPERATIONAL'}]}, roundTripTime=774.2 ms, state=CONNECTED}]
[DEBUG] Checking status of ac-zihlkns-shard-00-02.hwak4ul.mongodb.net:27017
[DEBUG] Connection pool ready for ac-zihlkns-shard-00-00.hwak4ul.mongodb.net:27017
[DEBUG] Creating shared instance of singleton bean 'productController'
[DEBUG] Updating cluster description to  {type=REPLICA_SET, servers=[{address=ac-zihlkns-shard-00-00.hwak4ul.mongodb.net:27017, type=REPLICA_SET_SECONDARY, TagSet{[Tag{name='availabilityZone', value='usw2-az1'}, Tag{name='diskState', value='READY'}, Tag{name='nodeType', value='ELECTABLE'}, Tag{name='provider', value='AWS'}, Tag{name='region', value='US_WEST_2'}, Tag{name='workloadType', value='OPERATIONAL'}]}, roundTripTime=776.6 ms, state=CONNECTED}, {address=ac-zihlkns-shard-00-02.hwak4ul.mongodb.net:27017, type=REPLICA_SET_PRIMARY, TagSet{[Tag{name='availabilityZone', value='usw2-az3'}, Tag{name='diskState', value='READY'}, Tag{name='nodeType', value='ELECTABLE'}, Tag{name='provider', value='AWS'}, Tag{name='region', value='US_WEST_2'}, Tag{name='workloadType', value='OPERATIONAL'}]}, roundTripTime=771.0 ms, state=CONNECTED}, {address=ac-zihlkns-shard-00-01.hwak4ul.mongodb.net:27017, type=REPLICA_SET_SECONDARY, TagSet{[Tag{name='availabilityZone', value='usw2-az2'}, Tag{name='diskState', value='READY'}, Tag{name='nodeType', value='ELECTABLE'}, Tag{name='provider', value='AWS'}, Tag{name='region', value='US_WEST_2'}, Tag{name='workloadType', value='OPERATIONAL'}]}, roundTripTime=774.2 ms, state=CONNECTED}]
[DEBUG] Checking status of ac-zihlkns-shard-00-00.hwak4ul.mongodb.net:27017
[DEBUG] Creating shared instance of singleton bean 'productService'
[DEBUG] Creating shared instance of singleton bean 'supplierController'
[DEBUG] Creating shared instance of singleton bean 'supplierService'
[DEBUG] Creating shared instance of singleton bean 'dateSync'
[DEBUG] Autowiring by type from bean name 'dateSync' via constructor to bean named 'mongoTemplate'
[DEBUG] Creating shared instance of singleton bean 'org.springframework.security.config.annotation.web.configuration.WebSecurityConfiguration'
[DEBUG] Creating shared instance of singleton bean 'org.springframework.security.config.annotation.web.configuration.HttpSecurityConfiguration'
[DEBUG] Creating shared instance of singleton bean 'mvcContentNegotiationManager'
[DEBUG] Creating shared instance of singleton bean 'org.springframework.boot.autoconfigure.web.servlet.WebMvcAutoConfiguration$EnableWebMvcConfiguration'
[DEBUG] Creating shared instance of singleton bean 'spring.mvc-org.springframework.boot.autoconfigure.web.servlet.WebMvcProperties'
[DEBUG] Creating shared instance of singleton bean 'spring.web-org.springframework.boot.autoconfigure.web.WebProperties'
[DEBUG] Autowiring by type from bean name 'org.springframework.boot.autoconfigure.web.servlet.WebMvcAutoConfiguration$EnableWebMvcConfiguration' via constructor to bean named 'spring.mvc-org.springframework.boot.autoconfigure.web.servlet.WebMvcProperties'
[DEBUG] Autowiring by type from bean name 'org.springframework.boot.autoconfigure.web.servlet.WebMvcAutoConfiguration$EnableWebMvcConfiguration' via constructor to bean named 'spring.web-org.springframework.boot.autoconfigure.web.WebProperties'
[DEBUG] Autowiring by type from bean name 'org.springframework.boot.autoconfigure.web.servlet.WebMvcAutoConfiguration$EnableWebMvcConfiguration' via constructor to bean named 'org.springframework.beans.factory.support.DefaultListableBeanFactory@41522537'
[DEBUG] Creating shared instance of singleton bean 'org.springframework.security.config.annotation.web.configuration.WebMvcSecurityConfiguration'
[DEBUG] Creating shared instance of singleton bean 'org.springframework.boot.autoconfigure.web.servlet.WebMvcAutoConfiguration$WebMvcAutoConfigurationAdapter'
[DEBUG] Autowiring by type from bean name 'org.springframework.boot.autoconfigure.web.servlet.WebMvcAutoConfiguration$WebMvcAutoConfigurationAdapter' via constructor to bean named 'spring.web-org.springframework.boot.autoconfigure.web.WebProperties'
[DEBUG] Autowiring by type from bean name 'org.springframework.boot.autoconfigure.web.servlet.WebMvcAutoConfiguration$WebMvcAutoConfigurationAdapter' via constructor to bean named 'spring.mvc-org.springframework.boot.autoconfigure.web.servlet.WebMvcProperties'
[DEBUG] Autowiring by type from bean name 'org.springframework.boot.autoconfigure.web.servlet.WebMvcAutoConfiguration$WebMvcAutoConfigurationAdapter' via constructor to bean named 'org.springframework.beans.factory.support.DefaultListableBeanFactory@41522537'
[DEBUG] Creating shared instance of singleton bean 'org.springframework.data.web.config.SpringDataWebConfiguration'
[DEBUG] Autowiring by type from bean name 'org.springframework.data.web.config.SpringDataWebConfiguration' via constructor to bean named 'org.springframework.web.context.support.GenericWebApplicationContext@6579c3d9'
[DEBUG] Creating shared instance of singleton bean 'mvcHandlerMappingIntrospectorRequestTransformer'
[DEBUG] Creating shared instance of singleton bean 'mvcHandlerMappingIntrospector'
[DEBUG] Creating shared instance of singleton bean 'welcomePageHandlerMapping'
[DEBUG] Creating shared instance of singleton bean 'mvcConversionService'
[DEBUG] Creating shared instance of singleton bean 'mvcResourceUrlProvider'
[DEBUG] Autowiring by type from bean name 'welcomePageHandlerMapping' via factory method to bean named 'org.springframework.web.context.support.GenericWebApplicationContext@6579c3d9'
[DEBUG] Autowiring by type from bean name 'welcomePageHandlerMapping' via factory method to bean named 'mvcConversionService'
[DEBUG] Autowiring by type from bean name 'welcomePageHandlerMapping' via factory method to bean named 'mvcResourceUrlProvider'
[DEBUG] Creating shared instance of singleton bean 'welcomePageNotAcceptableHandlerMapping'
[DEBUG] Autowiring by type from bean name 'welcomePageNotAcceptableHandlerMapping' via factory method to bean named 'org.springframework.web.context.support.GenericWebApplicationContext@6579c3d9'
[DEBUG] Autowiring by type from bean name 'welcomePageNotAcceptableHandlerMapping' via factory method to bean named 'mvcConversionService'
[DEBUG] Autowiring by type from bean name 'welcomePageNotAcceptableHandlerMapping' via factory method to bean named 'mvcResourceUrlProvider'
[DEBUG] Creating shared instance of singleton bean 'requestMappingHandlerMapping'
[DEBUG] Autowiring by type from bean name 'requestMappingHandlerMapping' via factory method to bean named 'mvcContentNegotiationManager'
[DEBUG] Autowiring by type from bean name 'requestMappingHandlerMapping' via factory method to bean named 'mvcConversionService'
[DEBUG] Autowiring by type from bean name 'requestMappingHandlerMapping' via factory method to bean named 'mvcResourceUrlProvider'
[DEBUG] 
	c.e.R.c.AuthenticationController:
	{POST [/register]}: register(Clerk)
	{POST [/login]}: login(Clerk)
[DEBUG] 
	c.e.R.c.ClerkDiscountController:
	{POST [/clerkDiscount/saveDiscount]}: addingClerkDIscountSingle(ClerkDiscount)
	{POST [/clerkDiscount/saveDiscounts]}: addingClerkDIscount(List)
	{GET [/clerkDiscount/listAll]}: findingAllDiscountProductsClerk()
[DEBUG] 
	c.e.R.c.ClerkExpiryController:
	{POST [/clerkExpiry/saveExpiry]}: addingClerkExpirySingle(ClerkExpiry)
	{POST [/clerkExpiry/saveExpiries]}: addingClerkExpiry(List)
	{GET [/clerkExpiry/listAll]}: findingAllExpiredProductsClerk()
[DEBUG] 
	c.e.R.c.DiscountController:
	{GET [/discount/listAll]}: findingAllDiscounts()
	{POST [/discount/create]}: addingDiscount(Discount)
	{GET [/discount/UPCID/{UPCID}]}: findingDiscountWithUPCID(Long)
	{PUT [/discount/{UPCID}]}: updateDiscountPrice(Long,Discount)
	{PUT [/discount/statusUpdate/updateDiscount]}: updateDiscountStatus(Discount)
	{DELETE [/discount/remove/{id}]}: deleteDiscountByIDAndAisleNumber(Long)
[DEBUG] 
	c.e.R.c.EmailController:
	{POST [/send-emails]}: sendEmails(String)
[DEBUG] 
	c.e.R.c.ExpiryController:
	{POST [/expiry/create]}: addingExpiry(Expiry)
	{GET [/expiry/listAll]}: findingAllExpiredProducts()
	{GET [/expiry/expirydate]}: findingExpiryWithDate(Date)
	{GET [/expiry/UPCID/{UPCID}]}: findingExpirywithUPCID(Long)
	{PUT [/expiry/{UPCID}]}: updateDiscountPrice(Long,Expiry)
	{DELETE [/expiry/remove/{id}]}: deleteExpiryByIDAndAisleNumber(long)
	{PUT [/expiry/statusUpdate/updateExpiry]}: updateExpiryStatus(Expiry)
[DEBUG] 
	c.e.R.c.ProductController:
	{PUT [/products/{UPCID}]}: updateProductPrice(Long,ProductDescription)
	{GET [/products/UPCID/{upcID}]}: getProductByUPCID(Long)
	{GET [/products/Brand/{brand}]}: getProductByBrand(String)
	{GET [/products/Category/{category}]}: getProductByCategory(String)
	{GET [/products/procurementDate]}: findingProductWithProcurementDate(Date)
	{DELETE [/products/remove/{id}/{rackNo}]}: deleteProductByIDAndAisleNumber(long,String)
	{GET [/products/expiryDate]}: findingProductWithExpiryDate(Date)
	{POST [/products/create]}: createProduct(ProductDescription)
	{GET [/products/all]}: getProducts()
	{GET [/products/productsOnDiscount]}: getProductsWithDifferenceExactly30Days()
	{GET [/products/productsAboutToExpire]}: getProductsWithDifferenceExactly7Days()
[DEBUG] 
	c.e.R.c.SupplierController:
	{GET [/supplier/brandName/{brandName}]}: gettingSuppliersWithBrandName(String)
	{POST [/supplier/create]}: addingBrand(Supplier)
	{GET [/supplier/listAll]}: findingAllBrands()
	{PUT [/supplier/{brandName}]}: updateBrandNames(String,Supplier)
	{DELETE [/supplier/remove/{brandName}]}: deleteBrandNameByIDAndAisleNumber(String)
[DEBUG] 
	o.s.b.a.w.s.e.BasicErrorController:
	{ [/error]}: error(HttpServletRequest)
	{ [/error], produces [text/html]}: errorHtml(HttpServletRequest,HttpServletResponse)
[DEBUG] 40 mappings in 'requestMappingHandlerMapping'
[DEBUG] Creating shared instance of singleton bean 'viewControllerHandlerMapping'
[DEBUG] Autowiring by type from bean name 'viewControllerHandlerMapping' via factory method to bean named 'mvcConversionService'
[DEBUG] Autowiring by type from bean name 'viewControllerHandlerMapping' via factory method to bean named 'mvcResourceUrlProvider'
[DEBUG] Creating shared instance of singleton bean 'beanNameHandlerMapping'
[DEBUG] Autowiring by type from bean name 'beanNameHandlerMapping' via factory method to bean named 'mvcConversionService'
[DEBUG] Autowiring by type from bean name 'beanNameHandlerMapping' via factory method to bean named 'mvcResourceUrlProvider'
[DEBUG] 'beanNameHandlerMapping' {}
[DEBUG] Creating shared instance of singleton bean 'routerFunctionMapping'
[DEBUG] Autowiring by type from bean name 'routerFunctionMapping' via factory method to bean named 'mvcConversionService'
[DEBUG] Autowiring by type from bean name 'routerFunctionMapping' via factory method to bean named 'mvcResourceUrlProvider'
[DEBUG] Creating shared instance of singleton bean 'messageConverters'
[DEBUG] Creating shared instance of singleton bean 'org.springframework.boot.autoconfigure.http.HttpMessageConvertersAutoConfiguration'
[DEBUG] Creating shared instance of singleton bean 'stringHttpMessageConverter'
[DEBUG] Creating shared instance of singleton bean 'org.springframework.boot.autoconfigure.http.HttpMessageConvertersAutoConfiguration$StringHttpMessageConverterConfiguration'
[DEBUG] Autowiring by type from bean name 'stringHttpMessageConverter' via factory method to bean named 'environment'
[DEBUG] Creating shared instance of singleton bean 'mappingJackson2HttpMessageConverter'
[DEBUG] Creating shared instance of singleton bean 'org.springframework.boot.autoconfigure.http.JacksonHttpMessageConvertersConfiguration$MappingJackson2HttpMessageConverterConfiguration'
[DEBUG] Creating shared instance of singleton bean 'jacksonObjectMapper'
[DEBUG] Creating shared instance of singleton bean 'org.springframework.boot.autoconfigure.jackson.JacksonAutoConfiguration$JacksonObjectMapperConfiguration'
[DEBUG] Creating shared instance of singleton bean 'org.springframework.boot.autoconfigure.jackson.JacksonAutoConfiguration$JacksonObjectMapperBuilderConfiguration'
[DEBUG] Creating shared instance of singleton bean 'standardJacksonObjectMapperBuilderCustomizer'
[DEBUG] Creating shared instance of singleton bean 'org.springframework.boot.autoconfigure.jackson.JacksonAutoConfiguration$Jackson2ObjectMapperBuilderCustomizerConfiguration'
[DEBUG] Creating shared instance of singleton bean 'spring.jackson-org.springframework.boot.autoconfigure.jackson.JacksonProperties'
[DEBUG] Autowiring by type from bean name 'standardJacksonObjectMapperBuilderCustomizer' via factory method to bean named 'spring.jackson-org.springframework.boot.autoconfigure.jackson.JacksonProperties'
[DEBUG] Creating shared instance of singleton bean 'parameterNamesModule'
[DEBUG] Creating shared instance of singleton bean 'org.springframework.boot.autoconfigure.jackson.JacksonAutoConfiguration$ParameterNamesModuleConfiguration'
[DEBUG] Creating shared instance of singleton bean 'jsonMixinModule'
[DEBUG] Creating shared instance of singleton bean 'org.springframework.boot.autoconfigure.jackson.JacksonAutoConfiguration$JacksonMixinConfiguration'
[DEBUG] Creating shared instance of singleton bean 'jsonMixinModuleEntries'
[DEBUG] Autowiring by type from bean name 'jsonMixinModuleEntries' via factory method to bean named 'org.springframework.web.context.support.GenericWebApplicationContext@6579c3d9'
[DEBUG] Autowiring by type from bean name 'jsonMixinModule' via factory method to bean named 'org.springframework.web.context.support.GenericWebApplicationContext@6579c3d9'
[DEBUG] Autowiring by type from bean name 'jsonMixinModule' via factory method to bean named 'jsonMixinModuleEntries'
[DEBUG] Creating shared instance of singleton bean 'jsonComponentModule'
[DEBUG] Creating shared instance of singleton bean 'org.springframework.boot.autoconfigure.jackson.JacksonAutoConfiguration'
[DEBUG] Creating shared instance of singleton bean 'geoJsonModule'
[DEBUG] Creating shared instance of singleton bean 'org.springframework.data.mongodb.config.GeoJsonConfiguration'
[DEBUG] Creating shared instance of singleton bean 'jacksonGeoModule'
[DEBUG] Creating shared instance of singleton bean 'org.springframework.data.web.config.SpringDataJacksonConfiguration'
[DEBUG] Autowiring by type from bean name 'jacksonObjectMapperBuilder' via factory method to bean named 'org.springframework.web.context.support.GenericWebApplicationContext@6579c3d9'
[DEBUG] Autowiring by type from bean name 'jacksonObjectMapperBuilder' via factory method to bean named 'standardJacksonObjectMapperBuilderCustomizer'
[DEBUG] Autowiring by type from bean name 'jacksonObjectMapper' via factory method to bean named 'jacksonObjectMapperBuilder'
[DEBUG] Autowiring by type from bean name 'mappingJackson2HttpMessageConverter' via factory method to bean named 'jacksonObjectMapper'
[DEBUG] Creating shared instance of singleton bean 'resourceHandlerMapping'
[DEBUG] Autowiring by type from bean name 'resourceHandlerMapping' via factory method to bean named 'mvcContentNegotiationManager'
[DEBUG] Autowiring by type from bean name 'resourceHandlerMapping' via factory method to bean named 'mvcConversionService'
[DEBUG] Autowiring by type from bean name 'resourceHandlerMapping' via factory method to bean named 'mvcResourceUrlProvider'
[DEBUG] 'resourceHandlerMapping' {/webjars/**=ResourceHttpRequestHandler [classpath [META-INF/resources/webjars/]], /**=ResourceHttpRequestHandler [classpath [META-INF/resources/], classpath [resources/], classpath [static/], classpath [public/], ServletContext [/]]}
[DEBUG] Creating shared instance of singleton bean 'defaultServletHandlerMapping'
[DEBUG] Creating shared instance of singleton bean 'securityFilterChain'
[DEBUG] Autowiring by type from bean name 'securityFilterChain' via factory method to bean named 'org.springframework.security.config.annotation.web.configuration.HttpSecurityConfiguration.httpSecurity'
[INFO] Will secure any request with [org.springframework.security.web.session.DisableEncodeUrlFilter@66ab088c, org.springframework.security.web.context.request.async.WebAsyncManagerIntegrationFilter@5d01a2eb, org.springframework.security.web.context.SecurityContextHolderFilter@4e3d36c2, org.springframework.security.web.header.HeaderWriterFilter@2a7392a3, org.springframework.web.filter.CorsFilter@6fe337a5, org.springframework.security.web.authentication.logout.LogoutFilter@38e052b2, com.example.RapidEYE360.filter.JwtAuthenticationFilter@7d43f1c9, org.springframework.security.web.savedrequest.RequestCacheAwareFilter@25dc2c0, org.springframework.security.web.servletapi.SecurityContextHolderAwareRequestFilter@192ecf8, org.springframework.security.web.authentication.AnonymousAuthenticationFilter@7d60bd5a, org.springframework.security.web.session.SessionManagementFilter@1b53e6fc, org.springframework.security.web.access.ExceptionTranslationFilter@4a10c019, org.springframework.security.web.access.intercept.AuthorizationFilter@57ed8f95]
[DEBUG] Creating shared instance of singleton bean 'springSecurityFilterChain'
[DEBUG] Creating shared instance of singleton bean 'webSecurityExpressionHandler'
[DEBUG] Creating shared instance of singleton bean 'privilegeEvaluator'
[DEBUG] Creating shared instance of singleton bean 'requestDataValueProcessor'
[DEBUG] Creating shared instance of singleton bean 'org.springframework.boot.autoconfigure.context.PropertyPlaceholderAutoConfiguration'
[DEBUG] Creating shared instance of singleton bean 'org.springframework.boot.context.properties.EnableConfigurationPropertiesRegistrar.methodValidationExcludeFilter'
[DEBUG] Creating shared instance of singleton bean 'org.springframework.boot.autoconfigure.websocket.servlet.WebSocketServletAutoConfiguration$TomcatWebSocketConfiguration'
[DEBUG] Creating shared instance of singleton bean 'websocketServletWebServerCustomizer'
[DEBUG] Creating shared instance of singleton bean 'org.springframework.boot.autoconfigure.websocket.servlet.WebSocketServletAutoConfiguration'
[DEBUG] Creating shared instance of singleton bean 'org.springframework.boot.autoconfigure.web.servlet.ServletWebServerFactoryConfiguration$EmbeddedTomcat'
[DEBUG] Creating shared instance of singleton bean 'tomcatServletWebServerFactory'
[DEBUG] Creating shared instance of singleton bean 'servletWebServerFactoryCustomizer'
[DEBUG] Creating shared instance of singleton bean 'org.springframework.boot.autoconfigure.web.servlet.ServletWebServerFactoryAutoConfiguration'
[DEBUG] Creating shared instance of singleton bean 'server-org.springframework.boot.autoconfigure.web.ServerProperties'
[DEBUG] Autowiring by type from bean name 'servletWebServerFactoryCustomizer' via factory method to bean named 'server-org.springframework.boot.autoconfigure.web.ServerProperties'
[DEBUG] Creating shared instance of singleton bean 'tomcatServletWebServerFactoryCustomizer'
[DEBUG] Autowiring by type from bean name 'tomcatServletWebServerFactoryCustomizer' via factory method to bean named 'server-org.springframework.boot.autoconfigure.web.ServerProperties'
[DEBUG] Creating shared instance of singleton bean 'localeCharsetMappingsCustomizer'
[DEBUG] Creating shared instance of singleton bean 'org.springframework.boot.autoconfigure.web.servlet.HttpEncodingAutoConfiguration'
[DEBUG] Autowiring by type from bean name 'org.springframework.boot.autoconfigure.web.servlet.HttpEncodingAutoConfiguration' via constructor to bean named 'server-org.springframework.boot.autoconfigure.web.ServerProperties'
[DEBUG] Creating shared instance of singleton bean 'errorPageCustomizer'
[DEBUG] Creating shared instance of singleton bean 'org.springframework.boot.autoconfigure.web.servlet.error.ErrorMvcAutoConfiguration'
[DEBUG] Autowiring by type from bean name 'org.springframework.boot.autoconfigure.web.servlet.error.ErrorMvcAutoConfiguration' via constructor to bean named 'server-org.springframework.boot.autoconfigure.web.ServerProperties'
[DEBUG] Creating shared instance of singleton bean 'dispatcherServletRegistration'
[DEBUG] Creating shared instance of singleton bean 'org.springframework.boot.autoconfigure.web.servlet.DispatcherServletAutoConfiguration$DispatcherServletRegistrationConfiguration'
[DEBUG] Creating shared instance of singleton bean 'dispatcherServlet'
[DEBUG] Creating shared instance of singleton bean 'org.springframework.boot.autoconfigure.web.servlet.DispatcherServletAutoConfiguration$DispatcherServletConfiguration'
[DEBUG] Autowiring by type from bean name 'dispatcherServlet' via factory method to bean named 'spring.mvc-org.springframework.boot.autoconfigure.web.servlet.WebMvcProperties'
[DEBUG] Autowiring by type from bean name 'dispatcherServletRegistration' via factory method to bean named 'dispatcherServlet'
[DEBUG] Autowiring by type from bean name 'dispatcherServletRegistration' via factory method to bean named 'spring.mvc-org.springframework.boot.autoconfigure.web.servlet.WebMvcProperties'
[DEBUG] Creating shared instance of singleton bean 'multipartConfigElement'
[DEBUG] Creating shared instance of singleton bean 'org.springframework.boot.autoconfigure.web.servlet.MultipartAutoConfiguration'
[DEBUG] Creating shared instance of singleton bean 'spring.servlet.multipart-org.springframework.boot.autoconfigure.web.servlet.MultipartProperties'
[DEBUG] Autowiring by type from bean name 'org.springframework.boot.autoconfigure.web.servlet.MultipartAutoConfiguration' via constructor to bean named 'spring.servlet.multipart-org.springframework.boot.autoconfigure.web.servlet.MultipartProperties'
[DEBUG] Autowiring by type from bean name 'errorPageCustomizer' via factory method to bean named 'dispatcherServletRegistration'
[DEBUG] Creating shared instance of singleton bean 'org.springframework.boot.autoconfigure.web.servlet.DispatcherServletAutoConfiguration'
[DEBUG] Creating shared instance of singleton bean 'org.springframework.boot.autoconfigure.task.TaskExecutorConfigurations$ThreadPoolTaskExecutorBuilderConfiguration'
[DEBUG] Creating shared instance of singleton bean 'threadPoolTaskExecutorBuilder'
[DEBUG] Creating shared instance of singleton bean 'spring.task.execution-org.springframework.boot.autoconfigure.task.TaskExecutionProperties'
[DEBUG] Autowiring by type from bean name 'threadPoolTaskExecutorBuilder' via factory method to bean named 'spring.task.execution-org.springframework.boot.autoconfigure.task.TaskExecutionProperties'
[DEBUG] Creating shared instance of singleton bean 'org.springframework.boot.autoconfigure.task.TaskExecutorConfigurations$TaskExecutorBuilderConfiguration'
[DEBUG] Creating shared instance of singleton bean 'taskExecutorBuilder'
[DEBUG] Autowiring by type from bean name 'taskExecutorBuilder' via factory method to bean named 'spring.task.execution-org.springframework.boot.autoconfigure.task.TaskExecutionProperties'
[DEBUG] Creating shared instance of singleton bean 'org.springframework.boot.autoconfigure.task.TaskExecutorConfigurations$SimpleAsyncTaskExecutorBuilderConfiguration'
[DEBUG] Autowiring by type from bean name 'org.springframework.boot.autoconfigure.task.TaskExecutorConfigurations$SimpleAsyncTaskExecutorBuilderConfiguration' via constructor to bean named 'spring.task.execution-org.springframework.boot.autoconfigure.task.TaskExecutionProperties'
[DEBUG] Creating shared instance of singleton bean 'simpleAsyncTaskExecutorBuilder'
[DEBUG] Creating shared instance of singleton bean 'org.springframework.boot.autoconfigure.task.TaskExecutorConfigurations$TaskExecutorConfiguration'
[DEBUG] Creating shared instance of singleton bean 'org.springframework.boot.autoconfigure.task.TaskExecutionAutoConfiguration'
[DEBUG] Creating shared instance of singleton bean 'org.springframework.boot.autoconfigure.web.servlet.error.ErrorMvcAutoConfiguration$WhitelabelErrorViewConfiguration'
[DEBUG] Creating shared instance of singleton bean 'error'
[DEBUG] Creating shared instance of singleton bean 'beanNameViewResolver'
[DEBUG] Creating shared instance of singleton bean 'org.springframework.boot.autoconfigure.web.servlet.error.ErrorMvcAutoConfiguration$DefaultErrorViewResolverConfiguration'
[DEBUG] Autowiring by type from bean name 'org.springframework.boot.autoconfigure.web.servlet.error.ErrorMvcAutoConfiguration$DefaultErrorViewResolverConfiguration' via constructor to bean named 'org.springframework.web.context.support.GenericWebApplicationContext@6579c3d9'
[DEBUG] Autowiring by type from bean name 'org.springframework.boot.autoconfigure.web.servlet.error.ErrorMvcAutoConfiguration$DefaultErrorViewResolverConfiguration' via constructor to bean named 'spring.web-org.springframework.boot.autoconfigure.web.WebProperties'
[DEBUG] Creating shared instance of singleton bean 'conventionErrorViewResolver'
[DEBUG] Creating shared instance of singleton bean 'errorAttributes'
[DEBUG] Creating shared instance of singleton bean 'basicErrorController'
[DEBUG] Autowiring by type from bean name 'basicErrorController' via factory method to bean named 'errorAttributes'
[DEBUG] Creating shared instance of singleton bean 'localeResolver'
[DEBUG] Creating shared instance of singleton bean 'themeResolver'
[DEBUG] Creating shared instance of singleton bean 'flashMapManager'
[DEBUG] Creating shared instance of singleton bean 'mvcValidator'
[DEBUG] Creating shared instance of singleton bean 'mvcPatternParser'
[DEBUG] Creating shared instance of singleton bean 'mvcUrlPathHelper'
[DEBUG] Creating shared instance of singleton bean 'mvcPathMatcher'
[DEBUG] Creating shared instance of singleton bean 'requestMappingHandlerAdapter'
[DEBUG] Autowiring by type from bean name 'requestMappingHandlerAdapter' via factory method to bean named 'mvcContentNegotiationManager'
[DEBUG] Autowiring by type from bean name 'requestMappingHandlerAdapter' via factory method to bean named 'mvcConversionService'
[DEBUG] Autowiring by type from bean name 'requestMappingHandlerAdapter' via factory method to bean named 'mvcValidator'
[DEBUG] Creating shared instance of singleton bean 'sortResolver'
[DEBUG] Creating shared instance of singleton bean 'sortCustomizer'
[DEBUG] Creating shared instance of singleton bean 'org.springframework.boot.autoconfigure.data.web.SpringDataWebAutoConfiguration'
[DEBUG] Creating shared instance of singleton bean 'spring.data.web-org.springframework.boot.autoconfigure.data.web.SpringDataWebProperties'
[DEBUG] Autowiring by type from bean name 'org.springframework.boot.autoconfigure.data.web.SpringDataWebAutoConfiguration' via constructor to bean named 'spring.data.web-org.springframework.boot.autoconfigure.data.web.SpringDataWebProperties'
[DEBUG] Creating shared instance of singleton bean 'pageableResolver'
[DEBUG] Creating shared instance of singleton bean 'pageableCustomizer'
[DEBUG] Creating shared instance of singleton bean 'applicationTaskExecutor'
[DEBUG] Autowiring by type from bean name 'applicationTaskExecutor' via factory method to bean named 'taskExecutorBuilder'
[DEBUG] Initializing ExecutorService 'applicationTaskExecutor'
[DEBUG] ControllerAdvice beans: 0 @ModelAttribute, 0 @InitBinder, 1 RequestBodyAdvice, 1 ResponseBodyAdvice
[DEBUG] Creating shared instance of singleton bean 'handlerFunctionAdapter'
[DEBUG] Creating shared instance of singleton bean 'mvcUriComponentsContributor'
[DEBUG] Autowiring by type from bean name 'mvcUriComponentsContributor' via factory method to bean named 'mvcConversionService'
[DEBUG] Autowiring by type from bean name 'mvcUriComponentsContributor' via factory method to bean named 'requestMappingHandlerAdapter'
[DEBUG] Creating shared instance of singleton bean 'httpRequestHandlerAdapter'
[DEBUG] Creating shared instance of singleton bean 'simpleControllerHandlerAdapter'
[DEBUG] Creating shared instance of singleton bean 'handlerExceptionResolver'
[DEBUG] Autowiring by type from bean name 'handlerExceptionResolver' via factory method to bean named 'mvcContentNegotiationManager'
[DEBUG] ControllerAdvice beans: 0 @ExceptionHandler, 1 ResponseBodyAdvice
[DEBUG] Creating shared instance of singleton bean 'mvcViewResolver'
[DEBUG] Autowiring by type from bean name 'mvcViewResolver' via factory method to bean named 'mvcContentNegotiationManager'
[...]
    <system-out><![CDATA[[DEBUG] Spring test ApplicationContext cache statistics: [DefaultContextCache@6b04689e size = 1, maxSize = 32, parentContextCount = 0, hitCount = 234, missCount = 1, failureCount = 0]
[DEBUG] Setting up MockHttpServletRequest, MockHttpServletResponse, ServletWebRequest, and RequestContextHolder for test class com.example.RapidEYE360.RapidEye360IntegrationTests
[DEBUG] Spring test ApplicationContext cache statistics: [DefaultContextCache@6b04689e size = 1, maxSize = 32, parentContextCount = 0, hitCount = 235, missCount = 1, failureCount = 0]
[DEBUG] Performing dependency injection for test class com.example.RapidEYE360.RapidEye360IntegrationTests
[DEBUG] Spring test ApplicationContext cache statistics: [DefaultContextCache@6b04689e size = 1, maxSize = 32, parentContextCount = 0, hitCount = 236, missCount = 1, failureCount = 0]
[DEBUG] Spring test ApplicationContext cache statistics: [DefaultContextCache@6b04689e size = 1, maxSize = 32, parentContextCount = 0, hitCount = 237, missCount = 1, failureCount = 0]
[DEBUG] Before test method: class [RapidEye360IntegrationTests], method [getProductsByDateOfProcurementTest], class annotated with @DirtiesContext [false] with mode [null], method annotated with @DirtiesContext [false] with mode [null]
[DEBUG] Spring test ApplicationContext cache statistics: [DefaultContextCache@6b04689e size = 1, maxSize = 32, parentContextCount = 0, hitCount = 238, missCount = 1, failureCount = 0]
[DEBUG] Spring test ApplicationContext cache statistics: [DefaultContextCache@6b04689e size = 1, maxSize = 32, parentContextCount = 0, hitCount = 239, missCount = 1, failureCount = 0]
[DEBUG] Spring test ApplicationContext cache statistics: [DefaultContextCache@6b04689e size = 1, maxSize = 32, parentContextCount = 0, hitCount = 240, missCount = 1, failureCount = 0]
[DEBUG] Securing GET /products/procurementDate
[DEBUG] Created query Query: { "userName" : "akmani@uwaterloo.ca"}, Fields: {}, Sort: {}
[DEBUG] find using query: { "Email" : "akmani@uwaterloo.ca"} fields: Document{{}} for class: class com.example.RapidEYE360.models.Clerk in collection: clerklogin
[DEBUG] Checkout started for connection to ac-zihlkns-shard-00-02.hwak4ul.mongodb.net:27017
[DEBUG] Connection checked out: address=ac-zihlkns-shard-00-02.hwak4ul.mongodb.net:27017, driver-generated ID=13, duration=0 ms
[DEBUG] Command "find" started on database "rapideye360" using a connection with driver-generated ID 13 and server-generated ID 120297 to ac-zihlkns-shard-00-02.hwak4ul.mongodb.net:27017. The request ID is 60 and the operation ID is 54. Command: {"find": "clerklogin", "filter": {"Email": "akmani@uwaterloo.ca"}, "limit": 2, "$db": "rapideye360", "$clusterTime": {"clusterTime": {"$timestamp": {"t": 1712296137, "i": 2}}, "signature": {"hash": {"$binary": {"base64": "d59bpyukGxvdYtRp6U4ZozXu1NM=", "subType": "00"}}, "keyId": 7324847645636165637}}, "lsid": {"id": {"$binary": {"base64": "EgsL+nwySzaSqXoUbqmB3g==", "subType": "04"}}}}
[DEBUG] Command "find" succeeded on database "rapideye360" in 78.077 ms using a connection with driver-generated ID 13 and server-generated ID 120297 to ac-zihlkns-shard-00-02.hwak4ul.mongodb.net:27017. The request ID is 60 and the operation ID is 54. Command reply: {"cursor": {"firstBatch": [{"_id": {"$oid": "65d67bd1578b681dc26063f7"}, "Email": "akmani@uwaterloo.ca", "Password": "$2a$10$UuXtSkpimKczEwxsO/bQFe0bBi9hV2TL1.9Nix3k3FnYp8KrbjQJG", "Role": "Manager", "_class": "com.rapideye360.demo.model.Clerk"}], "id": 0, "ns": "rapideye360.clerklogin"}, "ok": 1.0, "$clusterTime": {"clusterTime": {"$timestamp": {"t": 1712296137, "i": 2}}, "signature": {"hash": {"$binary": {"base64": "d59bpyukGxvdYtRp6U4ZozXu1NM=", "subType": "00"}}, "keyId": 7324847645636165637}}, "operationTime": {"$timestamp": {"t": 1712296137, "i": 2}}}
[DEBUG] Received batch of 1 documents with cursorId 0 from server ac-zihlkns-shard-00-02.hwak4ul.mongodb.net:27017
[DEBUG] Connection checked in: address=ac-zihlkns-shard-00-02.hwak4ul.mongodb.net:27017, driver-generated ID=13
[DEBUG] Secured GET /products/procurementDate
[DEBUG] GET "/products/procurementDate", parameters={masked}
[DEBUG] Mapped to com.example.RapidEYE360.controllers.ProductController#findingProductWithProcurementDate(Date)
[DEBUG] Using 'application/json', given [*/*] and supported [application/json, application/*+json]
[DEBUG] Writing [[ProductDescription(id=660f90c8d676d6296bab8450, UPCID=2222222222, category=Meat & Seafood, name=Org (truncated)...]
[DEBUG] Completed 200 OK
[DEBUG] Evaluating path: $[0]['category']
[DEBUG] Evaluating path: $[0]['upcid']
[DEBUG] Evaluating path: $[0]['name']
[DEBUG] Evaluating path: $[0]['price']
[DEBUG] Evaluating path: $[0]['price']
[DEBUG] Evaluating path: $[0]['quantity']
[DEBUG] Evaluating path: $[0]['quantity']
[DEBUG] Evaluating path: $[0]['brand']
[DEBUG] Evaluating path: $[0]['difference']
[DEBUG] Evaluating path: $[0]['difference']
[DEBUG] Evaluating path: $[0]['dateOfProcurement']
[DEBUG] Evaluating path: $[0]['aisleNumber']
[DEBUG] Spring test ApplicationContext cache statistics: [DefaultContextCache@6b04689e size = 1, maxSize = 32, parentContextCount = 0, hitCount = 241, missCount = 1, failureCount = 0]
[DEBUG] Spring test ApplicationContext cache statistics: [DefaultContextCache@6b04689e size = 1, maxSize = 32, parentContextCount = 0, hitCount = 242, missCount = 1, failureCount = 0]
[DEBUG] Spring test ApplicationContext cache statistics: [DefaultContextCache@6b04689e size = 1, maxSize = 32, parentContextCount = 0, hitCount = 243, missCount = 1, failureCount = 0]
[DEBUG] Spring test ApplicationContext cache statistics: [DefaultContextCache@6b04689e size = 1, maxSize = 32, parentContextCount = 0, hitCount = 244, missCount = 1, failureCount = 0]
[DEBUG] Spring test ApplicationContext cache statistics: [DefaultContextCache@6b04689e size = 1, maxSize = 32, parentContextCount = 0, hitCount = 245, missCount = 1, failureCount = 0]
[DEBUG] Spring test ApplicationContext cache statistics: [DefaultContextCache@6b04689e size = 1, maxSize = 32, parentContextCount = 0, hitCount = 246, missCount = 1, failureCount = 0]
[DEBUG] After test method: class [RapidEye360IntegrationTests], method [getProductsByDateOfProcurementTest], class annotated with @DirtiesContext [false] with mode [null], method annotated with @DirtiesContext [false] with mode [null]
[DEBUG] Resetting RequestContextHolder for test class com.example.RapidEYE360.RapidEye360IntegrationTests
]]></system-out>
  </testcase>
  <testcase name="findAllExpiredProductsTest" classname="com.example.RapidEYE360.RapidEye360IntegrationTests" time="0.086">
    <system-out><![CDATA[[DEBUG] Spring test ApplicationContext cache statistics: [DefaultContextCache@6b04689e size = 1, maxSize = 32, parentContextCount = 0, hitCount = 247, missCount = 1, failureCount = 0]
[DEBUG] Setting up MockHttpServletRequest, MockHttpServletResponse, ServletWebRequest, and RequestContextHolder for test class com.example.RapidEYE360.RapidEye360IntegrationTests
[DEBUG] Spring test ApplicationContext cache statistics: [DefaultContextCache@6b04689e size = 1, maxSize = 32, parentContextCount = 0, hitCount = 248, missCount = 1, failureCount = 0]
[DEBUG] Performing dependency injection for test class com.example.RapidEYE360.RapidEye360IntegrationTests
[DEBUG] Spring test ApplicationContext cache statistics: [DefaultContextCache@6b04689e size = 1, maxSize = 32, parentContextCount = 0, hitCount = 249, missCount = 1, failureCount = 0]
[DEBUG] Spring test ApplicationContext cache statistics: [DefaultContextCache@6b04689e size = 1, maxSize = 32, parentContextCount = 0, hitCount = 250, missCount = 1, failureCount = 0]
[DEBUG] Before test method: class [RapidEye360IntegrationTests], method [findAllExpiredProductsTest], class annotated with @DirtiesContext [false] with mode [null], method annotated with @DirtiesContext [false] with mode [null]
[DEBUG] Spring test ApplicationContext cache statistics: [DefaultContextCache@6b04689e size = 1, maxSize = 32, parentContextCount = 0, hitCount = 251, missCount = 1, failureCount = 0]
[DEBUG] Spring test ApplicationContext cache statistics: [DefaultContextCache@6b04689e size = 1, maxSize = 32, parentContextCount = 0, hitCount = 252, missCount = 1, failureCount = 0]
[DEBUG] Spring test ApplicationContext cache statistics: [DefaultContextCache@6b04689e size = 1, maxSize = 32, parentContextCount = 0, hitCount = 253, missCount = 1, failureCount = 0]
[DEBUG] Securing GET /expiry/listAll
[DEBUG] Created query Query: { "userName" : "akmani@uwaterloo.ca"}, Fields: {}, Sort: {}
[DEBUG] find using query: { "Email" : "akmani@uwaterloo.ca"} fields: Document{{}} for class: class com.example.RapidEYE360.models.Clerk in collection: clerklogin
[DEBUG] Checkout started for connection to ac-zihlkns-shard-00-02.hwak4ul.mongodb.net:27017
[DEBUG] Connection checked out: address=ac-zihlkns-shard-00-02.hwak4ul.mongodb.net:27017, driver-generated ID=13, duration=0 ms
[DEBUG] Command "find" started on database "rapideye360" using a connection with driver-generated ID 13 and server-generated ID 120297 to ac-zihlkns-shard-00-02.hwak4ul.mongodb.net:27017. The request ID is 61 and the operation ID is 55. Command: {"find": "clerklogin", "filter": {"Email": "akmani@uwaterloo.ca"}, "limit": 2, "$db": "rapideye360", "$clusterTime": {"clusterTime": {"$timestamp": {"t": 1712296137, "i": 2}}, "signature": {"hash": {"$binary": {"base64": "d59bpyukGxvdYtRp6U4ZozXu1NM=", "subType": "00"}}, "keyId": 7324847645636165637}}, "lsid": {"id": {"$binary": {"base64": "EgsL+nwySzaSqXoUbqmB3g==", "subType": "04"}}}}
[DEBUG] Command "find" succeeded on database "rapideye360" in 74.7058 ms using a connection with driver-generated ID 13 and server-generated ID 120297 to ac-zihlkns-shard-00-02.hwak4ul.mongodb.net:27017. The request ID is 61 and the operation ID is 55. Command reply: {"cursor": {"firstBatch": [{"_id": {"$oid": "65d67bd1578b681dc26063f7"}, "Email": "akmani@uwaterloo.ca", "Password": "$2a$10$UuXtSkpimKczEwxsO/bQFe0bBi9hV2TL1.9Nix3k3FnYp8KrbjQJG", "Role": "Manager", "_class": "com.rapideye360.demo.model.Clerk"}], "id": 0, "ns": "rapideye360.clerklogin"}, "ok": 1.0, "$clusterTime": {"clusterTime": {"$timestamp": {"t": 1712296137, "i": 2}}, "signature": {"hash": {"$binary": {"base64": "d59bpyukGxvdYtRp6U4ZozXu1NM=", "subType": "00"}}, "keyId": 7324847645636165637}}, "operationTime": {"$timestamp": {"t": 1712296137, "i": 2}}}
[DEBUG] Received batch of 1 documents with cursorId 0 from server ac-zihlkns-shard-00-02.hwak4ul.mongodb.net:27017
[DEBUG] Connection checked in: address=ac-zihlkns-shard-00-02.hwak4ul.mongodb.net:27017, driver-generated ID=13
[DEBUG] Secured GET /expiry/listAll
[DEBUG] GET "/expiry/listAll", parameters={}
[DEBUG] Mapped to com.example.RapidEYE360.controllers.ExpiryController#findingAllExpiredProducts()
[DEBUG] Using 'application/json', given [*/*] and supported [application/json, application/*+json]
[DEBUG] Writing [[Expiry(id=660f90c8d676d6296bab8452, Category=Bakery, Name=Chocolate Fudge Layer Cake, Brand=Vachon1 (truncated)...]
[DEBUG] Completed 200 OK
[DEBUG] Evaluating path: $.length()
[DEBUG] Evaluating path: $[0]['category']
[DEBUG] Evaluating path: $[0]['name']
[DEBUG] Evaluating path: $[0]['brand']
[DEBUG] Evaluating path: $[0]['upcid']
[DEBUG] Evaluating path: $[0]['upcid']
[DEBUG] Evaluating path: $[0]['aisleNumber']
[DEBUG] Evaluating path: $[0]['dateOfExpiry']
[DEBUG] Evaluating path: $[1]['category']
[DEBUG] Evaluating path: $[1]['name']
[DEBUG] Evaluating path: $[1]['brand']
[DEBUG] Evaluating path: $[1]['upcid']
[DEBUG] Evaluating path: $[1]['upcid']
[DEBUG] Evaluating path: $[1]['aisleNumber']
[DEBUG] Evaluating path: $[1]['dateOfExpiry']
[DEBUG] Evaluating path: $[2]['category']
[DEBUG] Evaluating path: $[2]['name']
[DEBUG] Evaluating path: $[2]['brand']
[DEBUG] Evaluating path: $[2]['upcid']
[DEBUG] Evaluating path: $[2]['aisleNumber']
[DEBUG] Evaluating path: $[2]['dateOfExpiry']
[DEBUG] Spring test ApplicationContext cache statistics: [DefaultContextCache@6b04689e size = 1, maxSize = 32, parentContextCount = 0, hitCount = 254, missCount = 1, failureCount = 0]
[DEBUG] Spring test ApplicationContext cache statistics: [DefaultContextCache@6b04689e size = 1, maxSize = 32, parentContextCount = 0, hitCount = 255, missCount = 1, failureCount = 0]
[DEBUG] Spring test ApplicationContext cache statistics: [DefaultContextCache@6b04689e size = 1, maxSize = 32, parentContextCount = 0, hitCount = 256, missCount = 1, failureCount = 0]
[DEBUG] Spring test ApplicationContext cache statistics: [DefaultContextCache@6b04689e size = 1, maxSize = 32, parentContextCount = 0, hitCount = 257, missCount = 1, failureCount = 0]
[DEBUG] Spring test ApplicationContext cache statistics: [DefaultContextCache@6b04689e size = 1, maxSize = 32, parentContextCount = 0, hitCount = 258, missCount = 1, failureCount = 0]
[DEBUG] Spring test ApplicationContext cache statistics: [DefaultContextCache@6b04689e size = 1, maxSize = 32, parentContextCount = 0, hitCount = 259, missCount = 1, failureCount = 0]
[DEBUG] After test method: class [RapidEye360IntegrationTests], method [findAllExpiredProductsTest], class annotated with @DirtiesContext [false] with mode [null], method annotated with @DirtiesContext [false] with mode [null]
[DEBUG] Resetting RequestContextHolder for test class com.example.RapidEYE360.RapidEye360IntegrationTests
]]></system-out>
  </testcase>
  <testcase name="findAllBrandsWithSupplierTest" classname="com.example.RapidEYE360.RapidEye360IntegrationTests" time="0.084">
    <system-out><![CDATA[[DEBUG] Spring test ApplicationContext cache statistics: [DefaultContextCache@6b04689e size = 1, maxSize = 32, parentContextCount = 0, hitCount = 260, missCount = 1, failureCount = 0]
[DEBUG] Setting up MockHttpServletRequest, MockHttpServletResponse, ServletWebRequest, and RequestContextHolder for test class com.example.RapidEYE360.RapidEye360IntegrationTests
[DEBUG] Spring test ApplicationContext cache statistics: [DefaultContextCache@6b04689e size = 1, maxSize = 32, parentContextCount = 0, hitCount = 261, missCount = 1, failureCount = 0]
[DEBUG] Performing dependency injection for test class com.example.RapidEYE360.RapidEye360IntegrationTests
[DEBUG] Spring test ApplicationContext cache statistics: [DefaultContextCache@6b04689e size = 1, maxSize = 32, parentContextCount = 0, hitCount = 262, missCount = 1, failureCount = 0]
[DEBUG] Spring test ApplicationContext cache statistics: [DefaultContextCache@6b04689e size = 1, maxSize = 32, parentContextCount = 0, hitCount = 263, missCount = 1, failureCount = 0]
[DEBUG] Before test method: class [RapidEye360IntegrationTests], method [findAllBrandsWithSupplierTest], class annotated with @DirtiesContext [false] with mode [null], method annotated with @DirtiesContext [false] with mode [null]
[DEBUG] Spring test ApplicationContext cache statistics: [DefaultContextCache@6b04689e size = 1, maxSize = 32, parentContextCount = 0, hitCount = 264, missCount = 1, failureCount = 0]
[DEBUG] Spring test ApplicationContext cache statistics: [DefaultContextCache@6b04689e size = 1, maxSize = 32, parentContextCount = 0, hitCount = 265, missCount = 1, failureCount = 0]
[DEBUG] Spring test ApplicationContext cache statistics: [DefaultContextCache@6b04689e size = 1, maxSize = 32, parentContextCount = 0, hitCount = 266, missCount = 1, failureCount = 0]
[DEBUG] Securing GET /supplier/listAll
[DEBUG] Created query Query: { "userName" : "akmani@uwaterloo.ca"}, Fields: {}, Sort: {}
[DEBUG] find using query: { "Email" : "akmani@uwaterloo.ca"} fields: Document{{}} for class: class com.example.RapidEYE360.models.Clerk in collection: clerklogin
[DEBUG] Checkout started for connection to ac-zihlkns-shard-00-02.hwak4ul.mongodb.net:27017
[DEBUG] Connection checked out: address=ac-zihlkns-shard-00-02.hwak4ul.mongodb.net:27017, driver-generated ID=13, duration=0 ms
[DEBUG] Command "find" started on database "rapideye360" using a connection with driver-generated ID 13 and server-generated ID 120297 to ac-zihlkns-shard-00-02.hwak4ul.mongodb.net:27017. The request ID is 62 and the operation ID is 56. Command: {"find": "clerklogin", "filter": {"Email": "akmani@uwaterloo.ca"}, "limit": 2, "$db": "rapideye360", "$clusterTime": {"clusterTime": {"$timestamp": {"t": 1712296137, "i": 2}}, "signature": {"hash": {"$binary": {"base64": "d59bpyukGxvdYtRp6U4ZozXu1NM=", "subType": "00"}}, "keyId": 7324847645636165637}}, "lsid": {"id": {"$binary": {"base64": "EgsL+nwySzaSqXoUbqmB3g==", "subType": "04"}}}}
[DEBUG] Command "find" succeeded on database "rapideye360" in 73.3049 ms using a connection with driver-generated ID 13 and server-generated ID 120297 to ac-zihlkns-shard-00-02.hwak4ul.mongodb.net:27017. The request ID is 62 and the operation ID is 56. Command reply: {"cursor": {"firstBatch": [{"_id": {"$oid": "65d67bd1578b681dc26063f7"}, "Email": "akmani@uwaterloo.ca", "Password": "$2a$10$UuXtSkpimKczEwxsO/bQFe0bBi9hV2TL1.9Nix3k3FnYp8KrbjQJG", "Role": "Manager", "_class": "com.rapideye360.demo.model.Clerk"}], "id": 0, "ns": "rapideye360.clerklogin"}, "ok": 1.0, "$clusterTime": {"clusterTime": {"$timestamp": {"t": 1712296137, "i": 2}}, "signature": {"hash": {"$binary": {"base64": "d59bpyukGxvdYtRp6U4ZozXu1NM=", "subType": "00"}}, "keyId": 7324847645636165637}}, "operationTime": {"$timestamp": {"t": 1712296137, "i": 2}}}
[DEBUG] Received batch of 1 documents with cursorId 0 from server ac-zihlkns-shard-00-02.hwak4ul.mongodb.net:27017
[DEBUG] Connection checked in: address=ac-zihlkns-shard-00-02.hwak4ul.mongodb.net:27017, driver-generated ID=13
[DEBUG] Secured GET /supplier/listAll
[DEBUG] GET "/supplier/listAll", parameters={}
[DEBUG] Mapped to com.example.RapidEYE360.controllers.SupplierController#findingAllBrands()
[DEBUG] Using 'application/json', given [*/*] and supported [application/json, application/*+json]
[DEBUG] Writing [[Supplier(id=660f90c8d676d6296bab8455, brandName=TestSupplier1, supplierEmail=TestSupplier1@example. (truncated)...]
[DEBUG] Completed 200 OK
[DEBUG] Evaluating path: $.length()
[DEBUG] Evaluating path: $[0]['brandName']
[DEBUG] Evaluating path: $[1]['brandName']
[DEBUG] Evaluating path: $[2]['brandName']
[DEBUG] Evaluating path: $[0]['supplierEmail']
[DEBUG] Evaluating path: $[1]['supplierEmail']
[DEBUG] Evaluating path: $[2]['supplierEmail']
[DEBUG] Evaluating path: $[0]['supplierContact']
[DEBUG] Evaluating path: $[1]['supplierContact']
[DEBUG] Evaluating path: $[2]['supplierContact']
[DEBUG] Spring test ApplicationContext cache statistics: [DefaultContextCache@6b04689e size = 1, maxSize = 32, parentContextCount = 0, hitCount = 267, missCount = 1, failureCount = 0]
[DEBUG] Spring test ApplicationContext cache statistics: [DefaultContextCache@6b04689e size = 1, maxSize = 32, parentContextCount = 0, hitCount = 268, missCount = 1, failureCount = 0]
[DEBUG] Spring test ApplicationContext cache statistics: [DefaultContextCache@6b04689e size = 1, maxSize = 32, parentContextCount = 0, hitCount = 269, missCount = 1, failureCount = 0]
[DEBUG] Spring test ApplicationContext cache statistics: [DefaultContextCache@6b04689e size = 1, maxSize = 32, parentContextCount = 0, hitCount = 270, missCount = 1, failureCount = 0]
[DEBUG] Spring test ApplicationContext cache statistics: [DefaultContextCache@6b04689e size = 1, maxSize = 32, parentContextCount = 0, hitCount = 271, missCount = 1, failureCount = 0]
[DEBUG] Spring test ApplicationContext cache statistics: [DefaultContextCache@6b04689e size = 1, maxSize = 32, parentContextCount = 0, hitCount = 272, missCount = 1, failureCount = 0]
[DEBUG] After test method: class [RapidEye360IntegrationTests], method [findAllBrandsWithSupplierTest], class annotated with @DirtiesContext [false] with mode [null], method annotated with @DirtiesContext [false] with mode [null]
[DEBUG] Resetting RequestContextHolder for test class com.example.RapidEYE360.RapidEye360IntegrationTests
]]></system-out>
  </testcase>
</testsuite>